0 1 /Applications/Utilities/libDAI-0.3.1/Recodata/Movie4NodeBN1/u1base200.tab /Applications/Utilities/libDAI-0.3.1/Recodata/Movie4NodeBN2_EM/0/1/learned/0/Movie4NodeBN2_0.fg 0 5 -88690.4 
0 1 /Applications/Utilities/libDAI-0.3.1/Recodata/Movie4NodeBN1/u1base200.tab /Applications/Utilities/libDAI-0.3.1/Recodata/Movie4NodeBN2_EM/0/1/learned/0/Movie4NodeBN2_2.fg 2 5 -88613.2 
0 1 /Applications/Utilities/libDAI-0.3.1/Recodata/Movie4NodeBN1/u1base200.tab /Applications/Utilities/libDAI-0.3.1/Recodata/Movie4NodeBN2_EM/0/1/learned/0/Movie4NodeBN2_3.fg 3 5 -88403.5 
0 1 /Applications/Utilities/libDAI-0.3.1/Recodata/Movie4NodeBN1/u1base200.tab /Applications/Utilities/libDAI-0.3.1/Recodata/Movie4NodeBN2_EM/0/1/learned/0/Movie4NodeBN2_1.fg 1 6 -88649.5 
0 1 /Applications/Utilities/libDAI-0.3.1/Recodata/Movie4NodeBN1/u1base200.tab /Applications/Utilities/libDAI-0.3.1/Recodata/Movie4NodeBN2_EM/0/1/learned/1/Movie4NodeBN2_0.fg 0 3 -88952.9 
0 1 /Applications/Utilities/libDAI-0.3.1/Recodata/Movie4NodeBN1/u1base200.tab /Applications/Utilities/libDAI-0.3.1/Recodata/Movie4NodeBN2_EM/0/1/learned/1/Movie4NodeBN2_2.fg 2 3 -88714.4 
0 1 /Applications/Utilities/libDAI-0.3.1/Recodata/Movie4NodeBN1/u1base200.tab /Applications/Utilities/libDAI-0.3.1/Recodata/Movie4NodeBN2_EM/0/1/learned/1/Movie4NodeBN2_3.fg 3 3 -88941.1 
0 1 /Applications/Utilities/libDAI-0.3.1/Recodata/Movie4NodeBN1/u1base200.tab /Applications/Utilities/libDAI-0.3.1/Recodata/Movie4NodeBN2_EM/0/1/learned/1/Movie4NodeBN2_1.fg 1 3 -88846.2 
0 1 /Applications/Utilities/libDAI-0.3.1/Recodata/Movie4NodeBN1/u1base200.tab /Applications/Utilities/libDAI-0.3.1/Recodata/Movie4NodeBN2_EM/0/1/learned/2/Movie4NodeBN2_0.fg 0 3 -88714.4 
0 1 /Applications/Utilities/libDAI-0.3.1/Recodata/Movie4NodeBN1/u1base200.tab /Applications/Utilities/libDAI-0.3.1/Recodata/Movie4NodeBN2_EM/0/1/learned/2/Movie4NodeBN2_2.fg 2 3 -88952.9 
0 1 /Applications/Utilities/libDAI-0.3.1/Recodata/Movie4NodeBN1/u1base200.tab /Applications/Utilities/libDAI-0.3.1/Recodata/Movie4NodeBN2_EM/0/1/learned/2/Movie4NodeBN2_1.fg 1 4 -88953 
0 1 /Applications/Utilities/libDAI-0.3.1/Recodata/Movie4NodeBN1/u1base200.tab /Applications/Utilities/libDAI-0.3.1/Recodata/Movie4NodeBN2_EM/0/1/learned/2/Movie4NodeBN2_3.fg 3 4 -88874.6 
0 1 /Applications/Utilities/libDAI-0.3.1/Recodata/Movie4NodeBN1/u1base200.tab /Applications/Utilities/libDAI-0.3.1/Recodata/Movie4NodeBN2_EM/0/1/learned/3/Movie4NodeBN2_2.fg 2 3 -88959 
0 1 /Applications/Utilities/libDAI-0.3.1/Recodata/Movie4NodeBN1/u1base200.tab /Applications/Utilities/libDAI-0.3.1/Recodata/Movie4NodeBN2_EM/0/1/learned/3/Movie4NodeBN2_1.fg 1 4 -88455.7 
0 1 /Applications/Utilities/libDAI-0.3.1/Recodata/Movie4NodeBN1/u1base200.tab /Applications/Utilities/libDAI-0.3.1/Recodata/Movie4NodeBN2_EM/0/1/learned/3/Movie4NodeBN2_3.fg 3 3 -88972 
0 1 /Applications/Utilities/libDAI-0.3.1/Recodata/Movie4NodeBN1/u1base200.tab /Applications/Utilities/libDAI-0.3.1/Recodata/Movie4NodeBN2_EM/0/1/learned/3/Movie4NodeBN2_0.fg 0 4 -88646.1 
0 1 /Applications/Utilities/libDAI-0.3.1/Recodata/Movie4NodeBN1/u1base200.tab /Applications/Utilities/libDAI-0.3.1/Recodata/Movie4NodeBN2_EM/0/1/learned/4/Movie4NodeBN2_1.fg 1 3 -88714.4 
0 1 /Applications/Utilities/libDAI-0.3.1/Recodata/Movie4NodeBN1/u1base200.tab /Applications/Utilities/libDAI-0.3.1/Recodata/Movie4NodeBN2_EM/0/1/learned/4/Movie4NodeBN2_2.fg 2 3 -88952.9 
0 1 /Applications/Utilities/libDAI-0.3.1/Recodata/Movie4NodeBN1/u1base200.tab /Applications/Utilities/libDAI-0.3.1/Recodata/Movie4NodeBN2_EM/0/1/learned/4/Movie4NodeBN2_3.fg 3 5 -88945.9 
0 1 /Applications/Utilities/libDAI-0.3.1/Recodata/Movie4NodeBN1/u1base200.tab /Applications/Utilities/libDAI-0.3.1/Recodata/Movie4NodeBN2_EM/0/1/learned/4/Movie4NodeBN2_0.fg 0 6 -88952.9 
0 1 /Applications/Utilities/libDAI-0.3.1/Recodata/Movie4NodeBN1/u1base200.tab /Applications/Utilities/libDAI-0.3.1/Recodata/Movie4NodeBN2_EM/0/1/learned/5/Movie4NodeBN2_0.fg 0 3 -88915.2 
0 1 /Applications/Utilities/libDAI-0.3.1/Recodata/Movie4NodeBN1/u1base200.tab /Applications/Utilities/libDAI-0.3.1/Recodata/Movie4NodeBN2_EM/0/1/learned/5/Movie4NodeBN2_2.fg 2 3 -88990.4 
0 1 /Applications/Utilities/libDAI-0.3.1/Recodata/Movie4NodeBN1/u1base200.tab /Applications/Utilities/libDAI-0.3.1/Recodata/Movie4NodeBN2_EM/0/1/learned/5/Movie4NodeBN2_3.fg 3 3 -88952.6 
0 1 /Applications/Utilities/libDAI-0.3.1/Recodata/Movie4NodeBN1/u1base200.tab /Applications/Utilities/libDAI-0.3.1/Recodata/Movie4NodeBN2_EM/0/1/learned/5/Movie4NodeBN2_1.fg 1 5 -88952.9 
0 1 /Applications/Utilities/libDAI-0.3.1/Recodata/Movie4NodeBN1/u1base200.tab /Applications/Utilities/libDAI-0.3.1/Recodata/Movie4NodeBN2_EM/0/1/learned/6/Movie4NodeBN2_0.fg 0 4 -88952.2 
0 1 /Applications/Utilities/libDAI-0.3.1/Recodata/Movie4NodeBN1/u1base200.tab /Applications/Utilities/libDAI-0.3.1/Recodata/Movie4NodeBN2_EM/0/1/learned/6/Movie4NodeBN2_3.fg 3 4 -88874.6 
0 1 /Applications/Utilities/libDAI-0.3.1/Recodata/Movie4NodeBN1/u1base200.tab /Applications/Utilities/libDAI-0.3.1/Recodata/Movie4NodeBN2_EM/0/1/learned/6/Movie4NodeBN2_1.fg 1 6 -88952.9 
0 1 /Applications/Utilities/libDAI-0.3.1/Recodata/Movie4NodeBN1/u1base200.tab /Applications/Utilities/libDAI-0.3.1/Recodata/Movie4NodeBN2_EM/0/1/learned/6/Movie4NodeBN2_2.fg 2 7 -88500.9 
0 1 /Applications/Utilities/libDAI-0.3.1/Recodata/Movie4NodeBN1/u1base200.tab /Applications/Utilities/libDAI-0.3.1/Recodata/Movie4NodeBN2_EM/0/1/learned/7/Movie4NodeBN2_0.fg 0 3 -88952.9 
0 1 /Applications/Utilities/libDAI-0.3.1/Recodata/Movie4NodeBN1/u1base200.tab /Applications/Utilities/libDAI-0.3.1/Recodata/Movie4NodeBN2_EM/0/1/learned/7/Movie4NodeBN2_2.fg 2 3 -88952.9 
0 1 /Applications/Utilities/libDAI-0.3.1/Recodata/Movie4NodeBN1/u1base200.tab /Applications/Utilities/libDAI-0.3.1/Recodata/Movie4NodeBN2_EM/0/1/learned/7/Movie4NodeBN2_1.fg 1 4 -88952.2 
0 1 /Applications/Utilities/libDAI-0.3.1/Recodata/Movie4NodeBN1/u1base200.tab /Applications/Utilities/libDAI-0.3.1/Recodata/Movie4NodeBN2_EM/0/1/learned/7/Movie4NodeBN2_3.fg 3 4 -88887.6 
0 1 /Applications/Utilities/libDAI-0.3.1/Recodata/Movie4NodeBN1/u1base200.tab /Applications/Utilities/libDAI-0.3.1/Recodata/Movie4NodeBN2_EM/0/1/learned/8/Movie4NodeBN2_0.fg 0 3 -88952.9 
0 1 /Applications/Utilities/libDAI-0.3.1/Recodata/Movie4NodeBN1/u1base200.tab /Applications/Utilities/libDAI-0.3.1/Recodata/Movie4NodeBN2_EM/0/1/learned/8/Movie4NodeBN2_3.fg 3 3 -88950.2 
0 1 /Applications/Utilities/libDAI-0.3.1/Recodata/Movie4NodeBN1/u1base200.tab /Applications/Utilities/libDAI-0.3.1/Recodata/Movie4NodeBN2_EM/0/1/learned/8/Movie4NodeBN2_1.fg 1 4 -88952.2 
0 1 /Applications/Utilities/libDAI-0.3.1/Recodata/Movie4NodeBN1/u1base200.tab /Applications/Utilities/libDAI-0.3.1/Recodata/Movie4NodeBN2_EM/0/1/learned/8/Movie4NodeBN2_2.fg 2 5 -88952.9 
0 1 /Applications/Utilities/libDAI-0.3.1/Recodata/Movie4NodeBN1/u1base200.tab /Applications/Utilities/libDAI-0.3.1/Recodata/Movie4NodeBN2_EM/0/1/learned/9/Movie4NodeBN2_1.fg 1 3 -88952.9 
0 1 /Applications/Utilities/libDAI-0.3.1/Recodata/Movie4NodeBN1/u1base200.tab /Applications/Utilities/libDAI-0.3.1/Recodata/Movie4NodeBN2_EM/0/1/learned/9/Movie4NodeBN2_2.fg 2 3 -88952.9 
0 1 /Applications/Utilities/libDAI-0.3.1/Recodata/Movie4NodeBN1/u1base200.tab /Applications/Utilities/libDAI-0.3.1/Recodata/Movie4NodeBN2_EM/0/1/learned/9/Movie4NodeBN2_0.fg 0 4 -88952.2 
0 1 /Applications/Utilities/libDAI-0.3.1/Recodata/Movie4NodeBN1/u1base200.tab /Applications/Utilities/libDAI-0.3.1/Recodata/Movie4NodeBN2_EM/0/1/learned/9/Movie4NodeBN2_3.fg 3 4 -88874.6 
Time taken: 786s
 Processor Time taken: 2482s
