0 5 -88690.4 
2 5 -88613.2 
3 5 -88403.5 
1 6 -88649.5 
5 5 -88559.2 
4 6 -88837.6 
7 6 -89041.9 
6 7 -88560.3 
9 5 -88503 
10 5 -88768.8 
11 5 -88841.2 
8 6 -88225.2 
12 5 -88767.3 
14 5 -88728.2 
13 5 -88723.9 
15 6 -88687.8 
16 5 -88780.7 
18 5 -88868.9 
19 5 -88786.3 
17 6 -88427 
21 5 -88901.7 
20 6 -88925 
23 6 -88791.6 
22 8 -88868.5 
24 5 -88100 
27 5 -88438.4 
26 6 -88686.2 
25 7 -88354.2 
28 5 -88172.6 
31 5 -88496 
30 6 -88892.4 
29 6 -88504.5 
32 4 -88701.1 
33 5 -88869.5 
34 6 -88521.5 
35 6 -88794.1 
36 5 -88829.8 
37 6 -88577.1 
38 7 -88857.3 
39 7 -88620.3 
Time taken: 1066s
 Processor Time taken: 3583s
