0 0.5 /Applications/Utilities/libDAI-0.3.1/Recodata/Movie4NodeBN1/u1base200.tab /Applications/Utilities/libDAI-0.3.1/Recodata/Movie4NodeBN2_EM1/0/0.5/learned/0/Movie4NodeBN2_0.fg 0 5 -88901.7 
0 0.5 /Applications/Utilities/libDAI-0.3.1/Recodata/Movie4NodeBN1/u1base200.tab /Applications/Utilities/libDAI-0.3.1/Recodata/Movie4NodeBN2_EM1/0/0.5/learned/0/Movie4NodeBN2_3.fg 3 5 -88100 
0 0.5 /Applications/Utilities/libDAI-0.3.1/Recodata/Movie4NodeBN1/u1base200.tab /Applications/Utilities/libDAI-0.3.1/Recodata/Movie4NodeBN2_EM1/0/0.5/learned/0/Movie4NodeBN2_2.fg 2 6 -88791.6 
0 0.5 /Applications/Utilities/libDAI-0.3.1/Recodata/Movie4NodeBN1/u1base200.tab /Applications/Utilities/libDAI-0.3.1/Recodata/Movie4NodeBN2_EM1/0/0.5/learned/0/Movie4NodeBN2_1.fg 1 8 -88868.5 
0 0.5 /Applications/Utilities/libDAI-0.3.1/Recodata/Movie4NodeBN1/u1base200.tab /Applications/Utilities/libDAI-0.3.1/Recodata/Movie4NodeBN2_EM1/0/0.5/learned/1/Movie4NodeBN2_1.fg 1 3 -88938.3 
0 0.5 /Applications/Utilities/libDAI-0.3.1/Recodata/Movie4NodeBN1/u1base200.tab /Applications/Utilities/libDAI-0.3.1/Recodata/Movie4NodeBN2_EM1/0/0.5/learned/1/Movie4NodeBN2_3.fg 3 3 -88274.2 
0 0.5 /Applications/Utilities/libDAI-0.3.1/Recodata/Movie4NodeBN1/u1base200.tab /Applications/Utilities/libDAI-0.3.1/Recodata/Movie4NodeBN2_EM1/0/0.5/learned/1/Movie4NodeBN2_0.fg 0 4 -89000.6 
0 0.5 /Applications/Utilities/libDAI-0.3.1/Recodata/Movie4NodeBN1/u1base200.tab /Applications/Utilities/libDAI-0.3.1/Recodata/Movie4NodeBN2_EM1/0/0.5/learned/1/Movie4NodeBN2_2.fg 2 7 -88952.6 
0 0.5 /Applications/Utilities/libDAI-0.3.1/Recodata/Movie4NodeBN1/u1base200.tab /Applications/Utilities/libDAI-0.3.1/Recodata/Movie4NodeBN2_EM1/0/0.5/learned/2/Movie4NodeBN2_3.fg 3 3 -88366.2 
0 0.5 /Applications/Utilities/libDAI-0.3.1/Recodata/Movie4NodeBN1/u1base200.tab /Applications/Utilities/libDAI-0.3.1/Recodata/Movie4NodeBN2_EM1/0/0.5/learned/2/Movie4NodeBN2_2.fg 2 4 -88994.5 
0 0.5 /Applications/Utilities/libDAI-0.3.1/Recodata/Movie4NodeBN1/u1base200.tab /Applications/Utilities/libDAI-0.3.1/Recodata/Movie4NodeBN2_EM1/0/0.5/learned/2/Movie4NodeBN2_0.fg 0 6 -88952.9 
0 0.5 /Applications/Utilities/libDAI-0.3.1/Recodata/Movie4NodeBN1/u1base200.tab /Applications/Utilities/libDAI-0.3.1/Recodata/Movie4NodeBN2_EM1/0/0.5/learned/2/Movie4NodeBN2_1.fg 1 12 -88655.4 
0 0.5 /Applications/Utilities/libDAI-0.3.1/Recodata/Movie4NodeBN1/u1base200.tab /Applications/Utilities/libDAI-0.3.1/Recodata/Movie4NodeBN2_EM1/0/0.5/learned/3/Movie4NodeBN2_3.fg 3 4 -88791 
0 0.5 /Applications/Utilities/libDAI-0.3.1/Recodata/Movie4NodeBN1/u1base200.tab /Applications/Utilities/libDAI-0.3.1/Recodata/Movie4NodeBN2_EM1/0/0.5/learned/3/Movie4NodeBN2_0.fg 0 6 -88952.3 
0 0.5 /Applications/Utilities/libDAI-0.3.1/Recodata/Movie4NodeBN1/u1base200.tab /Applications/Utilities/libDAI-0.3.1/Recodata/Movie4NodeBN2_EM1/0/0.5/learned/3/Movie4NodeBN2_2.fg 2 6 -88950 
0 0.5 /Applications/Utilities/libDAI-0.3.1/Recodata/Movie4NodeBN1/u1base200.tab /Applications/Utilities/libDAI-0.3.1/Recodata/Movie4NodeBN2_EM1/0/0.5/learned/3/Movie4NodeBN2_1.fg 1 7 -88952 
0 0.5 /Applications/Utilities/libDAI-0.3.1/Recodata/Movie4NodeBN1/u1base200.tab /Applications/Utilities/libDAI-0.3.1/Recodata/Movie4NodeBN2_EM1/0/0.5/learned/4/Movie4NodeBN2_0.fg 0 4 -88963 
0 0.5 /Applications/Utilities/libDAI-0.3.1/Recodata/Movie4NodeBN1/u1base200.tab /Applications/Utilities/libDAI-0.3.1/Recodata/Movie4NodeBN2_EM1/0/0.5/learned/4/Movie4NodeBN2_3.fg 3 4 -88019.9 
0 0.5 /Applications/Utilities/libDAI-0.3.1/Recodata/Movie4NodeBN1/u1base200.tab /Applications/Utilities/libDAI-0.3.1/Recodata/Movie4NodeBN2_EM1/0/0.5/learned/4/Movie4NodeBN2_1.fg 1 5 -88946.1 
0 0.5 /Applications/Utilities/libDAI-0.3.1/Recodata/Movie4NodeBN1/u1base200.tab /Applications/Utilities/libDAI-0.3.1/Recodata/Movie4NodeBN2_EM1/0/0.5/learned/4/Movie4NodeBN2_2.fg 2 7 -88953 
0 0.5 /Applications/Utilities/libDAI-0.3.1/Recodata/Movie4NodeBN1/u1base200.tab /Applications/Utilities/libDAI-0.3.1/Recodata/Movie4NodeBN2_EM1/0/0.5/learned/5/Movie4NodeBN2_1.fg 1 4 -88905.9 
0 0.5 /Applications/Utilities/libDAI-0.3.1/Recodata/Movie4NodeBN1/u1base200.tab /Applications/Utilities/libDAI-0.3.1/Recodata/Movie4NodeBN2_EM1/0/0.5/learned/5/Movie4NodeBN2_3.fg 3 5 -88968.7 
0 0.5 /Applications/Utilities/libDAI-0.3.1/Recodata/Movie4NodeBN1/u1base200.tab /Applications/Utilities/libDAI-0.3.1/Recodata/Movie4NodeBN2_EM1/0/0.5/learned/5/Movie4NodeBN2_0.fg 0 6 -88951.8 
0 0.5 /Applications/Utilities/libDAI-0.3.1/Recodata/Movie4NodeBN1/u1base200.tab /Applications/Utilities/libDAI-0.3.1/Recodata/Movie4NodeBN2_EM1/0/0.5/learned/5/Movie4NodeBN2_2.fg 2 7 -88952.8 
0 0.5 /Applications/Utilities/libDAI-0.3.1/Recodata/Movie4NodeBN1/u1base200.tab /Applications/Utilities/libDAI-0.3.1/Recodata/Movie4NodeBN2_EM1/0/0.5/learned/6/Movie4NodeBN2_0.fg 0 3 -88986.6 
0 0.5 /Applications/Utilities/libDAI-0.3.1/Recodata/Movie4NodeBN1/u1base200.tab /Applications/Utilities/libDAI-0.3.1/Recodata/Movie4NodeBN2_EM1/0/0.5/learned/6/Movie4NodeBN2_3.fg 3 3 -88860.9 
0 0.5 /Applications/Utilities/libDAI-0.3.1/Recodata/Movie4NodeBN1/u1base200.tab /Applications/Utilities/libDAI-0.3.1/Recodata/Movie4NodeBN2_EM1/0/0.5/learned/6/Movie4NodeBN2_1.fg 1 7 -88952.9 
0 0.5 /Applications/Utilities/libDAI-0.3.1/Recodata/Movie4NodeBN1/u1base200.tab /Applications/Utilities/libDAI-0.3.1/Recodata/Movie4NodeBN2_EM1/0/0.5/learned/6/Movie4NodeBN2_2.fg 2 8 -88952.2 
0 0.5 /Applications/Utilities/libDAI-0.3.1/Recodata/Movie4NodeBN1/u1base200.tab /Applications/Utilities/libDAI-0.3.1/Recodata/Movie4NodeBN2_EM1/0/0.5/learned/7/Movie4NodeBN2_1.fg 1 3 -88899.6 
0 0.5 /Applications/Utilities/libDAI-0.3.1/Recodata/Movie4NodeBN1/u1base200.tab /Applications/Utilities/libDAI-0.3.1/Recodata/Movie4NodeBN2_EM1/0/0.5/learned/7/Movie4NodeBN2_0.fg 0 4 -88990.7 
0 0.5 /Applications/Utilities/libDAI-0.3.1/Recodata/Movie4NodeBN1/u1base200.tab /Applications/Utilities/libDAI-0.3.1/Recodata/Movie4NodeBN2_EM1/0/0.5/learned/7/Movie4NodeBN2_2.fg 2 4 -88939.2 
0 0.5 /Applications/Utilities/libDAI-0.3.1/Recodata/Movie4NodeBN1/u1base200.tab /Applications/Utilities/libDAI-0.3.1/Recodata/Movie4NodeBN2_EM1/0/0.5/learned/7/Movie4NodeBN2_3.fg 3 5 -88952.7 
0 0.5 /Applications/Utilities/libDAI-0.3.1/Recodata/Movie4NodeBN1/u1base200.tab /Applications/Utilities/libDAI-0.3.1/Recodata/Movie4NodeBN2_EM1/0/0.5/learned/8/Movie4NodeBN2_1.fg 1 3 -88755.3 
0 0.5 /Applications/Utilities/libDAI-0.3.1/Recodata/Movie4NodeBN1/u1base200.tab /Applications/Utilities/libDAI-0.3.1/Recodata/Movie4NodeBN2_EM1/0/0.5/learned/8/Movie4NodeBN2_2.fg 2 3 -88816.2 
0 0.5 /Applications/Utilities/libDAI-0.3.1/Recodata/Movie4NodeBN1/u1base200.tab /Applications/Utilities/libDAI-0.3.1/Recodata/Movie4NodeBN2_EM1/0/0.5/learned/8/Movie4NodeBN2_0.fg 0 5 -88972.6 
0 0.5 /Applications/Utilities/libDAI-0.3.1/Recodata/Movie4NodeBN1/u1base200.tab /Applications/Utilities/libDAI-0.3.1/Recodata/Movie4NodeBN2_EM1/0/0.5/learned/8/Movie4NodeBN2_3.fg 3 5 -88951.6 
0 0.5 /Applications/Utilities/libDAI-0.3.1/Recodata/Movie4NodeBN1/u1base200.tab /Applications/Utilities/libDAI-0.3.1/Recodata/Movie4NodeBN2_EM1/0/0.5/learned/9/Movie4NodeBN2_1.fg 1 4 -88949.4 
0 0.5 /Applications/Utilities/libDAI-0.3.1/Recodata/Movie4NodeBN1/u1base200.tab /Applications/Utilities/libDAI-0.3.1/Recodata/Movie4NodeBN2_EM1/0/0.5/learned/9/Movie4NodeBN2_2.fg 2 5 -88952.4 
0 0.5 /Applications/Utilities/libDAI-0.3.1/Recodata/Movie4NodeBN1/u1base200.tab /Applications/Utilities/libDAI-0.3.1/Recodata/Movie4NodeBN2_EM1/0/0.5/learned/9/Movie4NodeBN2_0.fg 0 8 -88770.9 
0 0.5 /Applications/Utilities/libDAI-0.3.1/Recodata/Movie4NodeBN1/u1base200.tab /Applications/Utilities/libDAI-0.3.1/Recodata/Movie4NodeBN2_EM1/0/0.5/learned/9/Movie4NodeBN2_3.fg 3 20 -87885.6 
Time taken: 1249s
 Processor Time taken: 3337s
