1  1  -88868.5 8
1  3  -88100 5
1  0  -88901.7 5
1  2  -88791.6 6
2  0  -88901.7 5
2  1  -88655.4 12
2  2  -88791.6 6
2  3  -88100 5
3  2  -88791.6 6
3  3  -88100 5
3  0  -88901.7 5
3  1  -88655.4 12
4  1  -88655.4 12
4  3  -88019.9 4
4  2  -88791.6 6
4  0  -88901.7 5
5  1  -88655.4 12
5  2  -88791.6 6
5  3  -88019.9 4
5  0  -88901.7 5
6  2  -88791.6 6
6  0  -88901.7 5
6  3  -88019.9 4
6  1  -88655.4 12
7  3  -88019.9 4
7  2  -88791.6 6
7  0  -88901.7 5
7  1  -88655.4 12
8  0  -88901.7 5
8  1  -88655.4 12
8  3  -88019.9 4
8  2  -88791.6 6
9  2  -88791.6 6
9  0  -88770.9 8
9  1  -88655.4 12
9  3  -87885.6 20
