0 1 /Applications/Utilities/libDAI-0.3.1/Recodata/Movie5NodeBN1/u1base200.tab /Applications/Utilities/libDAI-0.3.1/Recodata/Movie5NodeBN1_EM/0/1/learned/0/Movie4NodeBN1_0.fg 0 3 -89135.7 
0 1 /Applications/Utilities/libDAI-0.3.1/Recodata/Movie5NodeBN1/u1base200.tab /Applications/Utilities/libDAI-0.3.1/Recodata/Movie5NodeBN1_EM/0/1/learned/0/Movie4NodeBN1_2.fg 2 3 -89150.8 
0 1 /Applications/Utilities/libDAI-0.3.1/Recodata/Movie5NodeBN1/u1base200.tab /Applications/Utilities/libDAI-0.3.1/Recodata/Movie5NodeBN1_EM/0/1/learned/0/Movie4NodeBN1_3.fg 3 3 -89135.2 
0 1 /Applications/Utilities/libDAI-0.3.1/Recodata/Movie5NodeBN1/u1base200.tab /Applications/Utilities/libDAI-0.3.1/Recodata/Movie5NodeBN1_EM/0/1/learned/0/Movie4NodeBN1_1.fg 1 3 -89162.2 
0 1 /Applications/Utilities/libDAI-0.3.1/Recodata/Movie5NodeBN1/u1base200.tab /Applications/Utilities/libDAI-0.3.1/Recodata/Movie5NodeBN1_EM/0/1/learned/1/Movie4NodeBN1_2.fg 2 5 -88903.8 
0 1 /Applications/Utilities/libDAI-0.3.1/Recodata/Movie5NodeBN1/u1base200.tab /Applications/Utilities/libDAI-0.3.1/Recodata/Movie5NodeBN1_EM/0/1/learned/1/Movie4NodeBN1_1.fg 1 6 -89064.5 
0 1 /Applications/Utilities/libDAI-0.3.1/Recodata/Movie5NodeBN1/u1base200.tab /Applications/Utilities/libDAI-0.3.1/Recodata/Movie5NodeBN1_EM/0/1/learned/1/Movie4NodeBN1_3.fg 3 5 -89123.7 
0 1 /Applications/Utilities/libDAI-0.3.1/Recodata/Movie5NodeBN1/u1base200.tab /Applications/Utilities/libDAI-0.3.1/Recodata/Movie5NodeBN1_EM/0/1/learned/1/Movie4NodeBN1_0.fg 0 7 -88968.3 
0 1 /Applications/Utilities/libDAI-0.3.1/Recodata/Movie5NodeBN1/u1base200.tab /Applications/Utilities/libDAI-0.3.1/Recodata/Movie5NodeBN1_EM/0/1/learned/2/Movie4NodeBN1_1.fg 1 3 -89032.4 
0 1 /Applications/Utilities/libDAI-0.3.1/Recodata/Movie5NodeBN1/u1base200.tab /Applications/Utilities/libDAI-0.3.1/Recodata/Movie5NodeBN1_EM/0/1/learned/2/Movie4NodeBN1_3.fg 3 3 -88961.7 
0 1 /Applications/Utilities/libDAI-0.3.1/Recodata/Movie5NodeBN1/u1base200.tab /Applications/Utilities/libDAI-0.3.1/Recodata/Movie5NodeBN1_EM/0/1/learned/2/Movie4NodeBN1_0.fg 0 5 -89038 
0 1 /Applications/Utilities/libDAI-0.3.1/Recodata/Movie5NodeBN1/u1base200.tab /Applications/Utilities/libDAI-0.3.1/Recodata/Movie5NodeBN1_EM/0/1/learned/2/Movie4NodeBN1_2.fg 2 6 -89122.5 
0 1 /Applications/Utilities/libDAI-0.3.1/Recodata/Movie5NodeBN1/u1base200.tab /Applications/Utilities/libDAI-0.3.1/Recodata/Movie5NodeBN1_EM/0/1/learned/3/Movie4NodeBN1_0.fg 0 3 -89032.5 
0 1 /Applications/Utilities/libDAI-0.3.1/Recodata/Movie5NodeBN1/u1base200.tab /Applications/Utilities/libDAI-0.3.1/Recodata/Movie5NodeBN1_EM/0/1/learned/3/Movie4NodeBN1_2.fg 2 3 -89037.3 
0 1 /Applications/Utilities/libDAI-0.3.1/Recodata/Movie5NodeBN1/u1base200.tab /Applications/Utilities/libDAI-0.3.1/Recodata/Movie5NodeBN1_EM/0/1/learned/3/Movie4NodeBN1_3.fg 3 3 -88889.1 
0 1 /Applications/Utilities/libDAI-0.3.1/Recodata/Movie5NodeBN1/u1base200.tab /Applications/Utilities/libDAI-0.3.1/Recodata/Movie5NodeBN1_EM/0/1/learned/3/Movie4NodeBN1_1.fg 1 3 -88965.7 
0 1 /Applications/Utilities/libDAI-0.3.1/Recodata/Movie5NodeBN1/u1base200.tab /Applications/Utilities/libDAI-0.3.1/Recodata/Movie5NodeBN1_EM/0/1/learned/4/Movie4NodeBN1_0.fg 0 3 -89037.2 
0 1 /Applications/Utilities/libDAI-0.3.1/Recodata/Movie5NodeBN1/u1base200.tab /Applications/Utilities/libDAI-0.3.1/Recodata/Movie5NodeBN1_EM/0/1/learned/4/Movie4NodeBN1_2.fg 2 3 -89032.4 
0 1 /Applications/Utilities/libDAI-0.3.1/Recodata/Movie5NodeBN1/u1base200.tab /Applications/Utilities/libDAI-0.3.1/Recodata/Movie5NodeBN1_EM/0/1/learned/4/Movie4NodeBN1_3.fg 3 4 -89049.6 
0 1 /Applications/Utilities/libDAI-0.3.1/Recodata/Movie5NodeBN1/u1base200.tab /Applications/Utilities/libDAI-0.3.1/Recodata/Movie5NodeBN1_EM/0/1/learned/4/Movie4NodeBN1_1.fg 1 6 -89031.7 
0 1 /Applications/Utilities/libDAI-0.3.1/Recodata/Movie5NodeBN1/u1base200.tab /Applications/Utilities/libDAI-0.3.1/Recodata/Movie5NodeBN1_EM/0/1/learned/5/Movie4NodeBN1_0.fg 0 3 -89016.6 
0 1 /Applications/Utilities/libDAI-0.3.1/Recodata/Movie5NodeBN1/u1base200.tab /Applications/Utilities/libDAI-0.3.1/Recodata/Movie5NodeBN1_EM/0/1/learned/5/Movie4NodeBN1_2.fg 2 3 -89026 
0 1 /Applications/Utilities/libDAI-0.3.1/Recodata/Movie5NodeBN1/u1base200.tab /Applications/Utilities/libDAI-0.3.1/Recodata/Movie5NodeBN1_EM/0/1/learned/5/Movie4NodeBN1_3.fg 3 3 -89034.8 
0 1 /Applications/Utilities/libDAI-0.3.1/Recodata/Movie5NodeBN1/u1base200.tab /Applications/Utilities/libDAI-0.3.1/Recodata/Movie5NodeBN1_EM/0/1/learned/5/Movie4NodeBN1_1.fg 1 3 -89034.7 
0 1 /Applications/Utilities/libDAI-0.3.1/Recodata/Movie5NodeBN1/u1base200.tab /Applications/Utilities/libDAI-0.3.1/Recodata/Movie5NodeBN1_EM/0/1/learned/6/Movie4NodeBN1_0.fg 0 3 -89032.5 
0 1 /Applications/Utilities/libDAI-0.3.1/Recodata/Movie5NodeBN1/u1base200.tab /Applications/Utilities/libDAI-0.3.1/Recodata/Movie5NodeBN1_EM/0/1/learned/6/Movie4NodeBN1_2.fg 2 3 -89037.3 
0 1 /Applications/Utilities/libDAI-0.3.1/Recodata/Movie5NodeBN1/u1base200.tab /Applications/Utilities/libDAI-0.3.1/Recodata/Movie5NodeBN1_EM/0/1/learned/6/Movie4NodeBN1_3.fg 3 3 -88998.8 
0 1 /Applications/Utilities/libDAI-0.3.1/Recodata/Movie5NodeBN1/u1base200.tab /Applications/Utilities/libDAI-0.3.1/Recodata/Movie5NodeBN1_EM/0/1/learned/6/Movie4NodeBN1_1.fg 1 7 -89067.8 
0 1 /Applications/Utilities/libDAI-0.3.1/Recodata/Movie5NodeBN1/u1base200.tab /Applications/Utilities/libDAI-0.3.1/Recodata/Movie5NodeBN1_EM/0/1/learned/7/Movie4NodeBN1_1.fg 1 3 -89103.6 
0 1 /Applications/Utilities/libDAI-0.3.1/Recodata/Movie5NodeBN1/u1base200.tab /Applications/Utilities/libDAI-0.3.1/Recodata/Movie5NodeBN1_EM/0/1/learned/7/Movie4NodeBN1_3.fg 3 3 -89065.8 
0 1 /Applications/Utilities/libDAI-0.3.1/Recodata/Movie5NodeBN1/u1base200.tab /Applications/Utilities/libDAI-0.3.1/Recodata/Movie5NodeBN1_EM/0/1/learned/7/Movie4NodeBN1_0.fg 0 4 -89104.5 
0 1 /Applications/Utilities/libDAI-0.3.1/Recodata/Movie5NodeBN1/u1base200.tab /Applications/Utilities/libDAI-0.3.1/Recodata/Movie5NodeBN1_EM/0/1/learned/7/Movie4NodeBN1_2.fg 2 5 -89077.7 
0 1 /Applications/Utilities/libDAI-0.3.1/Recodata/Movie5NodeBN1/u1base200.tab /Applications/Utilities/libDAI-0.3.1/Recodata/Movie5NodeBN1_EM/0/1/learned/8/Movie4NodeBN1_1.fg 1 3 -89103.6 
0 1 /Applications/Utilities/libDAI-0.3.1/Recodata/Movie5NodeBN1/u1base200.tab /Applications/Utilities/libDAI-0.3.1/Recodata/Movie5NodeBN1_EM/0/1/learned/8/Movie4NodeBN1_2.fg 2 3 -88998.8 
0 1 /Applications/Utilities/libDAI-0.3.1/Recodata/Movie5NodeBN1/u1base200.tab /Applications/Utilities/libDAI-0.3.1/Recodata/Movie5NodeBN1_EM/0/1/learned/8/Movie4NodeBN1_3.fg 3 3 -89037.2 
0 1 /Applications/Utilities/libDAI-0.3.1/Recodata/Movie5NodeBN1/u1base200.tab /Applications/Utilities/libDAI-0.3.1/Recodata/Movie5NodeBN1_EM/0/1/learned/8/Movie4NodeBN1_0.fg 0 4 -89104.5 
0 1 /Applications/Utilities/libDAI-0.3.1/Recodata/Movie5NodeBN1/u1base200.tab /Applications/Utilities/libDAI-0.3.1/Recodata/Movie5NodeBN1_EM/0/1/learned/9/Movie4NodeBN1_0.fg 0 3 -89016.6 
0 1 /Applications/Utilities/libDAI-0.3.1/Recodata/Movie5NodeBN1/u1base200.tab /Applications/Utilities/libDAI-0.3.1/Recodata/Movie5NodeBN1_EM/0/1/learned/9/Movie4NodeBN1_3.fg 3 3 -89034.8 
0 1 /Applications/Utilities/libDAI-0.3.1/Recodata/Movie5NodeBN1/u1base200.tab /Applications/Utilities/libDAI-0.3.1/Recodata/Movie5NodeBN1_EM/0/1/learned/9/Movie4NodeBN1_1.fg 1 3 -89037.2 
0 1 /Applications/Utilities/libDAI-0.3.1/Recodata/Movie5NodeBN1/u1base200.tab /Applications/Utilities/libDAI-0.3.1/Recodata/Movie5NodeBN1_EM/0/1/learned/9/Movie4NodeBN1_2.fg 2 7 -89067.8 
Time taken: 1017s
 Processor Time taken: 2960s
