0 3 -89135.7 
2 3 -89150.8 
3 3 -89135.2 
1 3 -89162.2 
4 3 -89148.6 
6 3 -89142.9 
7 3 -89137.7 
5 3 -89145.3 
8 3 -89161.7 
10 3 -89141.2 
11 3 -89169.3 
9 3 -89150.3 
12 3 -89128.8 
14 3 -89116.4 
13 3 -89139.9 
15 7 -88980.1 
16 3 -89151 
18 3 -89161.6 
19 3 -89164 
17 3 -89137 
22 3 -89134.8 
23 3 -89130.7 
20 7 -88945.1 
21 8 -88930.4 
24 3 -89147.4 
26 3 -89143.9 
27 3 -89140.3 
25 8 -89006.7 
28 3 -89144.7 
30 3 -89134.7 
31 3 -89161.2 
29 3 -89154.1 
32 3 -89138 
34 3 -89153.3 
35 3 -89152.4 
33 8 -88967 
36 3 -89160.1 
38 3 -89148.2 
39 3 -89163.1 
37 8 -89030.9 
Time taken: 969s
 Processor Time taken: 2766s
