0 1 /Applications/Utilities/libDAI-0.3.1/alarm/500/19.tab /Applications/Utilities/libDAI-0.3.1/500/19/0/1/learned/0/alarm_7.fg 7 29 -3968.52 
0 1 /Applications/Utilities/libDAI-0.3.1/alarm/500/19.tab /Applications/Utilities/libDAI-0.3.1/500/19/0/1/learned/0/alarm_9.fg 9 38 -3938.73 
0 1 /Applications/Utilities/libDAI-0.3.1/alarm/500/19.tab /Applications/Utilities/libDAI-0.3.1/500/19/0/1/learned/0/alarm_4.fg 4 41 -3944.21 
0 1 /Applications/Utilities/libDAI-0.3.1/alarm/500/19.tab /Applications/Utilities/libDAI-0.3.1/500/19/0/1/learned/0/alarm_6.fg 6 69 -3940.69 
0 1 /Applications/Utilities/libDAI-0.3.1/alarm/500/19.tab /Applications/Utilities/libDAI-0.3.1/500/19/0/1/learned/0/alarm_1.fg 1 85 -3943.32 
0 1 /Applications/Utilities/libDAI-0.3.1/alarm/500/19.tab /Applications/Utilities/libDAI-0.3.1/500/19/0/1/learned/0/alarm_5.fg 5 81 -3939.55 
0 1 /Applications/Utilities/libDAI-0.3.1/alarm/500/19.tab /Applications/Utilities/libDAI-0.3.1/500/19/0/1/learned/0/alarm_3.fg 3 90 -3971.9 
0 1 /Applications/Utilities/libDAI-0.3.1/alarm/500/19.tab /Applications/Utilities/libDAI-0.3.1/500/19/0/1/learned/0/alarm_2.fg 2 98 -3968.67 
0 1 /Applications/Utilities/libDAI-0.3.1/alarm/500/19.tab /Applications/Utilities/libDAI-0.3.1/500/19/0/1/learned/0/alarm_8.fg 8 107 -3948.92 
0 1 /Applications/Utilities/libDAI-0.3.1/alarm/500/19.tab /Applications/Utilities/libDAI-0.3.1/500/19/0/1/learned/0/alarm_0.fg 0 144 -3964 
0 1 /Applications/Utilities/libDAI-0.3.1/alarm/500/19.tab /Applications/Utilities/libDAI-0.3.1/500/19/0/1/learned/1/alarm_0.fg 0 3 -3969.73 
0 1 /Applications/Utilities/libDAI-0.3.1/alarm/500/19.tab /Applications/Utilities/libDAI-0.3.1/500/19/0/1/learned/1/alarm_4.fg 4 3 -3938.63 
0 1 /Applications/Utilities/libDAI-0.3.1/alarm/500/19.tab /Applications/Utilities/libDAI-0.3.1/500/19/0/1/learned/1/alarm_5.fg 5 3 -3940.63 
0 1 /Applications/Utilities/libDAI-0.3.1/alarm/500/19.tab /Applications/Utilities/libDAI-0.3.1/500/19/0/1/learned/1/alarm_6.fg 6 3 -3939.48 
0 1 /Applications/Utilities/libDAI-0.3.1/alarm/500/19.tab /Applications/Utilities/libDAI-0.3.1/500/19/0/1/learned/1/alarm_2.fg 2 9 -3962.45 
0 1 /Applications/Utilities/libDAI-0.3.1/alarm/500/19.tab /Applications/Utilities/libDAI-0.3.1/500/19/0/1/learned/1/alarm_8.fg 8 7 -3966.67 
0 1 /Applications/Utilities/libDAI-0.3.1/alarm/500/19.tab /Applications/Utilities/libDAI-0.3.1/500/19/0/1/learned/1/alarm_9.fg 9 3 -3944.12 
0 1 /Applications/Utilities/libDAI-0.3.1/alarm/500/19.tab /Applications/Utilities/libDAI-0.3.1/500/19/0/1/learned/1/alarm_1.fg 1 4 -3943.15 
0 1 /Applications/Utilities/libDAI-0.3.1/alarm/500/19.tab /Applications/Utilities/libDAI-0.3.1/500/19/0/1/learned/1/alarm_3.fg 3 22 -3960.8 
0 1 /Applications/Utilities/libDAI-0.3.1/alarm/500/19.tab /Applications/Utilities/libDAI-0.3.1/500/19/0/1/learned/1/alarm_7.fg 7 33 -3950.47 
0 1 /Applications/Utilities/libDAI-0.3.1/alarm/500/19.tab /Applications/Utilities/libDAI-0.3.1/500/19/0/1/learned/2/alarm_6.fg 6 3 -3948.87 
0 1 /Applications/Utilities/libDAI-0.3.1/alarm/500/19.tab /Applications/Utilities/libDAI-0.3.1/500/19/0/1/learned/2/alarm_8.fg 8 3 -3939.45 
0 1 /Applications/Utilities/libDAI-0.3.1/alarm/500/19.tab /Applications/Utilities/libDAI-0.3.1/500/19/0/1/learned/2/alarm_4.fg 4 14 -3939.14 
0 1 /Applications/Utilities/libDAI-0.3.1/alarm/500/19.tab /Applications/Utilities/libDAI-0.3.1/500/19/0/1/learned/2/alarm_5.fg 5 13 -3938.66 
0 1 /Applications/Utilities/libDAI-0.3.1/alarm/500/19.tab /Applications/Utilities/libDAI-0.3.1/500/19/0/1/learned/2/alarm_3.fg 3 22 -3961.55 
0 1 /Applications/Utilities/libDAI-0.3.1/alarm/500/19.tab /Applications/Utilities/libDAI-0.3.1/500/19/0/1/learned/2/alarm_7.fg 7 25 -3939.52 
0 1 /Applications/Utilities/libDAI-0.3.1/alarm/500/19.tab /Applications/Utilities/libDAI-0.3.1/500/19/0/1/learned/2/alarm_9.fg 9 23 -3939.03 
0 1 /Applications/Utilities/libDAI-0.3.1/alarm/500/19.tab /Applications/Utilities/libDAI-0.3.1/500/19/0/1/learned/2/alarm_1.fg 1 35 -3944.19 
0 1 /Applications/Utilities/libDAI-0.3.1/alarm/500/19.tab /Applications/Utilities/libDAI-0.3.1/500/19/0/1/learned/2/alarm_2.fg 2 70 -3960.24 
0 1 /Applications/Utilities/libDAI-0.3.1/alarm/500/19.tab /Applications/Utilities/libDAI-0.3.1/500/19/0/1/learned/2/alarm_0.fg 0 74 -3961.41 
0 1 /Applications/Utilities/libDAI-0.3.1/alarm/500/19.tab /Applications/Utilities/libDAI-0.3.1/500/19/0/1/learned/3/alarm_0.fg 0 3 -3939.42 
0 1 /Applications/Utilities/libDAI-0.3.1/alarm/500/19.tab /Applications/Utilities/libDAI-0.3.1/500/19/0/1/learned/3/alarm_2.fg 2 4 -3960.7 
0 1 /Applications/Utilities/libDAI-0.3.1/alarm/500/19.tab /Applications/Utilities/libDAI-0.3.1/500/19/0/1/learned/3/alarm_3.fg 3 3 -3960.15 
0 1 /Applications/Utilities/libDAI-0.3.1/alarm/500/19.tab /Applications/Utilities/libDAI-0.3.1/500/19/0/1/learned/3/alarm_4.fg 4 3 -3942.87 
0 1 /Applications/Utilities/libDAI-0.3.1/alarm/500/19.tab /Applications/Utilities/libDAI-0.3.1/500/19/0/1/learned/3/alarm_7.fg 7 3 -3938.68 
0 1 /Applications/Utilities/libDAI-0.3.1/alarm/500/19.tab /Applications/Utilities/libDAI-0.3.1/500/19/0/1/learned/3/alarm_8.fg 8 3 -3961.31 
0 1 /Applications/Utilities/libDAI-0.3.1/alarm/500/19.tab /Applications/Utilities/libDAI-0.3.1/500/19/0/1/learned/3/alarm_5.fg 5 8 -3938.5 
0 1 /Applications/Utilities/libDAI-0.3.1/alarm/500/19.tab /Applications/Utilities/libDAI-0.3.1/500/19/0/1/learned/3/alarm_9.fg 9 4 -3939.34 
0 1 /Applications/Utilities/libDAI-0.3.1/alarm/500/19.tab /Applications/Utilities/libDAI-0.3.1/500/19/0/1/learned/3/alarm_1.fg 1 3 -3938.73 
0 1 /Applications/Utilities/libDAI-0.3.1/alarm/500/19.tab /Applications/Utilities/libDAI-0.3.1/500/19/0/1/learned/3/alarm_6.fg 6 16 -3939.22 
0 1 /Applications/Utilities/libDAI-0.3.1/alarm/500/19.tab /Applications/Utilities/libDAI-0.3.1/500/19/0/1/learned/4/alarm_0.fg 0 3 -3939.23 
0 1 /Applications/Utilities/libDAI-0.3.1/alarm/500/19.tab /Applications/Utilities/libDAI-0.3.1/500/19/0/1/learned/4/alarm_2.fg 2 3 -3960.01 
0 1 /Applications/Utilities/libDAI-0.3.1/alarm/500/19.tab /Applications/Utilities/libDAI-0.3.1/500/19/0/1/learned/4/alarm_3.fg 3 3 -3960.14 
0 1 /Applications/Utilities/libDAI-0.3.1/alarm/500/19.tab /Applications/Utilities/libDAI-0.3.1/500/19/0/1/learned/4/alarm_4.fg 4 3 -3938.63 
0 1 /Applications/Utilities/libDAI-0.3.1/alarm/500/19.tab /Applications/Utilities/libDAI-0.3.1/500/19/0/1/learned/4/alarm_5.fg 5 3 -3939.32 
0 1 /Applications/Utilities/libDAI-0.3.1/alarm/500/19.tab /Applications/Utilities/libDAI-0.3.1/500/19/0/1/learned/4/alarm_6.fg 6 3 -3938.68 
0 1 /Applications/Utilities/libDAI-0.3.1/alarm/500/19.tab /Applications/Utilities/libDAI-0.3.1/500/19/0/1/learned/4/alarm_7.fg 7 3 -3939.04 
0 1 /Applications/Utilities/libDAI-0.3.1/alarm/500/19.tab /Applications/Utilities/libDAI-0.3.1/500/19/0/1/learned/4/alarm_8.fg 8 3 -3938.53 
0 1 /Applications/Utilities/libDAI-0.3.1/alarm/500/19.tab /Applications/Utilities/libDAI-0.3.1/500/19/0/1/learned/4/alarm_9.fg 9 3 -3938.56 
0 1 /Applications/Utilities/libDAI-0.3.1/alarm/500/19.tab /Applications/Utilities/libDAI-0.3.1/500/19/0/1/learned/4/alarm_1.fg 1 3 -3939.87 
0 1 /Applications/Utilities/libDAI-0.3.1/alarm/500/19.tab /Applications/Utilities/libDAI-0.3.1/500/19/0/1/learned/5/alarm_1.fg 1 3 -3938.68 
0 1 /Applications/Utilities/libDAI-0.3.1/alarm/500/19.tab /Applications/Utilities/libDAI-0.3.1/500/19/0/1/learned/5/alarm_2.fg 2 3 -3960 
0 1 /Applications/Utilities/libDAI-0.3.1/alarm/500/19.tab /Applications/Utilities/libDAI-0.3.1/500/19/0/1/learned/5/alarm_3.fg 3 3 -3959.97 
0 1 /Applications/Utilities/libDAI-0.3.1/alarm/500/19.tab /Applications/Utilities/libDAI-0.3.1/500/19/0/1/learned/5/alarm_4.fg 4 3 -3938.56 
0 1 /Applications/Utilities/libDAI-0.3.1/alarm/500/19.tab /Applications/Utilities/libDAI-0.3.1/500/19/0/1/learned/5/alarm_6.fg 6 3 -3938.63 
0 1 /Applications/Utilities/libDAI-0.3.1/alarm/500/19.tab /Applications/Utilities/libDAI-0.3.1/500/19/0/1/learned/5/alarm_7.fg 7 3 -3938.62 
0 1 /Applications/Utilities/libDAI-0.3.1/alarm/500/19.tab /Applications/Utilities/libDAI-0.3.1/500/19/0/1/learned/5/alarm_5.fg 5 7 -3938.33 
0 1 /Applications/Utilities/libDAI-0.3.1/alarm/500/19.tab /Applications/Utilities/libDAI-0.3.1/500/19/0/1/learned/5/alarm_8.fg 8 8 -3938.34 
0 1 /Applications/Utilities/libDAI-0.3.1/alarm/500/19.tab /Applications/Utilities/libDAI-0.3.1/500/19/0/1/learned/5/alarm_0.fg 0 21 -3938.58 
0 1 /Applications/Utilities/libDAI-0.3.1/alarm/500/19.tab /Applications/Utilities/libDAI-0.3.1/500/19/0/1/learned/5/alarm_9.fg 9 15 -3938.41 
0 1 /Applications/Utilities/libDAI-0.3.1/alarm/500/19.tab /Applications/Utilities/libDAI-0.3.1/500/19/0/1/learned/6/alarm_1.fg 1 5 -3938.74 
0 1 /Applications/Utilities/libDAI-0.3.1/alarm/500/19.tab /Applications/Utilities/libDAI-0.3.1/500/19/0/1/learned/6/alarm_2.fg 2 3 -3938.23 
0 1 /Applications/Utilities/libDAI-0.3.1/alarm/500/19.tab /Applications/Utilities/libDAI-0.3.1/500/19/0/1/learned/6/alarm_3.fg 3 4 -3937.53 
0 1 /Applications/Utilities/libDAI-0.3.1/alarm/500/19.tab /Applications/Utilities/libDAI-0.3.1/500/19/0/1/learned/6/alarm_5.fg 5 3 -3959.94 
0 1 /Applications/Utilities/libDAI-0.3.1/alarm/500/19.tab /Applications/Utilities/libDAI-0.3.1/500/19/0/1/learned/6/alarm_7.fg 7 3 -3938.31 
0 1 /Applications/Utilities/libDAI-0.3.1/alarm/500/19.tab /Applications/Utilities/libDAI-0.3.1/500/19/0/1/learned/6/alarm_8.fg 8 3 -3938.3 
0 1 /Applications/Utilities/libDAI-0.3.1/alarm/500/19.tab /Applications/Utilities/libDAI-0.3.1/500/19/0/1/learned/6/alarm_9.fg 9 3 -3938.53 
0 1 /Applications/Utilities/libDAI-0.3.1/alarm/500/19.tab /Applications/Utilities/libDAI-0.3.1/500/19/0/1/learned/6/alarm_0.fg 0 7 -3938.41 
0 1 /Applications/Utilities/libDAI-0.3.1/alarm/500/19.tab /Applications/Utilities/libDAI-0.3.1/500/19/0/1/learned/6/alarm_6.fg 6 16 -3938.43 
0 1 /Applications/Utilities/libDAI-0.3.1/alarm/500/19.tab /Applications/Utilities/libDAI-0.3.1/500/19/0/1/learned/6/alarm_4.fg 4 17 -3960.71 
0 1 /Applications/Utilities/libDAI-0.3.1/alarm/500/19.tab /Applications/Utilities/libDAI-0.3.1/500/19/0/1/learned/7/alarm_0.fg 0 3 -3938.39 
0 1 /Applications/Utilities/libDAI-0.3.1/alarm/500/19.tab /Applications/Utilities/libDAI-0.3.1/500/19/0/1/learned/7/alarm_2.fg 2 3 -3938.17 
0 1 /Applications/Utilities/libDAI-0.3.1/alarm/500/19.tab /Applications/Utilities/libDAI-0.3.1/500/19/0/1/learned/7/alarm_3.fg 3 3 -3937.68 
0 1 /Applications/Utilities/libDAI-0.3.1/alarm/500/19.tab /Applications/Utilities/libDAI-0.3.1/500/19/0/1/learned/7/alarm_4.fg 4 3 -3938.24 
0 1 /Applications/Utilities/libDAI-0.3.1/alarm/500/19.tab /Applications/Utilities/libDAI-0.3.1/500/19/0/1/learned/7/alarm_5.fg 5 3 -3938.18 
0 1 /Applications/Utilities/libDAI-0.3.1/alarm/500/19.tab /Applications/Utilities/libDAI-0.3.1/500/19/0/1/learned/7/alarm_6.fg 6 4 -3938.32 
0 1 /Applications/Utilities/libDAI-0.3.1/alarm/500/19.tab /Applications/Utilities/libDAI-0.3.1/500/19/0/1/learned/7/alarm_7.fg 7 4 -3938.28 
0 1 /Applications/Utilities/libDAI-0.3.1/alarm/500/19.tab /Applications/Utilities/libDAI-0.3.1/500/19/0/1/learned/7/alarm_8.fg 8 3 -3938.57 
0 1 /Applications/Utilities/libDAI-0.3.1/alarm/500/19.tab /Applications/Utilities/libDAI-0.3.1/500/19/0/1/learned/7/alarm_9.fg 9 3 -3938.22 
0 1 /Applications/Utilities/libDAI-0.3.1/alarm/500/19.tab /Applications/Utilities/libDAI-0.3.1/500/19/0/1/learned/7/alarm_1.fg 1 9 -3938.63 
0 1 /Applications/Utilities/libDAI-0.3.1/alarm/500/19.tab /Applications/Utilities/libDAI-0.3.1/500/19/0/1/learned/8/alarm_1.fg 1 5 -3938.57 
0 1 /Applications/Utilities/libDAI-0.3.1/alarm/500/19.tab /Applications/Utilities/libDAI-0.3.1/500/19/0/1/learned/8/alarm_2.fg 2 3 -3938.21 
0 1 /Applications/Utilities/libDAI-0.3.1/alarm/500/19.tab /Applications/Utilities/libDAI-0.3.1/500/19/0/1/learned/8/alarm_3.fg 3 3 -3937.44 
0 1 /Applications/Utilities/libDAI-0.3.1/alarm/500/19.tab /Applications/Utilities/libDAI-0.3.1/500/19/0/1/learned/8/alarm_4.fg 4 3 -3938.19 
0 1 /Applications/Utilities/libDAI-0.3.1/alarm/500/19.tab /Applications/Utilities/libDAI-0.3.1/500/19/0/1/learned/8/alarm_5.fg 5 3 -3938.12 
0 1 /Applications/Utilities/libDAI-0.3.1/alarm/500/19.tab /Applications/Utilities/libDAI-0.3.1/500/19/0/1/learned/8/alarm_6.fg 6 3 -3938.26 
0 1 /Applications/Utilities/libDAI-0.3.1/alarm/500/19.tab /Applications/Utilities/libDAI-0.3.1/500/19/0/1/learned/8/alarm_7.fg 7 3 -3938.1 
0 1 /Applications/Utilities/libDAI-0.3.1/alarm/500/19.tab /Applications/Utilities/libDAI-0.3.1/500/19/0/1/learned/8/alarm_8.fg 8 3 -3938.19 
0 1 /Applications/Utilities/libDAI-0.3.1/alarm/500/19.tab /Applications/Utilities/libDAI-0.3.1/500/19/0/1/learned/8/alarm_9.fg 9 3 -3938.1 
0 1 /Applications/Utilities/libDAI-0.3.1/alarm/500/19.tab /Applications/Utilities/libDAI-0.3.1/500/19/0/1/learned/8/alarm_0.fg 0 8 -3938.15 
0 1 /Applications/Utilities/libDAI-0.3.1/alarm/500/19.tab /Applications/Utilities/libDAI-0.3.1/500/19/0/1/learned/9/alarm_0.fg 0 3 -3938.03 
0 1 /Applications/Utilities/libDAI-0.3.1/alarm/500/19.tab /Applications/Utilities/libDAI-0.3.1/500/19/0/1/learned/9/alarm_2.fg 2 3 -3937.99 
0 1 /Applications/Utilities/libDAI-0.3.1/alarm/500/19.tab /Applications/Utilities/libDAI-0.3.1/500/19/0/1/learned/9/alarm_3.fg 3 3 -3938.6 
0 1 /Applications/Utilities/libDAI-0.3.1/alarm/500/19.tab /Applications/Utilities/libDAI-0.3.1/500/19/0/1/learned/9/alarm_4.fg 4 3 -3938.49 
0 1 /Applications/Utilities/libDAI-0.3.1/alarm/500/19.tab /Applications/Utilities/libDAI-0.3.1/500/19/0/1/learned/9/alarm_5.fg 5 3 -3938.06 
0 1 /Applications/Utilities/libDAI-0.3.1/alarm/500/19.tab /Applications/Utilities/libDAI-0.3.1/500/19/0/1/learned/9/alarm_6.fg 6 3 -3938.08 
0 1 /Applications/Utilities/libDAI-0.3.1/alarm/500/19.tab /Applications/Utilities/libDAI-0.3.1/500/19/0/1/learned/9/alarm_7.fg 7 3 -3938.17 
0 1 /Applications/Utilities/libDAI-0.3.1/alarm/500/19.tab /Applications/Utilities/libDAI-0.3.1/500/19/0/1/learned/9/alarm_8.fg 8 4 -3938.18 
0 1 /Applications/Utilities/libDAI-0.3.1/alarm/500/19.tab /Applications/Utilities/libDAI-0.3.1/500/19/0/1/learned/9/alarm_9.fg 9 4 -3938.11 
0 1 /Applications/Utilities/libDAI-0.3.1/alarm/500/19.tab /Applications/Utilities/libDAI-0.3.1/500/19/0/1/learned/9/alarm_1.fg 1 3 -3938.1 
Time taken: 699s
 Processor Time taken: 2027s
