0 0.5 /Applications/Utilities/libDAI-0.3.1/alarm/500/alarm_501.tab 2 10 -4933.85 
0 0.5 /Applications/Utilities/libDAI-0.3.1/alarm/500/alarm_501.tab 3 15 -4890.23 
0 0.5 /Applications/Utilities/libDAI-0.3.1/alarm/500/alarm_501.tab 6 13 -4890.41 
0 0.5 /Applications/Utilities/libDAI-0.3.1/alarm/500/alarm_501.tab 9 14 -4890.36 
0 0.5 /Applications/Utilities/libDAI-0.3.1/alarm/500/alarm_501.tab 11 14 -4890.36 
0 0.5 /Applications/Utilities/libDAI-0.3.1/alarm/500/alarm_501.tab 19 17 -4890.55 
0 0.5 /Applications/Utilities/libDAI-0.3.1/alarm/500/alarm_501.tab 5 26 -4890.53 
0 0.5 /Applications/Utilities/libDAI-0.3.1/alarm/500/alarm_501.tab 16 29 -4885.29 
0 0.5 /Applications/Utilities/libDAI-0.3.1/alarm/500/alarm_501.tab 0 33 -4885.2 
0 0.5 /Applications/Utilities/libDAI-0.3.1/alarm/500/alarm_501.tab 13 39 -4890.32 
0 0.5 /Applications/Utilities/libDAI-0.3.1/alarm/500/alarm_501.tab 10 40 -4890.49 
0 0.5 /Applications/Utilities/libDAI-0.3.1/alarm/500/alarm_501.tab 18 39 -4885.26 
0 0.5 /Applications/Utilities/libDAI-0.3.1/alarm/500/alarm_501.tab 1 43 -4885.24 
0 0.5 /Applications/Utilities/libDAI-0.3.1/alarm/500/alarm_501.tab 14 49 -4885.27 
0 0.5 /Applications/Utilities/libDAI-0.3.1/alarm/500/alarm_501.tab 7 52 -4885.23 
0 0.5 /Applications/Utilities/libDAI-0.3.1/alarm/500/alarm_501.tab 8 52 -4890.33 
0 0.5 /Applications/Utilities/libDAI-0.3.1/alarm/500/alarm_501.tab 17 50 -4885.25 
0 0.5 /Applications/Utilities/libDAI-0.3.1/alarm/500/alarm_501.tab 4 57 -4885.21 
0 0.5 /Applications/Utilities/libDAI-0.3.1/alarm/500/alarm_501.tab 12 61 -4885.23 
0 0.5 /Applications/Utilities/libDAI-0.3.1/alarm/500/alarm_501.tab 15 69 -4885.22 
0 0.5 /Applications/Utilities/libDAI-0.3.1/alarm/500/alarm_501.tab 15 5 -4890.42 
0 0.5 /Applications/Utilities/libDAI-0.3.1/alarm/500/alarm_501.tab 2 6 -4890.53 
0 0.5 /Applications/Utilities/libDAI-0.3.1/alarm/500/alarm_501.tab 1 10 -4885.24 
0 0.5 /Applications/Utilities/libDAI-0.3.1/alarm/500/alarm_501.tab 3 7 -4890.51 
0 0.5 /Applications/Utilities/libDAI-0.3.1/alarm/500/alarm_501.tab 5 7 -4890 
0 0.5 /Applications/Utilities/libDAI-0.3.1/alarm/500/alarm_501.tab 7 9 -4885.05 
0 0.5 /Applications/Utilities/libDAI-0.3.1/alarm/500/alarm_501.tab 6 11 -4885.1 
0 0.5 /Applications/Utilities/libDAI-0.3.1/alarm/500/alarm_501.tab 4 13 -4885.17 
0 0.5 /Applications/Utilities/libDAI-0.3.1/alarm/500/alarm_501.tab 8 6 -4890.55 
0 0.5 /Applications/Utilities/libDAI-0.3.1/alarm/500/alarm_501.tab 9 9 -4885.13 
0 0.5 /Applications/Utilities/libDAI-0.3.1/alarm/500/alarm_501.tab 10 10 -4890.59 
0 0.5 /Applications/Utilities/libDAI-0.3.1/alarm/500/alarm_501.tab 11 6 -4885.19 
0 0.5 /Applications/Utilities/libDAI-0.3.1/alarm/500/alarm_501.tab 12 11 -4885.24 
0 0.5 /Applications/Utilities/libDAI-0.3.1/alarm/500/alarm_501.tab 13 11 -4885.08 
0 0.5 /Applications/Utilities/libDAI-0.3.1/alarm/500/alarm_501.tab 14 12 -4890.14 
0 0.5 /Applications/Utilities/libDAI-0.3.1/alarm/500/alarm_501.tab 17 3 -4890.51 
0 0.5 /Applications/Utilities/libDAI-0.3.1/alarm/500/alarm_501.tab 18 6 -4890.56 
0 0.5 /Applications/Utilities/libDAI-0.3.1/alarm/500/alarm_501.tab 19 17 -4885.23 
0 0.5 /Applications/Utilities/libDAI-0.3.1/alarm/500/alarm_501.tab 0 6 -4890.39 
0 0.5 /Applications/Utilities/libDAI-0.3.1/alarm/500/alarm_501.tab 16 36 -4890.45 
1  5  -4890 7
1  16  -4885.29 29
1  8  -4890.33 52
1  2  -4890.53 6
1  17  -4885.25 50
1  10  -4890.49 40
1  9  -4885.13 9
1  18  -4885.26 39
1  14  -4885.27 49
1  11  -4885.19 6
1  19  -4885.23 17
1  15  -4885.22 69
1  13  -4885.08 11
1  6  -4885.1 11
1  4  -4885.17 13
1  0  -4885.2 33
1  7  -4885.05 9
1  12  -4885.23 61
1  3  -4890.23 15
1  1  -4885.24 10
0 0.5 /Applications/Utilities/libDAI-0.3.1/alarm/500/alarm_501.tab 0 3 -4890.52 
0 0.5 /Applications/Utilities/libDAI-0.3.1/alarm/500/alarm_501.tab 6 4 -4890.47 
0 0.5 /Applications/Utilities/libDAI-0.3.1/alarm/500/alarm_501.tab 8 6 -4890.58 
0 0.5 /Applications/Utilities/libDAI-0.3.1/alarm/500/alarm_501.tab 4 8 -4885.19 
0 0.5 /Applications/Utilities/libDAI-0.3.1/alarm/500/alarm_501.tab 9 5 -4890.35 
0 0.5 /Applications/Utilities/libDAI-0.3.1/alarm/500/alarm_501.tab 5 11 -4885.09 
0 0.5 /Applications/Utilities/libDAI-0.3.1/alarm/500/alarm_501.tab 2 13 -4885.28 
0 0.5 /Applications/Utilities/libDAI-0.3.1/alarm/500/alarm_501.tab 7 11 -4885.25 
0 0.5 /Applications/Utilities/libDAI-0.3.1/alarm/500/alarm_501.tab 10 9 -4885.26 
0 0.5 /Applications/Utilities/libDAI-0.3.1/alarm/500/alarm_501.tab 11 7 -4885.27 
0 0.5 /Applications/Utilities/libDAI-0.3.1/alarm/500/alarm_501.tab 13 7 -4885.09 
0 0.5 /Applications/Utilities/libDAI-0.3.1/alarm/500/alarm_501.tab 14 5 -4890.38 
0 0.5 /Applications/Utilities/libDAI-0.3.1/alarm/500/alarm_501.tab 3 19 -4885.25 
0 0.5 /Applications/Utilities/libDAI-0.3.1/alarm/500/alarm_501.tab 16 3 -4889.12 
0 0.5 /Applications/Utilities/libDAI-0.3.1/alarm/500/alarm_501.tab 17 9 -4885.12 
0 0.5 /Applications/Utilities/libDAI-0.3.1/alarm/500/alarm_501.tab 18 12 -4885.24 
0 0.5 /Applications/Utilities/libDAI-0.3.1/alarm/500/alarm_501.tab 19 10 -4890.41 
0 0.5 /Applications/Utilities/libDAI-0.3.1/alarm/500/alarm_501.tab 1 6 -4890.36 
0 0.5 /Applications/Utilities/libDAI-0.3.1/alarm/500/alarm_501.tab 12 40 -4885.26 
0 0.5 /Applications/Utilities/libDAI-0.3.1/alarm/500/alarm_501.tab 15 41 -4885.25 
2  0  -4885.2 33
2  2  -4885.28 13
2  8  -4890.33 52
2  13  -4885.08 11
2  18  -4885.24 12
2  1  -4885.24 10
2  7  -4885.05 9
2  14  -4885.27 49
2  17  -4885.12 9
2  9  -4885.13 9
2  4  -4885.17 13
2  16  -4885.29 29
2  19  -4885.23 17
2  3  -4885.25 19
2  6  -4885.1 11
2  5  -4885.09 11
2  12  -4885.23 61
2  10  -4885.26 9
2  11  -4885.19 6
2  15  -4885.22 69
0 0.5 /Applications/Utilities/libDAI-0.3.1/alarm/500/alarm_501.tab 0 3 -4885.16 
0 0.5 /Applications/Utilities/libDAI-0.3.1/alarm/500/alarm_501.tab 7 4 -4890.51 
0 0.5 /Applications/Utilities/libDAI-0.3.1/alarm/500/alarm_501.tab 2 6 -4885.05 
0 0.5 /Applications/Utilities/libDAI-0.3.1/alarm/500/alarm_501.tab 3 6 -4885.01 
0 0.5 /Applications/Utilities/libDAI-0.3.1/alarm/500/alarm_501.tab 4 6 -4890.47 
0 0.5 /Applications/Utilities/libDAI-0.3.1/alarm/500/alarm_501.tab 9 3 -4885.12 
0 0.5 /Applications/Utilities/libDAI-0.3.1/alarm/500/alarm_501.tab 8 6 -4890.41 
0 0.5 /Applications/Utilities/libDAI-0.3.1/alarm/500/alarm_501.tab 5 8 -4885.24 
0 0.5 /Applications/Utilities/libDAI-0.3.1/alarm/500/alarm_501.tab 13 5 -4890.19 
0 0.5 /Applications/Utilities/libDAI-0.3.1/alarm/500/alarm_501.tab 14 5 -4890.41 
0 0.5 /Applications/Utilities/libDAI-0.3.1/alarm/500/alarm_501.tab 16 5 -4890.38 
0 0.5 /Applications/Utilities/libDAI-0.3.1/alarm/500/alarm_501.tab 10 12 -4885.26 
0 0.5 /Applications/Utilities/libDAI-0.3.1/alarm/500/alarm_501.tab 17 5 -4885.02 
0 0.5 /Applications/Utilities/libDAI-0.3.1/alarm/500/alarm_501.tab 11 14 -4885.26 
0 0.5 /Applications/Utilities/libDAI-0.3.1/alarm/500/alarm_501.tab 18 9 -4885.08 
0 0.5 /Applications/Utilities/libDAI-0.3.1/alarm/500/alarm_501.tab 19 5 -4889.59 
0 0.5 /Applications/Utilities/libDAI-0.3.1/alarm/500/alarm_501.tab 1 10 -4885.18 
0 0.5 /Applications/Utilities/libDAI-0.3.1/alarm/500/alarm_501.tab 6 33 -4885.25 
0 0.5 /Applications/Utilities/libDAI-0.3.1/alarm/500/alarm_501.tab 12 36 -4885.26 
