1 85 -9630.29 -4211.45 -4127.91 -4082.98 -4054.98 -4040.36 -4030.98 -4022.31 -4013.35 -4003.52 -3992.58 -3982.57 -3975.87 -3972.36 -3970.63 -3969.5 -3968.49 -3967.52 -3966.6 -3965.74 -3964.94 -3964.22 -3963.55 -3962.92 -3962.32 -3961.69 -3960.97 -3959.97 -3958.39 -3955.92 -3952.86 -3950.29 -3948.89 -3948.25 -3947.91 -3947.67 -3947.46 -3947.27 -3947.09 -3946.92 -3946.76 -3946.61 -3946.46 -3946.33 -3946.2 -3946.08 -3945.96 -3945.85 -3945.75 -3945.64 -3945.55 -3945.45 -3945.37 -3945.28 -3945.19 -3945.11 -3945.03 -3944.95 -3944.88 -3944.8 -3944.73 -3944.66 -3944.58 -3944.51 -3944.44 -3944.38 -3944.31 -3944.24 -3944.18 -3944.11 -3944.05 -3943.98 -3943.92 -3943.86 -3943.8 -3943.75 -3943.69 -3943.64 -3943.59 -3943.54 -3943.49 -3943.44 -3943.4 -3943.36 -3943.32  
3 90 -9315.65 -4220.44 -4148.04 -4102.27 -4078 -4066.13 -4058.99 -4053.62 -4048.87 -4044.65 -4040.92 -4037.47 -4034.27 -4031.11 -4027.2 -4021.58 -4014.69 -4008.63 -4004.42 -4001.46 -3999.07 -3997.27 -3996.09 -3995.35 -3994.83 -3994.4 -3993.95 -3993.45 -3992.88 -3992.31 -3991.8 -3991.35 -3990.93 -3990.5 -3990.06 -3989.6 -3989.12 -3988.63 -3988.15 -3987.68 -3987.25 -3986.85 -3986.49 -3986.18 -3985.9 -3985.64 -3985.4 -3985.17 -3984.94 -3984.71 -3984.48 -3984.24 -3984 -3983.74 -3983.47 -3983.19 -3982.89 -3982.58 -3982.26 -3981.91 -3981.56 -3981.18 -3980.8 -3980.4 -3979.98 -3979.55 -3979.12 -3978.67 -3978.22 -3977.76 -3977.3 -3976.84 -3976.39 -3975.94 -3975.5 -3975.07 -3974.66 -3974.27 -3973.9 -3973.56 -3973.25 -3972.96 -3972.71 -3972.49 -3972.31 -3972.17 -3972.06 -3971.98 -3971.93 -3971.9  
2 98 -10219.6 -4230.44 -4153.45 -4116.35 -4096.32 -4084.48 -4075.29 -4065.55 -4053.66 -4040.24 -4027.78 -4018.68 -4013.37 -4010.21 -4007.67 -4005.23 -4002.93 -4000.92 -3999.23 -3997.79 -3996.49 -3995.24 -3994.03 -3992.85 -3991.71 -3990.6 -3989.54 -3988.49 -3987.42 -3986.31 -3985.11 -3983.81 -3982.39 -3980.83 -3979.17 -3977.53 -3976.08 -3974.97 -3974.18 -3973.61 -3973.16 -3972.77 -3972.45 -3972.17 -3971.94 -3971.73 -3971.55 -3971.4 -3971.26 -3971.14 -3971.03 -3970.94 -3970.85 -3970.77 -3970.7 -3970.63 -3970.57 -3970.52 -3970.46 -3970.41 -3970.36 -3970.32 -3970.27 -3970.23 -3970.19 -3970.14 -3970.1 -3970.06 -3970.01 -3969.97 -3969.93 -3969.88 -3969.84 -3969.79 -3969.75 -3969.7 -3969.65 -3969.61 -3969.56 -3969.51 -3969.46 -3969.41 -3969.36 -3969.31 -3969.26 -3969.21 -3969.16 -3969.11 -3969.06 -3969.02 -3968.97 -3968.92 -3968.88 -3968.83 -3968.79 -3968.75 -3968.71 -3968.67  
0 144 -10858.9 -4212.55 -4132.94 -4090.96 -4062.04 -4040.82 -4022.19 -4007.93 -4000.25 -3996.35 -3993.7 -3991.61 -3989.93 -3988.57 -3987.48 -3986.6 -3985.87 -3985.24 -3984.68 -3984.16 -3983.66 -3983.17 -3982.68 -3982.17 -3981.64 -3981.07 -3980.46 -3979.81 -3979.1 -3978.35 -3977.55 -3976.76 -3976.01 -3975.37 -3974.85 -3974.44 -3974.11 -3973.83 -3973.58 -3973.33 -3973.07 -3972.79 -3972.49 -3972.18 -3971.87 -3971.57 -3971.3 -3971.06 -3970.85 -3970.65 -3970.47 -3970.29 -3970.11 -3969.94 -3969.77 -3969.61 -3969.46 -3969.32 -3969.19 -3969.08 -3968.97 -3968.88 -3968.79 -3968.71 -3968.63 -3968.56 -3968.49 -3968.43 -3968.36 -3968.3 -3968.24 -3968.18 -3968.12 -3968.06 -3968 -3967.94 -3967.87 -3967.81 -3967.75 -3967.68 -3967.62 -3967.55 -3967.48 -3967.41 -3967.34 -3967.28 -3967.21 -3967.14 -3967.06 -3966.99 -3966.92 -3966.85 -3966.78 -3966.71 -3966.64 -3966.57 -3966.5 -3966.43 -3966.36 -3966.29 -3966.22 -3966.16 -3966.09 -3966.03 -3965.96 -3965.9 -3965.84 -3965.78 -3965.71 -3965.65 -3965.6 -3965.54 -3965.48 -3965.42 -3965.37 -3965.31 -3965.26 -3965.2 -3965.15 -3965.1 -3965.04 -3964.99 -3964.94 -3964.89 -3964.84 -3964.79 -3964.74 -3964.7 -3964.65 -3964.6 -3964.55 -3964.51 -3964.46 -3964.42 -3964.37 -3964.33 -3964.29 -3964.24 -3964.2 -3964.16 -3964.12 -3964.08 -3964.04 -3964  

1 11 -6467.44 -3986.29 -3976.1 -3974.56 -3974 -3973.73 -3973.57 -3973.48 -3973.41 -3973.36 -3973.33  
2 39 -7590.1 -4035.72 -3991.96 -3978.9 -3972.45 -3967.37 -3962.42 -3957.74 -3953.96 -3951.3 -3949.52 -3948.3 -3947.42 -3946.78 -3946.31 -3945.96 -3945.67 -3945.42 -3945.2 -3944.99 -3944.8 -3944.61 -3944.44 -3944.27 -3944.11 -3943.96 -3943.83 -3943.71 -3943.6 -3943.5 -3943.42 -3943.34 -3943.28 -3943.22 -3943.16 -3943.11 -3943.07 -3943.03 -3942.99  
0 56 -9972.98 -4175.54 -4108.62 -4061.01 -4030.94 -4014.07 -4004.89 -3999.33 -3995.04 -3990.98 -3986.81 -3982.47 -3978.09 -3974 -3970.27 -3966.76 -3963.37 -3960.1 -3956.97 -3954.04 -3951.41 -3949.18 -3947.39 -3946.01 -3944.93 -3944.09 -3943.43 -3942.91 -3942.5 -3942.18 -3941.93 -3941.73 -3941.57 -3941.43 -3941.32 -3941.22 -3941.13 -3941.04 -3940.97 -3940.9 -3940.83 -3940.77 -3940.71 -3940.65 -3940.6 -3940.54 -3940.49 -3940.45 -3940.4 -3940.35 -3940.31 -3940.27 -3940.22 -3940.18 -3940.14 -3940.1  
3 63 -5631.26 -4114.64 -4071.64 -4043.12 -4019.89 -4002.21 -3990.79 -3983.97 -3981.35 -3980.62 -3980.34 -3980.18 -3980.07 -3979.99 -3979.94 -3979.9 -3979.84 -3979.76 -3979.61 -3979.37 -3978.99 -3978.44 -3977.66 -3976.66 -3975.43 -3974 -3972.41 -3970.65 -3968.61 -3966.25 -3963.81 -3961.58 -3959.56 -3957.88 -3956.79 -3956.13 -3955.65 -3955.21 -3954.75 -3954.26 -3953.73 -3953.14 -3952.49 -3951.78 -3951.02 -3950.24 -3949.5 -3948.84 -3948.3 -3947.85 -3947.45 -3947.09 -3946.78 -3946.51 -3946.29 -3946.11 -3945.97 -3945.87 -3945.79 -3945.73 -3945.69 -3945.65 -3945.61  

0 30 -9364.27 -4187.4 -4102.67 -4057.91 -4035.47 -4026.56 -4022.44 -4019.36 -4016.1 -4012.24 -4008.01 -4004.16 -4001.35 -3999.56 -3998.47 -3997.74 -3997.17 -3996.65 -3996.12 -3995.59 -3995.08 -3994.59 -3994.1 -3993.55 -3992.93 -3992.34 -3991.89 -3991.63 -3991.53 -3991.52  
1 39 -7493.55 -4035.52 -3987.72 -3972.23 -3967.43 -3965.24 -3963.5 -3961.68 -3959.63 -3957.41 -3955.15 -3953.02 -3951.15 -3949.61 -3948.39 -3947.43 -3946.69 -3946.11 -3945.65 -3945.28 -3944.98 -3944.73 -3944.53 -3944.36 -3944.21 -3944.08 -3943.97 -3943.87 -3943.78 -3943.71 -3943.63 -3943.57 -3943.51 -3943.46 -3943.41 -3943.37 -3943.32 -3943.28 -3943.25  
2 51 -5887.41 -3967.98 -3950.38 -3947.37 -3946.55 -3946.19 -3945.97 -3945.8 -3945.66 -3945.55 -3945.44 -3945.33 -3945.23 -3945.13 -3945.02 -3944.93 -3944.84 -3944.76 -3944.69 -3944.63 -3944.58 -3944.54 -3944.49 -3944.45 -3944.41 -3944.37 -3944.33 -3944.29 -3944.25 -3944.2 -3944.16 -3944.11 -3944.06 -3944.01 -3943.97 -3943.92 -3943.87 -3943.82 -3943.77 -3943.72 -3943.68 -3943.63 -3943.58 -3943.54 -3943.49 -3943.45 -3943.41 -3943.37 -3943.33 -3943.29 -3943.25  
3 52 -7466.2 -4183.97 -4115.84 -4069.85 -4042.11 -4025.52 -4012.11 -3999.29 -3986.36 -3974.48 -3964.74 -3957.6 -3953.12 -3950.79 -3949.63 -3948.95 -3948.46 -3948.07 -3947.72 -3947.42 -3947.16 -3946.92 -3946.7 -3946.5 -3946.31 -3946.11 -3945.92 -3945.73 -3945.52 -3945.31 -3945.07 -3944.82 -3944.56 -3944.27 -3943.98 -3943.68 -3943.39 -3943.11 -3942.85 -3942.62 -3942.43 -3942.27 -3942.14 -3942.04 -3941.96 -3941.89 -3941.84 -3941.78 -3941.74 -3941.69 -3941.65 -3941.61  

0 13 -8054.06 -4140.22 -4065.39 -4026.23 -4003.58 -3990 -3981.24 -3976.24 -3973.73 -3972.55 -3972.13 -3972.03 -3972  
2 27 -8350.05 -4191.46 -4132.52 -4095.7 -4074.27 -4059.07 -4044.2 -4027.89 -4009.91 -3990.88 -3973.54 -3962.37 -3957.22 -3954.39 -3952.31 -3950.69 -3949.42 -3948.44 -3947.7 -3947.16 -3946.76 -3946.48 -3946.28 -3946.16 -3946.08 -3946.03 -3946.01  
3 36 -6507.15 -4104.91 -4037.91 -4005.15 -3990.73 -3983.52 -3978.3 -3973.83 -3969.7 -3965.58 -3961.39 -3957.48 -3954.31 -3951.91 -3950.09 -3948.67 -3947.54 -3946.59 -3945.75 -3944.97 -3944.23 -3943.52 -3942.85 -3942.21 -3941.64 -3941.14 -3940.74 -3940.43 -3940.2 -3940.04 -3939.92 -3939.83 -3939.76 -3939.71 -3939.67 -3939.64  
1 48 -8555.56 -4207.73 -4119.41 -4074.19 -4042.25 -4016.59 -3999.46 -3989.51 -3982.78 -3977.85 -3973.93 -3970.57 -3967.65 -3965.17 -3963.07 -3961.21 -3959.5 -3957.92 -3956.45 -3954.99 -3953.49 -3951.96 -3950.51 -3949.16 -3947.88 -3946.67 -3945.57 -3944.64 -3943.89 -3943.29 -3942.76 -3942.3 -3941.88 -3941.51 -3941.18 -3940.91 -3940.67 -3940.47 -3940.3 -3940.16 -3940.03 -3939.93 -3939.85 -3939.77 -3939.71 -3939.66 -3939.62 -3939.58  
nearest neighbor of 4/alarm_0.fg is 2/alarm_2.fg 64.4975
nearest neighbor of 4/alarm_1.fg is 2/alarm_2.fg 73.7845
nearest neighbor of 4/alarm_2.fg is 3/alarm_1.fg 78.3949
nearest neighbor of 4/alarm_3.fg is 3/alarm_3.fg 88.6285

2 35 -6624.85 -4061.28 -4009 -3986.72 -3975.14 -3967.85 -3962.97 -3959.4 -3956.56 -3954.22 -3952.29 -3950.73 -3949.46 -3948.43 -3947.57 -3946.86 -3946.27 -3945.78 -3945.37 -3945.04 -3944.76 -3944.54 -3944.36 -3944.22 -3944.1 -3944 -3943.92 -3943.85 -3943.79 -3943.74 -3943.69 -3943.64 -3943.6 -3943.56 -3943.52  
1 41 -7004.96 -4084.83 -4030.32 -4010.92 -3997.16 -3984.56 -3972.68 -3962.47 -3955.13 -3950.96 -3949.02 -3948.11 -3947.53 -3947.03 -3946.61 -3946.26 -3945.98 -3945.75 -3945.56 -3945.39 -3945.22 -3945.07 -3944.92 -3944.77 -3944.63 -3944.51 -3944.39 -3944.29 -3944.19 -3944.1 -3944.02 -3943.95 -3943.89 -3943.83 -3943.77 -3943.72 -3943.67 -3943.63 -3943.59 -3943.55 -3943.51  
3 38 -8232.46 -4129.45 -4069.84 -4036.85 -4018.39 -4006.76 -3998.36 -3992.46 -3988.58 -3985.76 -3983.31 -3980.97 -3978.69 -3976.44 -3974.17 -3971.78 -3969.18 -3966.41 -3963.62 -3961.05 -3958.73 -3956.57 -3954.52 -3952.63 -3950.96 -3949.56 -3948.45 -3947.59 -3946.95 -3946.49 -3946.17 -3945.96 -3945.82 -3945.72 -3945.65 -3945.6 -3945.56 -3945.52  
0 65 -6389.81 -4124.49 -4049.31 -4013.47 -3993.67 -3982.11 -3974.98 -3969.84 -3965.75 -3962.4 -3959.64 -3957.35 -3955.47 -3953.93 -3952.67 -3951.65 -3950.81 -3950.11 -3949.51 -3948.99 -3948.53 -3948.12 -3947.75 -3947.43 -3947.14 -3946.88 -3946.65 -3946.44 -3946.25 -3946.08 -3945.92 -3945.77 -3945.62 -3945.46 -3945.31 -3945.15 -3944.99 -3944.82 -3944.64 -3944.46 -3944.26 -3944.06 -3943.85 -3943.63 -3943.41 -3943.17 -3942.94 -3942.7 -3942.47 -3942.24 -3942.02 -3941.82 -3941.63 -3941.46 -3941.31 -3941.18 -3941.07 -3940.97 -3940.89 -3940.82 -3940.76 -3940.71 -3940.66 -3940.62 -3940.58  
nearest neighbor of 5/alarm_0.fg is 2/alarm_2.fg 74.1235
nearest neighbor of 5/alarm_1.fg is 2/alarm_2.fg 76.6054
nearest neighbor of 5/alarm_2.fg is 3/alarm_3.fg 69.8502
nearest neighbor of 5/alarm_3.fg is 2/alarm_3.fg 69.5098

3 12 -7338.21 -3957.39 -3943.34 -3940.16 -3939.27 -3938.92 -3938.74 -3938.63 -3938.55 -3938.49 -3938.45 -3938.41  
0 23 -6831.24 -4066.15 -3993.26 -3967.96 -3956.75 -3950.82 -3947.39 -3945.23 -3943.71 -3942.59 -3941.78 -3941.19 -3940.79 -3940.51 -3940.32 -3940.18 -3940.08 -3940 -3939.93 -3939.88 -3939.83 -3939.79 -3939.75  
2 29 -5610.68 -3974.44 -3957.21 -3950.68 -3947.34 -3945.29 -3943.92 -3942.98 -3942.34 -3941.9 -3941.59 -3941.36 -3941.19 -3941.05 -3940.94 -3940.85 -3940.77 -3940.7 -3940.64 -3940.58 -3940.53 -3940.47 -3940.43 -3940.38 -3940.34 -3940.3 -3940.26 -3940.22 -3940.18  
1 37 -6281.73 -4042.89 -3991.59 -3976.13 -3969.19 -3964.28 -3960.28 -3957.12 -3954.72 -3952.93 -3951.56 -3950.47 -3949.6 -3948.86 -3948.24 -3947.7 -3947.23 -3946.81 -3946.43 -3946.1 -3945.8 -3945.54 -3945.31 -3945.11 -3944.93 -3944.77 -3944.64 -3944.52 -3944.42 -3944.33 -3944.26 -3944.19 -3944.13 -3944.07 -3944.03 -3943.99 -3943.95  
nearest neighbor of 6/alarm_0.fg is 3/alarm_1.fg 87.8759
nearest neighbor of 6/alarm_1.fg is 2/alarm_3.fg 58.2462
nearest neighbor of 6/alarm_2.fg is 2/alarm_2.fg 61.5894
nearest neighbor of 6/alarm_3.fg is 3/alarm_3.fg 64.9259

3 15 -6246.93 -3965.65 -3945.57 -3941.56 -3940.23 -3939.67 -3939.37 -3939.18 -3939.06 -3938.96 -3938.89 -3938.83 -3938.78 -3938.74 -3938.7  
0 56 -7152.86 -4044.54 -3999.55 -3981.48 -3973.57 -3969.4 -3966.27 -3963.31 -3960.29 -3957.16 -3953.97 -3950.89 -3948.21 -3946.17 -3944.75 -3943.75 -3943.01 -3942.43 -3941.97 -3941.61 -3941.31 -3941.07 -3940.87 -3940.71 -3940.57 -3940.45 -3940.35 -3940.27 -3940.19 -3940.12 -3940.06 -3940 -3939.95 -3939.9 -3939.85 -3939.8 -3939.76 -3939.71 -3939.67 -3939.63 -3939.59 -3939.55 -3939.51 -3939.46 -3939.42 -3939.38 -3939.34 -3939.3 -3939.26 -3939.22 -3939.18 -3939.14 -3939.1 -3939.06 -3939.02 -3938.98  
1 58 -5982.22 -4046.22 -4002.42 -3981.34 -3969.38 -3962.57 -3958.6 -3956.07 -3954.24 -3952.76 -3951.48 -3950.33 -3949.27 -3948.29 -3947.4 -3946.6 -3945.87 -3945.21 -3944.62 -3944.09 -3943.6 -3943.16 -3942.76 -3942.39 -3942.05 -3941.74 -3941.47 -3941.22 -3940.99 -3940.8 -3940.62 -3940.47 -3940.34 -3940.23 -3940.12 -3940.03 -3939.95 -3939.88 -3939.81 -3939.74 -3939.68 -3939.63 -3939.57 -3939.52 -3939.47 -3939.42 -3939.37 -3939.32 -3939.28 -3939.23 -3939.19 -3939.14 -3939.1 -3939.06 -3939.02 -3938.98 -3938.94 -3938.9  
2 105 -8138.53 -4042.91 -3991.3 -3971.3 -3962.03 -3957.08 -3954.27 -3952.48 -3951.2 -3950.22 -3949.43 -3948.77 -3948.23 -3947.77 -3947.38 -3947.06 -3946.79 -3946.57 -3946.38 -3946.22 -3946.08 -3945.96 -3945.86 -3945.76 -3945.66 -3945.58 -3945.49 -3945.41 -3945.33 -3945.25 -3945.17 -3945.09 -3945.01 -3944.93 -3944.85 -3944.77 -3944.68 -3944.59 -3944.51 -3944.41 -3944.32 -3944.23 -3944.13 -3944.03 -3943.93 -3943.83 -3943.72 -3943.61 -3943.5 -3943.39 -3943.27 -3943.16 -3943.04 -3942.92 -3942.8 -3942.67 -3942.55 -3942.42 -3942.3 -3942.17 -3942.04 -3941.91 -3941.78 -3941.65 -3941.52 -3941.39 -3941.25 -3941.12 -3940.99 -3940.86 -3940.73 -3940.6 -3940.47 -3940.34 -3940.22 -3940.09 -3939.97 -3939.84 -3939.72 -3939.6 -3939.48 -3939.36 -3939.24 -3939.13 -3939.02 -3938.91 -3938.8 -3938.69 -3938.59 -3938.49 -3938.39 -3938.3 -3938.2 -3938.12 -3938.03 -3937.95 -3937.88 -3937.81 -3937.74 -3937.68 -3937.63 -3937.57 -3937.53 -3937.48 -3937.44  
nearest neighbor of 7/alarm_0.fg is 3/alarm_3.fg 81.5702
nearest neighbor of 7/alarm_1.fg is 2/alarm_2.fg 68.4535
nearest neighbor of 7/alarm_2.fg is 2/alarm_2.fg 63.7665
nearest neighbor of 7/alarm_3.fg is 3/alarm_3.fg 73.2755

2 10 -7219.75 -3970.61 -3955.44 -3948.19 -3943.54 -3940.73 -3939.34 -3938.85 -3938.72 -3938.7  
3 69 -5717.33 -4162.4 -4104.07 -4066.42 -4039.22 -4020.67 -4009.41 -4002.25 -3997.1 -3992.6 -3987.62 -3981.77 -3975.9 -3971.18 -3967.78 -3965.08 -3962.72 -3960.71 -3959.09 -3957.71 -3956.43 -3955.15 -3953.87 -3952.56 -3951.25 -3949.94 -3948.7 -3947.57 -3946.62 -3945.88 -3945.3 -3944.83 -3944.43 -3944.06 -3943.72 -3943.4 -3943.11 -3942.83 -3942.56 -3942.3 -3942.05 -3941.81 -3941.57 -3941.34 -3941.11 -3940.89 -3940.68 -3940.48 -3940.3 -3940.13 -3939.98 -3939.84 -3939.72 -3939.61 -3939.52 -3939.44 -3939.37 -3939.3 -3939.24 -3939.19 -3939.14 -3939.1 -3939.05 -3939.01 -3938.97 -3938.93 -3938.89 -3938.85 -3938.81  
0 75 -7970.02 -4002.89 -3969.38 -3955.09 -3948.08 -3944.8 -3943.3 -3942.56 -3942.12 -3941.82 -3941.6 -3941.41 -3941.25 -3941.12 -3940.99 -3940.87 -3940.76 -3940.66 -3940.56 -3940.47 -3940.38 -3940.29 -3940.21 -3940.13 -3940.05 -3939.97 -3939.9 -3939.83 -3939.76 -3939.69 -3939.62 -3939.56 -3939.49 -3939.43 -3939.37 -3939.31 -3939.25 -3939.19 -3939.13 -3939.07 -3939.02 -3938.96 -3938.91 -3938.85 -3938.8 -3938.75 -3938.7 -3938.64 -3938.59 -3938.54 -3938.49 -3938.44 -3938.39 -3938.34 -3938.28 -3938.23 -3938.18 -3938.13 -3938.08 -3938.03 -3937.98 -3937.93 -3937.88 -3937.83 -3937.78 -3937.73 -3937.68 -3937.63 -3937.59 -3937.54 -3937.49 -3937.45 -3937.41 -3937.37 -3937.33  
1 93 -6896.63 -4026.79 -3981.19 -3964.65 -3958.15 -3954.99 -3952.85 -3951.14 -3949.72 -3948.57 -3947.68 -3947.01 -3946.5 -3946.08 -3945.74 -3945.44 -3945.19 -3944.97 -3944.78 -3944.61 -3944.45 -3944.31 -3944.18 -3944.05 -3943.93 -3943.81 -3943.69 -3943.58 -3943.47 -3943.36 -3943.26 -3943.16 -3943.05 -3942.96 -3942.86 -3942.76 -3942.67 -3942.58 -3942.49 -3942.4 -3942.31 -3942.23 -3942.14 -3942.06 -3941.98 -3941.9 -3941.82 -3941.74 -3941.66 -3941.58 -3941.5 -3941.43 -3941.35 -3941.28 -3941.2 -3941.13 -3941.05 -3940.98 -3940.91 -3940.84 -3940.77 -3940.7 -3940.62 -3940.55 -3940.49 -3940.42 -3940.35 -3940.28 -3940.21 -3940.15 -3940.08 -3940.02 -3939.96 -3939.9 -3939.84 -3939.78 -3939.72 -3939.66 -3939.61 -3939.55 -3939.5 -3939.45 -3939.4 -3939.35 -3939.3 -3939.25 -3939.21 -3939.16 -3939.12 -3939.08 -3939.04 -3939 -3938.96  
nearest neighbor of 8/alarm_0.fg is 3/alarm_1.fg 70.1647
nearest neighbor of 8/alarm_1.fg is 2/alarm_2.fg 62.6697
nearest neighbor of 8/alarm_2.fg is 3/alarm_3.fg 72.9897
nearest neighbor of 8/alarm_3.fg is 2/alarm_2.fg 61.3592

1 24 -5907.7 -4009.35 -3958.18 -3948.15 -3944.4 -3942.5 -3941.42 -3940.79 -3940.4 -3940.15 -3939.97 -3939.84 -3939.75 -3939.66 -3939.6 -3939.54 -3939.48 -3939.43 -3939.38 -3939.34 -3939.3 -3939.26 -3939.22 -3939.18  
3 32 -6681.94 -4010.41 -3973.95 -3959.17 -3951.85 -3946.82 -3943.87 -3942.3 -3941.43 -3940.91 -3940.59 -3940.38 -3940.23 -3940.12 -3940.03 -3939.95 -3939.88 -3939.82 -3939.76 -3939.71 -3939.66 -3939.6 -3939.55 -3939.51 -3939.46 -3939.41 -3939.37 -3939.33 -3939.28 -3939.24 -3939.2 -3939.16  
2 54 -6549.88 -4038.79 -3989.84 -3969.54 -3961.06 -3955.16 -3951.02 -3948.46 -3946.94 -3945.96 -3945.28 -3944.75 -3944.32 -3943.96 -3943.65 -3943.4 -3943.18 -3943 -3942.85 -3942.71 -3942.58 -3942.46 -3942.35 -3942.25 -3942.15 -3942.05 -3941.96 -3941.87 -3941.78 -3941.7 -3941.62 -3941.55 -3941.47 -3941.4 -3941.33 -3941.27 -3941.2 -3941.14 -3941.08 -3941.02 -3940.96 -3940.91 -3940.86 -3940.8 -3940.75 -3940.71 -3940.66 -3940.61 -3940.57 -3940.52 -3940.48 -3940.44 -3940.4 -3940.36  
0 67 -6529.55 -4087.27 -4032.68 -4002.61 -3982.48 -3969.91 -3963.31 -3959.89 -3957.81 -3956.12 -3954.42 -3952.57 -3950.53 -3948.36 -3946.2 -3944.06 -3942.4 -3941.73 -3941.49 -3941.31 -3941.14 -3940.97 -3940.8 -3940.63 -3940.48 -3940.33 -3940.19 -3940.06 -3939.95 -3939.84 -3939.75 -3939.67 -3939.59 -3939.53 -3939.47 -3939.41 -3939.36 -3939.31 -3939.25 -3939.2 -3939.14 -3939.08 -3939.02 -3938.96 -3938.89 -3938.83 -3938.76 -3938.7 -3938.64 -3938.58 -3938.52 -3938.46 -3938.4 -3938.34 -3938.29 -3938.23 -3938.18 -3938.13 -3938.08 -3938.03 -3937.98 -3937.94 -3937.89 -3937.85 -3937.81 -3937.77 -3937.73  
nearest neighbor of 9/alarm_0.fg is 3/alarm_3.fg 69.2247
nearest neighbor of 9/alarm_1.fg is 3/alarm_1.fg 82.2561
nearest neighbor of 9/alarm_2.fg is 2/alarm_3.fg 67.0514
nearest neighbor of 9/alarm_3.fg is 2/alarm_2.fg 78.0249

0 17 -5555.56 -3997.62 -3960.72 -3950.69 -3946.45 -3944.18 -3942.82 -3941.95 -3941.38 -3941 -3940.74 -3940.56 -3940.44 -3940.35 -3940.28 -3940.24 -3940.2  
2 34 -7737.99 -4156.5 -4093.43 -4055.47 -4032.07 -4016.64 -4003.02 -3989.68 -3977.8 -3968.83 -3962.69 -3958.51 -3955.54 -3953.2 -3951.21 -3949.47 -3947.96 -3946.62 -3945.37 -3944.21 -3943.16 -3942.25 -3941.49 -3940.89 -3940.42 -3940.08 -3939.84 -3939.68 -3939.56 -3939.47 -3939.41 -3939.35 -3939.31 -3939.27  
1 58 -6185.67 -3999.78 -3969.76 -3959.87 -3954.94 -3951.9 -3949.87 -3948.42 -3947.35 -3946.56 -3945.96 -3945.49 -3945.12 -3944.82 -3944.58 -3944.37 -3944.2 -3944.06 -3943.93 -3943.83 -3943.73 -3943.64 -3943.56 -3943.48 -3943.4 -3943.32 -3943.23 -3943.13 -3943.03 -3942.93 -3942.81 -3942.68 -3942.54 -3942.39 -3942.22 -3942.04 -3941.84 -3941.63 -3941.4 -3941.16 -3940.91 -3940.65 -3940.38 -3940.11 -3939.86 -3939.61 -3939.38 -3939.18 -3938.99 -3938.84 -3938.71 -3938.6 -3938.51 -3938.44 -3938.38 -3938.33 -3938.29 -3938.25  
3 99 -6762.45 -4017.71 -3986.03 -3969.16 -3958.67 -3952.6 -3949.52 -3948.01 -3947.17 -3946.64 -3946.26 -3945.98 -3945.76 -3945.59 -3945.45 -3945.33 -3945.24 -3945.15 -3945.07 -3945 -3944.93 -3944.87 -3944.8 -3944.74 -3944.68 -3944.62 -3944.55 -3944.49 -3944.43 -3944.36 -3944.29 -3944.23 -3944.16 -3944.09 -3944.02 -3943.94 -3943.87 -3943.79 -3943.72 -3943.64 -3943.56 -3943.48 -3943.39 -3943.31 -3943.22 -3943.14 -3943.05 -3942.96 -3942.87 -3942.77 -3942.68 -3942.58 -3942.49 -3942.39 -3942.29 -3942.19 -3942.09 -3941.99 -3941.88 -3941.77 -3941.67 -3941.56 -3941.44 -3941.33 -3941.21 -3941.09 -3940.97 -3940.85 -3940.72 -3940.6 -3940.47 -3940.33 -3940.2 -3940.06 -3939.92 -3939.78 -3939.64 -3939.5 -3939.36 -3939.22 -3939.08 -3938.94 -3938.8 -3938.66 -3938.53 -3938.41 -3938.29 -3938.17 -3938.06 -3937.96 -3937.87 -3937.78 -3937.7 -3937.63 -3937.57 -3937.52 -3937.47 -3937.42 -3937.39  
nearest neighbor of 10/alarm_0.fg is 3/alarm_3.fg 83.8849
nearest neighbor of 10/alarm_1.fg is 2/alarm_2.fg 69.5404
nearest neighbor of 10/alarm_2.fg is 2/alarm_2.fg 56.0956
nearest neighbor of 10/alarm_3.fg is 2/alarm_3.fg 65.0192

