-4551.51 -4013.28 -3968.35 -3955.7 -3950.93 -3948.41 -3946.88 -3945.9 -3945.23 -3944.76 -3944.41 -3944.14 -3943.94 -3943.78 -3943.66 -3943.56 -3943.49 -3943.43 -3943.38 -3943.33 -3943.29 -3943.26 ./alarm/500/19.tab ./500PM/19/0/0.5/learned/4/alarm_2.fg 22 -3943.26
Time taken: 16s
 Processor Time taken: 15s
-4551.51 -4013.28 -3968.35 -3955.7 -3950.93 -3948.41 -3946.88 -3945.9 -3945.23 -3944.76 -3944.41 -3944.14 -3943.94 -3943.78 -3943.66 -3943.56 -3943.49 -3943.43 -3943.38 -3943.33 -3943.29 -3943.26 ./alarm/500/19.tab ./500PM/19/0/0.5/learned/4/alarm_2.fg 22 -3943.26
Time taken: 15s
 Processor Time taken: 15s
-4551.51 -4013.28 -3968.35 -3955.7 -3950.93 -3948.41 -3946.88 -3945.9 -3945.23 -3944.76 -3944.41 -3944.14 -3943.94 -3943.78 -3943.66 -3943.56 -3943.49 -3943.43 -3943.38 -3943.33 -3943.29 -3943.26 ./alarm/500/19.tab ./500PM/19/0/0.5/learned/4/alarm_2.fg 22 -3943.26
Time taken: 15s
 Processor Time taken: 14s
-4551.51 -4013.28 -3968.35 -3955.7 -3950.93 -3948.41 -3946.88 -3945.9 -3945.23 -3944.76 -3944.41 -3944.14 -3943.94 -3943.78 -3943.66 -3943.56 -3943.49 -3943.43 -3943.38 -3943.33 -3943.29 -3943.26 ./alarm/500/19.tab ./500PM/19/0/0.5/learned/4/alarm_2.fg 22 -3943.26
Time taken: 15s
 Processor Time taken: 15s
-4551.51 -4013.28 -3968.35 -3955.7 -3950.93 -3948.41 -3946.88 -3945.9 -3945.23 -3944.76 -3944.41 -3944.14 -3943.94 -3943.78 -3943.66 -3943.56 -3943.49 -3943.43 -3943.38 -3943.33 -3943.29 -3943.26 ./alarm/500/19.tab ./500PM/19/0/0.5/learned/4/alarm_2.fg 22 -3943.26
Time taken: 15s
 Processor Time taken: 15s
-4551.51 -4013.28 -3968.35 -3955.7 -3950.93 -3948.41 -3946.88 -3945.9 -3945.23 -3944.76 -3944.41 -3944.14 -3943.94 -3943.78 -3943.66 -3943.56 -3943.49 -3943.43 -3943.38 -3943.33 -3943.29 -3943.26 ./alarm/500/19.tab ./500PM/19/0/0.5/learned/4/alarm_2.fg 22 -3943.26
Time taken: 15s
 Processor Time taken: 15s
-4551.51 -4013.28 -3968.35 -3955.7 -3950.93 -3948.41 -3946.88 -3945.9 -3945.23 -3944.76 -3944.41 -3944.14 -3943.94 -3943.78 -3943.66 -3943.56 -3943.49 -3943.43 -3943.38 -3943.33 -3943.29 -3943.26 ./alarm/500/19.tab ./500PM/19/0/0.5/learned/4/alarm_2.fg 22 -3943.26
Time taken: 15s
 Processor Time taken: 15s
-4551.51 -4013.28 -3968.35 -3955.7 -3950.93 -3948.41 -3946.88 -3945.9 -3945.23 -3944.76 -3944.41 -3944.14 -3943.94 -3943.78 -3943.66 -3943.56 -3943.49 -3943.43 -3943.38 -3943.33 -3943.29 -3943.26 ./alarm/500/19.tab ./500PM/19/0/0.5/learned/4/alarm_2.fg 22 -3943.26
Time taken: 15s
 Processor Time taken: 15s
-3941.73 -3941.53 -3941.49 -3941.44 -3941.4 -3941.36 ./alarm/500/19.tab ./500/19/0/0.5/learned/4/alarm_0.fg 6 -3941.36
Time taken: 4s
 Processor Time taken: 4s
-3941.73 -3941.53 -3941.49 -3941.44 -3941.4 -3941.36 ./alarm/500/19.tab ./500/19/0/0.5/0/alarm_0.fg 6 -3941.36
Time taken: 5s
 Processor Time taken: 4s
-10858.9 -4212.55 -4132.94 -4090.96 -4062.04 -4040.82 -4022.19 -4007.93 -4000.25 -3996.35 -3993.7 -3991.61 -3989.93 -3988.57 -3987.48 -3986.6 -3985.87 -3985.24 -3984.68 -3984.16 -3983.66 -3983.17 -3982.68 -3982.17 -3981.64 -3981.07 -3980.46 -3979.81 -3979.1 -3978.35 -3977.55 -3976.76 -3976.01 -3975.37 -3974.85 -3974.44 -3974.11 -3973.83 -3973.58 -3973.33 -3973.07 -3972.79 -3972.49 -3972.18 -3971.87 -3971.57 -3971.3 -3971.06 -3970.85 -3970.65 -3970.47 -3970.29 -3970.11 -3969.94 -3969.77 -3969.61 -3969.46 -3969.32 -3969.19 -3969.08 -3968.97 -3968.88 -3968.79 -3968.71 -3968.63 -3968.56 -3968.49 -3968.43 -3968.36 -3968.3 -3968.24 -3968.18 -3968.12 -3968.06 -3968 -3967.94 -3967.87 -3967.81 -3967.75 -3967.68 -3967.62 -3967.55 -3967.48 -3967.41 -3967.34 -3967.28 -3967.21 -3967.14 -3967.06 -3966.99 -3966.92 -3966.85 -3966.78 -3966.71 -3966.64 -3966.57 -3966.5 -3966.43 -3966.36 -3966.29 -3966.22 -3966.16 -3966.09 -3966.03 -3965.96 -3965.9 -3965.84 -3965.78 -3965.71 -3965.65 -3965.6 -3965.54 -3965.48 -3965.42 -3965.37 -3965.31 -3965.26 -3965.2 -3965.15 -3965.1 -3965.04 -3964.99 -3964.94 -3964.89 -3964.84 -3964.79 -3964.74 -3964.7 -3964.65 -3964.6 -3964.55 -3964.51 -3964.46 -3964.42 -3964.37 -3964.33 -3964.29 -3964.24 -3964.2 -3964.16 -3964.12 -3964.08 -3964.04 -3964 ./alarm/500/19.tab ./500/19/0/0.5/0/alarm_0.fg 144 -3964
Time taken: 107s
 Processor Time taken: 105s
-9630.29 -4211.45 -4127.91 -4082.98 -4054.98 -4040.36 -4030.98 -4022.31 -4013.35 -4003.52 -3992.58 -3982.57 -3975.87 -3972.36 -3970.63 -3969.5 -3968.49 -3967.52 -3966.6 -3965.74 -3964.94 -3964.22 -3963.55 -3962.92 -3962.32 -3961.69 -3960.97 -3959.97 -3958.39 -3955.92 -3952.86 -3950.29 -3948.89 -3948.25 -3947.91 -3947.67 -3947.46 -3947.27 -3947.09 -3946.92 -3946.76 -3946.61 -3946.46 -3946.33 -3946.2 -3946.08 -3945.96 -3945.85 -3945.75 -3945.64 -3945.55 -3945.45 -3945.37 -3945.28 -3945.19 -3945.11 -3945.03 -3944.95 -3944.88 -3944.8 -3944.73 -3944.66 -3944.58 -3944.51 -3944.44 -3944.38 -3944.31 -3944.24 -3944.18 -3944.11 -3944.05 -3943.98 -3943.92 -3943.86 -3943.8 -3943.75 -3943.69 -3943.64 -3943.59 -3943.54 -3943.49 -3943.44 -3943.4 -3943.36 -3943.32 ./alarm/500/19.tab ./500/19/0/0.5/0/alarm_1.fg 85 -3943.32
Time taken: 59s
 Processor Time taken: 58s
-10858.9 -4212.55 -4132.94 -4090.96 -4062.04 -4040.82 -4022.19 -4007.93 -4000.25 -3996.35 -3993.7 -3991.61 -3989.93 -3988.57 -3987.48 -3986.6 -3985.87 -3985.24 -3984.68 -3984.16 -3983.66 -3983.17 -3982.68 -3982.17 -3981.64 -3981.07 -3980.46 -3979.81 -3979.1 -3978.35 -3977.55 -3976.76 -3976.01 -3975.37 -3974.85 -3974.44 -3974.11 -3973.83 -3973.58 -3973.33 -3973.07 -3972.79 -3972.49 -3972.18 -3971.87 -3971.57 -3971.3 -3971.06 -3970.85 -3970.65 -3970.47 -3970.29 -3970.11 -3969.94 -3969.77 -3969.61 -3969.46 -3969.32 -3969.19 -3969.08 -3968.97 -3968.88 -3968.79 -3968.71 -3968.63 -3968.56 -3968.49 -3968.43 -3968.36 -3968.3 -3968.24 -3968.18 -3968.12 -3968.06 -3968 -3967.94 -3967.87 -3967.81 -3967.75 -3967.68 -3967.62 -3967.55 -3967.48 -3967.41 -3967.34 -3967.28 -3967.21 -3967.14 -3967.06 -3966.99 -3966.92 -3966.85 -3966.78 -3966.71 -3966.64 -3966.57 -3966.5 -3966.43 -3966.36 -3966.29 -3966.22 -3966.16 -3966.09 -3966.03 -3965.96 -3965.9 -3965.84 -3965.78 -3965.71 -3965.65 -3965.6 -3965.54 -3965.48 -3965.42 -3965.37 -3965.31 -3965.26 -3965.2 -3965.15 -3965.1 -3965.04 -3964.99 -3964.94 -3964.89 -3964.84 -3964.79 -3964.74 -3964.7 -3964.65 -3964.6 -3964.55 -3964.51 -3964.46 -3964.42 -3964.37 -3964.33 -3964.29 -3964.24 -3964.2 -3964.16 -3964.12 -3964.08 -3964.04 -3964 ./alarm/500/19.tab ./500/19/0/0.5/0/alarm_0.fg 144 -3964
Time taken: 99s
 Processor Time taken: 99s
-10858.9 -4212.55 -4132.94 -4090.96 -4062.04 -4040.82 -4022.19 -4007.93 -4000.25 -3996.35 -3993.7 -3991.61 -3989.93 -3988.57 -3987.48 -3986.6 -3985.87 -3985.24 -3984.68 -3984.16 -3983.66 -3983.17 -3982.68 -3982.17 -3981.64 -3981.07 -3980.46 -3979.81 -3979.1 -3978.35 -3977.55 -3976.76 -3976.01 -3975.37 -3974.85 -3974.44 -3974.11 -3973.83 -3973.58 -3973.33 -3973.07 -3972.79 -3972.49 -3972.18 -3971.87 -3971.57 -3971.3 -3971.06 -3970.85 -3970.65 -3970.47 -3970.29 -3970.11 -3969.94 -3969.77 -3969.61 -3969.46 -3969.32 -3969.19 -3969.08 -3968.97 -3968.88 -3968.79 -3968.71 -3968.63 -3968.56 -3968.49 -3968.43 -3968.36 -3968.3 -3968.24 -3968.18 -3968.12 -3968.06 -3968 -3967.94 -3967.87 -3967.81 -3967.75 -3967.68 -3967.62 -3967.55 -3967.48 -3967.41 -3967.34 -3967.28 -3967.21 -3967.14 -3967.06 -3966.99 -3966.92 -3966.85 -3966.78 -3966.71 -3966.64 -3966.57 -3966.5 -3966.43 -3966.36 -3966.29 -3966.22 -3966.16 -3966.09 -3966.03 -3965.96 -3965.9 -3965.84 -3965.78 -3965.71 -3965.65 -3965.6 -3965.54 -3965.48 -3965.42 -3965.37 -3965.31 -3965.26 -3965.2 -3965.15 -3965.1 -3965.04 -3964.99 -3964.94 -3964.89 -3964.84 -3964.79 -3964.74 -3964.7 -3964.65 -3964.6 -3964.55 -3964.51 -3964.46 -3964.42 -3964.37 -3964.33 -3964.29 -3964.24 -3964.2 -3964.16 -3964.12 -3964.08 -3964.04 -3964 ./alarm/500/19.tab ./500/19/0/0.5/0/alarm_0.fg 144 -3964
Time taken: 103s
 Processor Time taken: 103s
-10858.9 -4212.55 -4132.94 -4090.96 -4062.04 -4040.82 -4022.19 -4007.93 -4000.25 -3996.35 -3993.7 -3991.61 -3989.93 -3988.57 -3987.48 -3986.6 -3985.87 -3985.24 -3984.68 -3984.16 -3983.66 -3983.17 -3982.68 -3982.17 -3981.64 -3981.07 -3980.46 -3979.81 -3979.1 -3978.35 -3977.55 -3976.76 -3976.01 -3975.37 -3974.85 -3974.44 -3974.11 -3973.83 -3973.58 -3973.33 -3973.07 -3972.79 -3972.49 -3972.18 -3971.87 -3971.57 -3971.3 -3971.06 -3970.85 -3970.65 -3970.47 -3970.29 -3970.11 -3969.94 -3969.77 -3969.61 -3969.46 -3969.32 -3969.19 -3969.08 -3968.97 -3968.88 -3968.79 -3968.71 -3968.63 -3968.56 -3968.49 -3968.43 -3968.36 -3968.3 -3968.24 -3968.18 -3968.12 -3968.06 -3968 -3967.94 -3967.87 -3967.81 -3967.75 -3967.68 -3967.62 -3967.55 -3967.48 -3967.41 -3967.34 -3967.28 -3967.21 -3967.14 -3967.06 -3966.99 -3966.92 -3966.85 -3966.78 -3966.71 -3966.64 -3966.57 -3966.5 -3966.43 -3966.36 -3966.29 -3966.22 -3966.16 -3966.09 -3966.03 -3965.96 -3965.9 -3965.84 -3965.78 -3965.71 -3965.65 -3965.6 -3965.54 -3965.48 -3965.42 -3965.37 -3965.31 -3965.26 -3965.2 -3965.15 -3965.1 -3965.04 -3964.99 -3964.94 -3964.89 -3964.84 -3964.79 -3964.74 -3964.7 -3964.65 -3964.6 -3964.55 -3964.51 -3964.46 -3964.42 -3964.37 -3964.33 -3964.29 -3964.24 -3964.2 -3964.16 -3964.12 -3964.08 -3964.04 -3964 ./alarm/500/19.tab ./500/19/0/0.5/0/alarm_0.fg 144 -3964
Time taken: 101s
 Processor Time taken: 97s
-10858.9 -4212.55 -4132.94 -4090.96 -4062.04 -4040.82 -4022.19 -4007.93 -4000.25 -3996.35 -3993.7 -3991.61 -3989.93 -3988.57 -3987.48 -3986.6 -3985.87 -3985.24 -3984.68 -3984.16 -3983.66 -3983.17 -3982.68 -3982.17 -3981.64 -3981.07 -3980.46 -3979.81 -3979.1 -3978.35 -3977.55 -3976.76 -3976.01 -3975.37 -3974.85 -3974.44 -3974.11 -3973.83 -3973.58 -3973.33 -3973.07 -3972.79 -3972.49 -3972.18 -3971.87 -3971.57 -3971.3 -3971.06 -3970.85 -3970.65 -3970.47 -3970.29 -3970.11 -3969.94 -3969.77 -3969.61 -3969.46 -3969.32 -3969.19 -3969.08 -3968.97 -3968.88 -3968.79 -3968.71 -3968.63 -3968.56 -3968.49 -3968.43 -3968.36 -3968.3 -3968.24 -3968.18 -3968.12 -3968.06 -3968 -3967.94 -3967.87 -3967.81 -3967.75 -3967.68 -3967.62 -3967.55 -3967.48 -3967.41 -3967.34 -3967.28 -3967.21 -3967.14 -3967.06 -3966.99 -3966.92 -3966.85 -3966.78 -3966.71 -3966.64 -3966.57 -3966.5 -3966.43 -3966.36 -3966.29 -3966.22 -3966.16 -3966.09 -3966.03 -3965.96 -3965.9 -3965.84 -3965.78 -3965.71 -3965.65 -3965.6 -3965.54 -3965.48 -3965.42 -3965.37 -3965.31 -3965.26 -3965.2 -3965.15 -3965.1 -3965.04 -3964.99 -3964.94 -3964.89 -3964.84 -3964.79 -3964.74 -3964.7 -3964.65 -3964.6 -3964.55 -3964.51 -3964.46 -3964.42 -3964.37 -3964.33 -3964.29 -3964.24 -3964.2 -3964.16 -3964.12 -3964.08 -3964.04 -3964 ./alarm/500/19.tab ./500/19/0/0.5/0/alarm_0.fg 144 -3964
Time taken: 104s
 Processor Time taken: 103s
-3964.57 -3963.95 -3963.91 ./alarm/500/19.tab ./500/19/0/0.5/learned/0/alarm_0.fg 3 -3963.91
Time taken: 2s
 Processor Time taken: 2s
-3964.57 -3963.95 -3963.91 ./alarm/500/19.tab ./500/19/0/0.5/learned/0/alarm_0.fg 3 -3963.91
Time taken: 2s
 Processor Time taken: 2s
-3964.57 -3963.95 -3963.91 ./alarm/500/19.tab ./500/19/0/0.5/learned/0/alarm_0.fg 3 -3963.91
Time taken: 2s
 Processor Time taken: 2s
-3964.57 -3963.95 -3963.91 ./alarm/500/19.tab ./500/19/0/0.5/learned/0/alarm_0.fg 3 -3963.91
Time taken: 2s
 Processor Time taken: 2s
-3964.57 -3963.95 -3963.91 ./alarm/500/19.tab ./500/19/0/0.5/learned/0/alarm_0.fg 3 -3963.91
Time taken: 2s
 Processor Time taken: 2s
-10858.9 -4212.55 -4132.94 -4090.96 -4062.04 -4040.82 -4022.19 -4007.93 -4000.25 -3996.35 -3993.7 -3991.61 -3989.93 -3988.57 -3987.48 -3986.6 -3985.87 -3985.24 -3984.68 -3984.16 -3983.66 -3983.17 -3982.68 -3982.17 -3981.64 -3981.07 -3980.46 -3979.81 -3979.1 -3978.35 -3977.55 -3976.76 -3976.01 -3975.37 -3974.85 -3974.44 -3974.11 -3973.83 -3973.58 -3973.33 -3973.07 -3972.79 -3972.49 -3972.18 -3971.87 -3971.57 -3971.3 -3971.06 -3970.85 -3970.65 -3970.47 -3970.29 -3970.11 -3969.94 -3969.77 -3969.61 -3969.46 -3969.32 -3969.19 -3969.08 -3968.97 -3968.88 -3968.79 -3968.71 -3968.63 -3968.56 -3968.49 -3968.43 -3968.36 -3968.3 -3968.24 -3968.18 -3968.12 -3968.06 -3968 -3967.94 -3967.87 -3967.81 -3967.75 -3967.68 -3967.62 -3967.55 -3967.48 -3967.41 -3967.34 -3967.28 -3967.21 -3967.14 -3967.06 -3966.99 -3966.92 -3966.85 -3966.78 -3966.71 -3966.64 -3966.57 -3966.5 -3966.43 -3966.36 -3966.29 -3966.22 -3966.16 -3966.09 -3966.03 -3965.96 -3965.9 -3965.84 -3965.78 -3965.71 -3965.65 -3965.6 -3965.54 -3965.48 -3965.42 -3965.37 -3965.31 -3965.26 -3965.2 -3965.15 -3965.1 -3965.04 -3964.99 -3964.94 -3964.89 -3964.84 -3964.79 -3964.74 -3964.7 -3964.65 -3964.6 -3964.55 -3964.51 -3964.46 -3964.42 -3964.37 -3964.33 -3964.29 -3964.24 -3964.2 -3964.16 -3964.12 -3964.08 -3964.04 -3964 ./alarm/500/19.tab ./500/19/0/0.5/0/alarm_0.fg 144 -3964
Time taken: 99s
 Processor Time taken: 97s
-10858.9 -4212.55 -4132.94 -4090.96 -4062.04 -4040.82 -4022.19 -4007.93 -4000.25 -3996.35 -3993.7 -3991.61 -3989.93 -3988.57 -3987.48 -3986.6 -3985.87 -3985.24 -3984.68 -3984.16 -3983.66 -3983.17 -3982.68 -3982.17 -3981.64 -3981.07 -3980.46 -3979.81 -3979.1 -3978.35 -3977.55 -3976.76 -3976.01 -3975.37 -3974.85 -3974.44 -3974.11 -3973.83 -3973.58 -3973.33 -3973.07 -3972.79 -3972.49 -3972.18 -3971.87 -3971.57 -3971.3 -3971.06 -3970.85 -3970.65 -3970.47 -3970.29 -3970.11 -3969.94 -3969.77 -3969.61 -3969.46 -3969.32 -3969.19 -3969.08 -3968.97 -3968.88 -3968.79 -3968.71 -3968.63 -3968.56 -3968.49 -3968.43 -3968.36 -3968.3 -3968.24 -3968.18 -3968.12 -3968.06 -3968 -3967.94 -3967.87 -3967.81 -3967.75 -3967.68 -3967.62 -3967.55 -3967.48 -3967.41 -3967.34 -3967.28 -3967.21 -3967.14 -3967.06 -3966.99 -3966.92 -3966.85 -3966.78 -3966.71 -3966.64 -3966.57 -3966.5 -3966.43 -3966.36 -3966.29 -3966.22 -3966.16 -3966.09 -3966.03 -3965.96 -3965.9 -3965.84 -3965.78 -3965.71 -3965.65 -3965.6 -3965.54 -3965.48 -3965.42 -3965.37 -3965.31 -3965.26 -3965.2 -3965.15 -3965.1 -3965.04 -3964.99 -3964.94 -3964.89 -3964.84 -3964.79 -3964.74 -3964.7 -3964.65 -3964.6 -3964.55 -3964.51 -3964.46 -3964.42 -3964.37 -3964.33 -3964.29 -3964.24 -3964.2 -3964.16 -3964.12 -3964.08 -3964.04 -3964 ./alarm/500/19.tab ./500/19/0/0.5/0/alarm_0.fg 144 -3964
Time taken: 98s
 Processor Time taken: 97s
-10858.9 -4212.55 -4132.94 -4090.96 -4062.04 -4040.82 -4022.19 -4007.93 -4000.25 -3996.35 -3993.7 -3991.61 -3989.93 -3988.57 -3987.48 -3986.6 -3985.87 -3985.24 -3984.68 -3984.16 -3983.66 -3983.17 -3982.68 -3982.17 -3981.64 -3981.07 -3980.46 -3979.81 -3979.1 -3978.35 -3977.55 -3976.76 -3976.01 -3975.37 -3974.85 -3974.44 -3974.11 -3973.83 -3973.58 -3973.33 -3973.07 -3972.79 -3972.49 -3972.18 -3971.87 -3971.57 -3971.3 -3971.06 -3970.85 -3970.65 -3970.47 -3970.29 -3970.11 -3969.94 -3969.77 -3969.61 -3969.46 -3969.32 -3969.19 -3969.08 -3968.97 -3968.88 -3968.79 -3968.71 -3968.63 -3968.56 -3968.49 -3968.43 -3968.36 -3968.3 -3968.24 -3968.18 -3968.12 -3968.06 -3968 -3967.94 -3967.87 -3967.81 -3967.75 -3967.68 -3967.62 -3967.55 -3967.48 -3967.41 -3967.34 -3967.28 -3967.21 -3967.14 -3967.06 -3966.99 -3966.92 -3966.85 -3966.78 -3966.71 -3966.64 -3966.57 -3966.5 -3966.43 -3966.36 -3966.29 -3966.22 -3966.16 -3966.09 -3966.03 -3965.96 -3965.9 -3965.84 -3965.78 -3965.71 -3965.65 -3965.6 -3965.54 -3965.48 -3965.42 -3965.37 -3965.31 -3965.26 -3965.2 -3965.15 -3965.1 -3965.04 -3964.99 -3964.94 -3964.89 -3964.84 -3964.79 -3964.74 -3964.7 -3964.65 -3964.6 -3964.55 -3964.51 -3964.46 -3964.42 -3964.37 -3964.33 -3964.29 -3964.24 -3964.2 -3964.16 -3964.12 -3964.08 -3964.04 -3964 ./alarm/500/19.tab ./500/19/0/0.5/0/alarm_0.fg 144 -3964
Time taken: 98s
 Processor Time taken: 97s
-10858.9 -4212.55 -4132.94 -4090.96 -4062.04 -4040.82 -4022.19 -4007.93 -4000.25 -3996.35 -3993.7 -3991.61 -3989.93 -3988.57 -3987.48 -3986.6 -3985.87 -3985.24 -3984.68 -3984.16 -3983.66 -3983.17 -3982.68 -3982.17 -3981.64 -3981.07 -3980.46 -3979.81 -3979.1 -3978.35 -3977.55 -3976.76 -3976.01 -3975.37 -3974.85 -3974.44 -3974.11 -3973.83 -3973.58 -3973.33 -3973.07 -3972.79 -3972.49 -3972.18 -3971.87 -3971.57 -3971.3 -3971.06 -3970.85 -3970.65 -3970.47 -3970.29 -3970.11 -3969.94 -3969.77 -3969.61 -3969.46 -3969.32 -3969.19 -3969.08 -3968.97 -3968.88 -3968.79 -3968.71 -3968.63 -3968.56 -3968.49 -3968.43 -3968.36 -3968.3 -3968.24 -3968.18 -3968.12 -3968.06 -3968 -3967.94 -3967.87 -3967.81 -3967.75 -3967.68 -3967.62 -3967.55 -3967.48 -3967.41 -3967.34 -3967.28 -3967.21 -3967.14 -3967.06 -3966.99 -3966.92 -3966.85 -3966.78 -3966.71 -3966.64 -3966.57 -3966.5 -3966.43 -3966.36 -3966.29 -3966.22 -3966.16 -3966.09 -3966.03 -3965.96 -3965.9 -3965.84 -3965.78 -3965.71 -3965.65 -3965.6 -3965.54 -3965.48 -3965.42 -3965.37 -3965.31 -3965.26 -3965.2 -3965.15 -3965.1 -3965.04 -3964.99 -3964.94 -3964.89 -3964.84 -3964.79 -3964.74 -3964.7 -3964.65 -3964.6 -3964.55 -3964.51 -3964.46 -3964.42 -3964.37 -3964.33 -3964.29 -3964.24 -3964.2 -3964.16 -3964.12 -3964.08 -3964.04 -3964 ./alarm/500/19.tab ./500/19/0/0.5/0/alarm_0.fg 144 -3964
Time taken: 99s
 Processor Time taken: 98s
-10858.9 -4212.55 -4132.94 -4090.96 -4062.04 -4040.82 -4022.19 -4007.93 -4000.25 -3996.35 -3993.7 -3991.61 -3989.93 -3988.57 -3987.48 -3986.6 -3985.87 -3985.24 -3984.68 -3984.16 -3983.66 -3983.17 -3982.68 -3982.17 -3981.64 -3981.07 -3980.46 -3979.81 -3979.1 -3978.35 -3977.55 -3976.76 -3976.01 -3975.37 -3974.85 -3974.44 -3974.11 -3973.83 -3973.58 -3973.33 -3973.07 -3972.79 -3972.49 -3972.18 -3971.87 -3971.57 -3971.3 -3971.06 -3970.85 -3970.65 -3970.47 -3970.29 -3970.11 -3969.94 -3969.77 -3969.61 -3969.46 -3969.32 -3969.19 -3969.08 -3968.97 -3968.88 -3968.79 -3968.71 -3968.63 -3968.56 -3968.49 -3968.43 -3968.36 -3968.3 -3968.24 -3968.18 -3968.12 -3968.06 -3968 -3967.94 -3967.87 -3967.81 -3967.75 -3967.68 -3967.62 -3967.55 -3967.48 -3967.41 -3967.34 -3967.28 -3967.21 -3967.14 -3967.06 -3966.99 -3966.92 -3966.85 -3966.78 -3966.71 -3966.64 -3966.57 -3966.5 -3966.43 -3966.36 -3966.29 -3966.22 -3966.16 -3966.09 -3966.03 -3965.96 -3965.9 -3965.84 -3965.78 -3965.71 -3965.65 -3965.6 -3965.54 -3965.48 -3965.42 -3965.37 -3965.31 -3965.26 -3965.2 -3965.15 -3965.1 -3965.04 -3964.99 -3964.94 -3964.89 -3964.84 -3964.79 -3964.74 -3964.7 -3964.65 -3964.6 -3964.55 -3964.51 -3964.46 -3964.42 -3964.37 -3964.33 -3964.29 -3964.24 -3964.2 -3964.16 -3964.12 -3964.08 -3964.04 -3964 ./alarm/500/19.tab ./500/19/0/0.5/0/alarm_0.fg 144 -3964
Time taken: 104s
 Processor Time taken: 98s
-10858.9 -4212.55 -4132.94 -4090.96 -4062.04 -4040.82 -4022.19 -4007.93 -4000.25 -3996.35 -3993.7 -3991.61 -3989.93 -3988.57 -3987.48 -3986.6 -3985.87 -3985.24 -3984.68 -3984.16 -3983.66 -3983.17 -3982.68 -3982.17 -3981.64 -3981.07 -3980.46 -3979.81 -3979.1 -3978.35 -3977.55 -3976.76 -3976.01 -3975.37 -3974.85 -3974.44 -3974.11 -3973.83 -3973.58 -3973.33 -3973.07 -3972.79 -3972.49 -3972.18 -3971.87 -3971.57 -3971.3 -3971.06 -3970.85 -3970.65 -3970.47 -3970.29 -3970.11 -3969.94 -3969.77 -3969.61 -3969.46 -3969.32 -3969.19 -3969.08 -3968.97 -3968.88 -3968.79 -3968.71 -3968.63 -3968.56 -3968.49 -3968.43 -3968.36 -3968.3 -3968.24 -3968.18 -3968.12 -3968.06 -3968 -3967.94 -3967.87 -3967.81 -3967.75 -3967.68 -3967.62 -3967.55 -3967.48 -3967.41 -3967.34 -3967.28 -3967.21 -3967.14 -3967.06 -3966.99 -3966.92 -3966.85 -3966.78 -3966.71 -3966.64 -3966.57 -3966.5 -3966.43 -3966.36 -3966.29 -3966.22 -3966.16 -3966.09 -3966.03 -3965.96 -3965.9 -3965.84 -3965.78 -3965.71 -3965.65 -3965.6 -3965.54 -3965.48 -3965.42 -3965.37 -3965.31 -3965.26 -3965.2 -3965.15 -3965.1 -3965.04 -3964.99 -3964.94 -3964.89 -3964.84 -3964.79 -3964.74 -3964.7 -3964.65 -3964.6 -3964.55 -3964.51 -3964.46 -3964.42 -3964.37 -3964.33 -3964.29 -3964.24 -3964.2 -3964.16 -3964.12 -3964.08 -3964.04 -3964 ./alarm/500/19.tab ./500/19/0/0.5/0/alarm_0.fg 144 -3964
Time taken: 99s
 Processor Time taken: 98s
-5029.09 -1623.02 -1608.17 -1604.25 -1602.42 -1601.32 -1600.62 -1600.16 -1599.86 -1599.67 -1599.53 -1599.44 -1599.37 -1599.33 -1599.29 -1599.27 -1599.25 -1599.24 ./carstarts/carstarts/500/7.tab ./carstarts_factor_graphs/carstarts_factor_graphs/carstarts_0.fg 18 -1599.24
Time taken: 5s
 Processor Time taken: 5s
-5029.09 -1623.02 -1608.17 -1604.25 -1602.42 -1601.32 -1600.62 -1600.16 -1599.86 -1599.67 -1599.53 -1599.44 -1599.37 -1599.33 -1599.29 -1599.27 -1599.25 -1599.24 ./carstarts/carstarts/500/7.tab ./carstarts_factor_graphs/carstarts_factor_graphs/carstarts_0.fg 18 -1599.24
Time taken: 6s
 Processor Time taken: 5s
-5029.09 -1623.02 -1608.17 -1604.25 -1602.42 -1601.32 -1600.62 -1600.16 -1599.86 -1599.67 -1599.53 -1599.44 -1599.37 -1599.33 -1599.29 -1599.27 -1599.25 -1599.24 ./carstarts/carstarts/500/7.tab ./carstarts_factor_graphs/carstarts_factor_graphs/carstarts_0.fg 18 -1599.24
Time taken: 6s
 Processor Time taken: 5s
-8481.38 -2050.82 -2048.14 -2048 -2047.94 -2047.9 -2047.87 -2047.85 -2047.83 ./carstarts/carstarts/500/3.tab ./carstarts_factor_graphs/carstarts_factor_graphs/carstarts_0.fg 9 -2047.83
Time taken: 3s
 Processor Time taken: 3s
-7776.54 -1591.37 -1586.47 -1586.29 -1586.24 -1586.2 -1586.17 -1586.15 -1586.13 -1586.12 ./carstarts/carstarts/500/5.tab ./carstarts_factor_graphs/carstarts_factor_graphs/carstarts_0.fg 10 -1586.12
Time taken: 4s
 Processor Time taken: 3s
-240330 -219543 -219509 -219504 -219496 -219473 -219419 -219310 -219113 -218802 -218394 -217974 -217624 -217345 -217099 -216880 -216717 -216619 -216578 -216575 -216586 ./Recodata/400/Movie4NodeBN1/u1base200.tab ./Recodata/400/Movie4Node1_factor_graphs/Movie4NodeBN1_2.fg 21 -216586
Time taken: 2461s
 Processor Time taken: 2459s
-234737 -219381 -218575 -218226 -218170 -219022 ./Recodata/400/Movie4NodeBN1/u1base200.tab ./Recodata/400/Movie4Node2_factor_graphs/Movie4NodeBN2_2.fg 6 -219022
Time taken: 163s
 Processor Time taken: 162s
-240297 -218603 -218597 -218610 ./Recodata/400/Movie4NodeBN1/u1base200.tab ./Recodata/400/Movie4Node3_factor_graphs/Movie4NodeBN3_2.fg 4 -218610
Time taken: 403s
 Processor Time taken: 402s
-239468 -221043 -221104 ./Recodata/400/Movie5NodeBN1/u1base400.tab ./Recodata/400/Movie5Node1_factor_graphs/Movie5NodeBN1_2.fg 3 -221104
Time taken: 95s
 Processor Time taken: 94s
-239177 -220970 -221019 ./Recodata/400/Movie5NodeBN1/u1base400.tab ./Recodata/400/Movie5Node1_factor_graphs/Movie5NodeBN1_3.fg 3 -221019
Time taken: 95s
 Processor Time taken: 95s
-18287.2 -5051.71 -5028.08 -4998.43 -4967.32 -4940.68 -4921.11 -4909.38 -4903.39 -4899.97 -4897.44 -4895.28 -4893.38 -4891.74 -4890.37 -4889.26 -4888.38 -4887.71 -4887.2 -4886.81 -4886.51 -4886.27 -4886.08 -4885.92 -4885.79 -4885.68 -4885.58 -4885.49 -4885.42 -4885.35 -4885.29 -4885.24 -4885.2 ./alarm/500/alarm_501.tab ./500/alarm_501/0/0.5/0/alarm_0.fg 33 -4885.2
Time taken: 30s
 Processor Time taken: 29s
-1863.12 -2169.56 -2169.56 sprinkler.tab sprinkler_0.fg 3 -2169.56
Time taken: 0s
 Processor Time taken: 0s
-2105.54 -2169.56 -2169.56 sprinkler.tab sprinkler_1.fg 3 -2169.56
Time taken: 0s
 Processor Time taken: 0s
-2837.95 -2169.56 -2169.56 sprinkler.tab sprinkler_1.fg 3 -2169.56
Time taken: 0s
 Processor Time taken: 0s
-127.014 -91.7015 -90.2525 -89.7023 -89.5763 -89.548 -89.5386 -89.5339 -89.5312 -89.5296 -89.5287 -89.5281 sprinkler.tab sprinkler_1.fg 12 -89.5281
Time taken: 0s
 Processor Time taken: 0s
-90.2368 -91.7015 -90.2525 -89.7023 -89.5763 -89.548 -89.5386 -89.5339 -89.5312 -89.5296 -89.5287 -89.5281 sprinkler.tab sprinkler_0.fg 12 -89.5281
Time taken: 0s
 Processor Time taken: 0s
-108.654 -91.7015 -90.2525 -89.7023 -89.5763 -89.548 -89.5386 -89.5339 -89.5312 -89.5296 -89.5287 -89.5281 sprinkler.tab sprinkler_0.fg 12 -89.5281
Time taken: 0s
 Processor Time taken: 0s
-11058.4 -4901.19 -4891.51 -4890.17 -4889.51 -4889.04 -4888.67 -4888.4 -4888.17 -4887.99 -4887.83 -4887.68 -4887.54 -4887.4 -4887.27 -4887.13 -4886.99 -4886.86 -4886.72 -4886.58 -4886.45 -4886.32 -4886.2 -4886.08 -4885.96 -4885.85 -4885.75 -4885.66 -4885.58 -4885.5 -4885.43 -4885.36 -4885.31 -4885.26 -4885.22 ./alarm/500/alarm_501.tab ./500/alarm_501/0/0.5/0/alarm_1.fg 35 -4885.22
Time taken: 31s
 Processor Time taken: 31s
-18287.2 -5051.71 -5028.08 -4998.43 -4967.32 -4940.68 -4921.11 -4909.38 -4903.39 -4899.97 -4897.44 -4895.28 -4893.38 -4891.74 -4890.37 -4889.26 -4888.38 -4887.71 -4887.2 -4886.81 -4886.51 -4886.27 -4886.08 -4885.92 -4885.79 -4885.68 -4885.58 -4885.49 -4885.42 -4885.35 -4885.29 -4885.24 -4885.2 ./alarm/500/alarm_501.tab ./500/alarm_501/0/0.5/0/alarm_0.fg 33 -4885.2
Time taken: 29s
 Processor Time taken: 29s
-18187.9 -5010.79 -4977.64 -4948.97 -4929.83 -4920.22 -4916.25 -4914.32 -4912.89 -4911.53 -4910.12 -4908.64 -4907.07 -4905.42 -4903.7 -4901.92 -4900.1 -4898.27 -4896.48 -4894.78 -4893.2 -4891.8 -4890.6 -4889.6 -4888.79 -4888.15 -4887.64 -4887.25 -4886.93 -4886.67 -4886.45 -4886.27 -4886.11 -4885.98 -4885.85 -4885.74 -4885.64 -4885.55 -4885.47 -4885.4 -4885.34 -4885.28 -4885.24 ./alarm/500/alarm_501.tab ./500/alarm_501/0/0.5/0/alarm_1.fg 43 -4885.24
Time taken: 40s
 Processor Time taken: 40s
-20601.7 -5087.16 -5087.16 ./alarm/500/alarm_2.tab ./500/alarm_501/0/0.5/0/alarm_1.fg 3 -5087.16
Time taken: 3s
 Processor Time taken: 2s
