0 0.5 /Applications/Utilities/libDAI-0.3.1/alarm/500/19.tab /Applications/Utilities/libDAI-0.3.1/500/19/0/0.5/learned/0/alarm_1.fg 1 85 -3943.32 
0 0.5 /Applications/Utilities/libDAI-0.3.1/alarm/500/19.tab /Applications/Utilities/libDAI-0.3.1/500/19/0/0.5/learned/0/alarm_0.fg 0 144 -3964 
0 0.5 /Applications/Utilities/libDAI-0.3.1/alarm/500/19.tab /Applications/Utilities/libDAI-0.3.1/500/19/0/0.5/learned/1/alarm_1.fg 1 24 -3941.4 
0 0.5 /Applications/Utilities/libDAI-0.3.1/alarm/500/19.tab /Applications/Utilities/libDAI-0.3.1/500/19/0/0.5/learned/1/alarm_0.fg 0 39 -3942.89 
0 0.5 /Applications/Utilities/libDAI-0.3.1/alarm/500/19.tab /Applications/Utilities/libDAI-0.3.1/500/19/0/0.5/learned/2/alarm_1.fg 1 3 -3942.79 
0 0.5 /Applications/Utilities/libDAI-0.3.1/alarm/500/19.tab /Applications/Utilities/libDAI-0.3.1/500/19/0/0.5/learned/2/alarm_0.fg 0 14 -3943.06 
0 0.5 /Applications/Utilities/libDAI-0.3.1/alarm/500/19.tab /Applications/Utilities/libDAI-0.3.1/500/19/0/0.5/learned/3/alarm_1.fg 1 3 -3942.8 
0 0.5 /Applications/Utilities/libDAI-0.3.1/alarm/500/19.tab /Applications/Utilities/libDAI-0.3.1/500/19/0/0.5/learned/3/alarm_0.fg 0 22 -3942.97 
0 0.5 /Applications/Utilities/libDAI-0.3.1/alarm/500/19.tab /Applications/Utilities/libDAI-0.3.1/500/19/0/0.5/learned/4/alarm_1.fg 1 3 -3942.79 
0 0.5 /Applications/Utilities/libDAI-0.3.1/alarm/500/19.tab /Applications/Utilities/libDAI-0.3.1/500/19/0/0.5/learned/4/alarm_0.fg 0 22 -3941.7 
0 0.5 /Applications/Utilities/libDAI-0.3.1/alarm/500/19.tab /Applications/Utilities/libDAI-0.3.1/500/19/0/0.5/learned/5/alarm_1.fg 1 3 -3941.81 
0 0.5 /Applications/Utilities/libDAI-0.3.1/alarm/500/19.tab /Applications/Utilities/libDAI-0.3.1/500/19/0/0.5/learned/5/alarm_0.fg 0 33 -3944.03 
0 0.5 /Applications/Utilities/libDAI-0.3.1/alarm/500/19.tab /Applications/Utilities/libDAI-0.3.1/500/19/0/0.5/learned/6/alarm_1.fg 1 3 -3941.81 
0 0.5 /Applications/Utilities/libDAI-0.3.1/alarm/500/19.tab /Applications/Utilities/libDAI-0.3.1/500/19/0/0.5/learned/6/alarm_0.fg 0 44 -3943.13 
0 0.5 /Applications/Utilities/libDAI-0.3.1/alarm/500/19.tab /Applications/Utilities/libDAI-0.3.1/500/19/0/0.5/learned/7/alarm_1.fg 1 3 -3941.81 
0 0.5 /Applications/Utilities/libDAI-0.3.1/alarm/500/19.tab /Applications/Utilities/libDAI-0.3.1/500/19/0/0.5/learned/7/alarm_0.fg 0 33 -3938.8 
0 0.5 /Applications/Utilities/libDAI-0.3.1/alarm/500/19.tab /Applications/Utilities/libDAI-0.3.1/500/19/0/0.5/learned/8/alarm_1.fg 1 3 -3938.82 
0 0.5 /Applications/Utilities/libDAI-0.3.1/alarm/500/19.tab /Applications/Utilities/libDAI-0.3.1/500/19/0/0.5/learned/8/alarm_0.fg 0 26 -3945.12 
0 0.5 /Applications/Utilities/libDAI-0.3.1/alarm/500/19.tab /Applications/Utilities/libDAI-0.3.1/500/19/0/0.5/learned/9/alarm_0.fg 0 3 -3938.81 
0 0.5 /Applications/Utilities/libDAI-0.3.1/alarm/500/19.tab /Applications/Utilities/libDAI-0.3.1/500/19/0/0.5/learned/9/alarm_1.fg 1 3 -3938.82 
Time taken: 340s
 Processor Time taken: 448s
