0 0.5 /Applications/Utilities/libDAI-0.3.1/alarm/500/19.tab /Applications/Utilities/libDAI-0.3.1/500/19/0/0.5/learned/0/alarm_1.fg 1 85 -3943.32 
0 0.5 /Applications/Utilities/libDAI-0.3.1/alarm/500/19.tab /Applications/Utilities/libDAI-0.3.1/500/19/0/0.5/learned/0/alarm_0.fg 0 144 -3964 
0 0.5 /Applications/Utilities/libDAI-0.3.1/alarm/500/19.tab /Applications/Utilities/libDAI-0.3.1/500/19/0/0.5/learned/1/alarm_0.fg 0 19 -3941.19 
0 0.5 /Applications/Utilities/libDAI-0.3.1/alarm/500/19.tab /Applications/Utilities/libDAI-0.3.1/500/19/0/0.5/learned/1/alarm_1.fg 1 85 -3943.32 
0 0.5 /Applications/Utilities/libDAI-0.3.1/alarm/500/19.tab /Applications/Utilities/libDAI-0.3.1/500/19/0/0.5/learned/2/alarm_0.fg 0 4 -3943.19 
0 0.5 /Applications/Utilities/libDAI-0.3.1/alarm/500/19.tab /Applications/Utilities/libDAI-0.3.1/500/19/0/0.5/learned/2/alarm_1.fg 1 30 -3942.82 
0 0.5 /Applications/Utilities/libDAI-0.3.1/alarm/500/19.tab /Applications/Utilities/libDAI-0.3.1/500/19/0/0.5/learned/3/alarm_0.fg 0 3 -3942.72 
0 0.5 /Applications/Utilities/libDAI-0.3.1/alarm/500/19.tab /Applications/Utilities/libDAI-0.3.1/500/19/0/0.5/learned/3/alarm_1.fg 1 3 -3941.1 
0 0.5 /Applications/Utilities/libDAI-0.3.1/alarm/500/19.tab /Applications/Utilities/libDAI-0.3.1/500/19/0/0.5/learned/4/alarm_0.fg 0 3 -3941.08 
0 0.5 /Applications/Utilities/libDAI-0.3.1/alarm/500/19.tab /Applications/Utilities/libDAI-0.3.1/500/19/0/0.5/learned/4/alarm_1.fg 1 3 -3941.1 
0 0.5 /Applications/Utilities/libDAI-0.3.1/alarm/500/19.tab /Applications/Utilities/libDAI-0.3.1/500/19/0/0.5/learned/5/alarm_0.fg 0 3 -3941.08 
0 0.5 /Applications/Utilities/libDAI-0.3.1/alarm/500/19.tab /Applications/Utilities/libDAI-0.3.1/500/19/0/0.5/learned/5/alarm_1.fg 1 3 -3941.05 
0 0.5 /Applications/Utilities/libDAI-0.3.1/alarm/500/19.tab /Applications/Utilities/libDAI-0.3.1/500/19/0/0.5/learned/6/alarm_0.fg 0 3 -3941.01 
0 0.5 /Applications/Utilities/libDAI-0.3.1/alarm/500/19.tab /Applications/Utilities/libDAI-0.3.1/500/19/0/0.5/learned/6/alarm_1.fg 1 3 -3941.05 
0 0.5 /Applications/Utilities/libDAI-0.3.1/alarm/500/19.tab /Applications/Utilities/libDAI-0.3.1/500/19/0/0.5/learned/7/alarm_0.fg 0 3 -3941.01 
0 0.5 /Applications/Utilities/libDAI-0.3.1/alarm/500/19.tab /Applications/Utilities/libDAI-0.3.1/500/19/0/0.5/learned/7/alarm_1.fg 1 3 -3940.95 
0 0.5 /Applications/Utilities/libDAI-0.3.1/alarm/500/19.tab /Applications/Utilities/libDAI-0.3.1/500/19/0/0.5/learned/8/alarm_0.fg 0 3 -3940.94 
0 0.5 /Applications/Utilities/libDAI-0.3.1/alarm/500/19.tab /Applications/Utilities/libDAI-0.3.1/500/19/0/0.5/learned/8/alarm_1.fg 1 3 -3940.95 
0 0.5 /Applications/Utilities/libDAI-0.3.1/alarm/500/19.tab /Applications/Utilities/libDAI-0.3.1/500/19/0/0.5/learned/9/alarm_0.fg 0 3 -3940.94 
0 0.5 /Applications/Utilities/libDAI-0.3.1/alarm/500/19.tab /Applications/Utilities/libDAI-0.3.1/500/19/0/0.5/learned/9/alarm_1.fg 1 3 -3940.93 
Time taken: 229s
 Processor Time taken: 303s
