0 0.5 /Applications/Utilities/libDAI-0.3.1/alarm/500/19.tab 15 20 -3958.1 
0 0.5 /Applications/Utilities/libDAI-0.3.1/alarm/500/19.tab 2 28 -3959.96 
0 0.5 /Applications/Utilities/libDAI-0.3.1/alarm/500/19.tab 14 33 -3945.28 
0 0.5 /Applications/Utilities/libDAI-0.3.1/alarm/500/19.tab 0 53 -3966.84 
0 0.5 /Applications/Utilities/libDAI-0.3.1/alarm/500/19.tab 18 53 -3951.35 
0 0.5 /Applications/Utilities/libDAI-0.3.1/alarm/500/19.tab 1 50 -3961.56 
0 0.5 /Applications/Utilities/libDAI-0.3.1/alarm/500/19.tab 11 62 -3963.17 
0 0.5 /Applications/Utilities/libDAI-0.3.1/alarm/500/19.tab 4 65 -3963.66 
0 0.5 /Applications/Utilities/libDAI-0.3.1/alarm/500/19.tab 16 61 -3944.79 
0 0.5 /Applications/Utilities/libDAI-0.3.1/alarm/500/19.tab 9 69 -3958.96 
0 0.5 /Applications/Utilities/libDAI-0.3.1/alarm/500/19.tab 12 73 -3945.9 
0 0.5 /Applications/Utilities/libDAI-0.3.1/alarm/500/19.tab 6 80 -3938.14 
0 0.5 /Applications/Utilities/libDAI-0.3.1/alarm/500/19.tab 5 85 -3944.85 
0 0.5 /Applications/Utilities/libDAI-0.3.1/alarm/500/19.tab 13 87 -3946.66 
0 0.5 /Applications/Utilities/libDAI-0.3.1/alarm/500/19.tab 17 97 -3937.69 
0 0.5 /Applications/Utilities/libDAI-0.3.1/alarm/500/19.tab 8 107 -3966.17 
0 0.5 /Applications/Utilities/libDAI-0.3.1/alarm/500/19.tab 10 110 -3946.41 
0 0.5 /Applications/Utilities/libDAI-0.3.1/alarm/500/19.tab 3 119 -3942.9 
0 0.5 /Applications/Utilities/libDAI-0.3.1/alarm/500/19.tab 19 115 -3937.98 
0 0.5 /Applications/Utilities/libDAI-0.3.1/alarm/500/19.tab 7 123 -3940.54 
0 0.5 /Applications/Utilities/libDAI-0.3.1/alarm/500/19.tab 3 14 -3962.99 
0 0.5 /Applications/Utilities/libDAI-0.3.1/alarm/500/19.tab 15 17 -3944.56 
0 0.5 /Applications/Utilities/libDAI-0.3.1/alarm/500/19.tab 19 17 -3945.55 
0 0.5 /Applications/Utilities/libDAI-0.3.1/alarm/500/19.tab 6 26 -3948.16 
0 0.5 /Applications/Utilities/libDAI-0.3.1/alarm/500/19.tab 7 26 -3948.21 
0 0.5 /Applications/Utilities/libDAI-0.3.1/alarm/500/19.tab 5 33 -3944.89 
0 0.5 /Applications/Utilities/libDAI-0.3.1/alarm/500/19.tab 10 32 -3944.66 
0 0.5 /Applications/Utilities/libDAI-0.3.1/alarm/500/19.tab 12 38 -3941.33 
0 0.5 /Applications/Utilities/libDAI-0.3.1/alarm/500/19.tab 11 48 -3967.21 
0 0.5 /Applications/Utilities/libDAI-0.3.1/alarm/500/19.tab 13 47 -3938.71 
0 0.5 /Applications/Utilities/libDAI-0.3.1/alarm/500/19.tab 14 45 -3941.85 
0 0.5 /Applications/Utilities/libDAI-0.3.1/alarm/500/19.tab 18 47 -3944.87 
0 0.5 /Applications/Utilities/libDAI-0.3.1/alarm/500/19.tab 17 54 -3961.25 
0 0.5 /Applications/Utilities/libDAI-0.3.1/alarm/500/19.tab 9 58 -3966.18 
0 0.5 /Applications/Utilities/libDAI-0.3.1/alarm/500/19.tab 0 71 -3950.76 
0 0.5 /Applications/Utilities/libDAI-0.3.1/alarm/500/19.tab 2 70 -3941.75 
0 0.5 /Applications/Utilities/libDAI-0.3.1/alarm/500/19.tab 4 69 -3938.65 
0 0.5 /Applications/Utilities/libDAI-0.3.1/alarm/500/19.tab 16 83 -3937.62 
0 0.5 /Applications/Utilities/libDAI-0.3.1/alarm/500/19.tab 1 115 -3945.8 
0 0.5 /Applications/Utilities/libDAI-0.3.1/alarm/500/19.tab 8 121 -3943.92 
1  18  -3944.87 47
1  2  -3941.75 70
1  11  -3963.17 62
1  15  -3944.56 17
1  16  -3937.62 83
1  8  -3943.92 121
1  3  -3942.9 119
1  0  -3950.76 71
1  4  -3938.65 69
1  5  -3944.85 85
1  13  -3938.71 47
1  6  -3938.14 80
1  1  -3945.8 115
1  10  -3944.66 32
1  9  -3958.96 69
1  19  -3937.98 115
1  17  -3937.69 97
1  7  -3940.54 123
1  12  -3941.33 38
1  14  -3941.85 45
