1  7  -3940.54 123
1  9  -3948.37 84
1  0  -3963.63 3
1  1  -3961.42 18
1  6  -3937.81 16
1  5  -3938.2 78
1  3  -3942.9 119
1  4  -3944.41 21
1  8  -3940.28 11
1  2  -3942.75 18
2  7  -3940.54 123
2  0  -3963.63 3
2  4  -3944.41 21
2  1  -3940.21 3
2  6  -3937.81 16
2  3  -3937.72 3
2  2  -3940.45 3
2  8  -3940.28 11
2  5  -3938.2 78
2  9  -3938.12 3
3  3  -3937.72 3
3  4  -3944.41 21
3  1  -3940.21 3
3  8  -3937.66 3
3  2  -3937.72 3
3  6  -3937.81 16
3  5  -3938.05 3
3  9  -3938.12 3
3  0  -3940.45 3
3  7  -3939.98 17
4  2  -3937.66 3
4  9  -3938.12 3
4  5  -3938.05 3
4  6  -3937.66 3
4  3  -3937.72 3
4  8  -3937.66 3
4  7  -3938.05 3
4  0  -3937.6 3
4  1  -3939.91 3
4  4  -3940.15 3
5  9  -3937.6 3
5  4  -3937.55 3
5  6  -3937.66 3
5  3  -3937.66 3
5  1  -3937.6 3
5  2  -3937.66 3
5  0  -3937.6 3
5  5  -3938.01 3
5  7  -3938.05 3
5  8  -3937.66 3
6  6  -3937.6 3
6  2  -3937.55 3
6  4  -3937.51 3
6  9  -3937.6 3
6  0  -3937.6 3
6  1  -3937.6 3
6  7  -3937.6 3
6  8  -3937.66 3
6  5  -3937.55 3
6  3  -3937.55 3
7  3  -3937.51 3
7  0  -3937.55 3
7  5  -3937.47 3
7  7  -3937.51 3
7  4  -3937.51 3
7  1  -3937.51 3
7  9  -3937.6 3
7  6  -3937.55 3
7  8  -3937.55 3
7  2  -3937.55 3
8  7  -3937.51 3
8  2  -3937.51 3
8  3  -3937.47 3
8  8  -3937.47 3
8  4  -3937.51 3
8  6  -3937.43 3
8  5  -3937.47 3
8  9  -3937.47 3
8  0  -3937.47 3
8  1  -3937.51 3
9  4  -3937.47 3
9  5  -3937.43 3
9  3  -3937.47 3
9  1  -3937.43 3
9  0  -3937.4 3
9  2  -3937.43 3
9  9  -3937.43 3
9  7  -3937.47 3
9  8  -3937.47 3
9  6  -3937.43 3
Time taken: 652s
 Processor Time taken: 1839s
