0 0.5 /Applications/Utilities/libDAI-0.3.1/Recodata/4NodeMovieBN2/u1base200.tab 0 5 -88690.4 
0 0.5 /Applications/Utilities/libDAI-0.3.1/Recodata/4NodeMovieBN2/u1base200.tab 2 5 -88613.2 
0 0.5 /Applications/Utilities/libDAI-0.3.1/Recodata/4NodeMovieBN2/u1base200.tab 3 5 -88403.5 
0 0.5 /Applications/Utilities/libDAI-0.3.1/Recodata/4NodeMovieBN2/u1base200.tab 1 6 -88649.5 
0 0.5 /Applications/Utilities/libDAI-0.3.1/Recodata/4NodeMovieBN2/u1base200.tab 3 3 -88893.7 
0 0.5 /Applications/Utilities/libDAI-0.3.1/Recodata/4NodeMovieBN2/u1base200.tab 0 5 -88721.4 
0 0.5 /Applications/Utilities/libDAI-0.3.1/Recodata/4NodeMovieBN2/u1base200.tab 2 5 -88952.9 
0 0.5 /Applications/Utilities/libDAI-0.3.1/Recodata/4NodeMovieBN2/u1base200.tab 1 5 -88952.9 
1  1  -88649.5 6
1  3  -88403.5 5
1  0  -88690.4 5
1  2  -88613.2 5
0 0.5 /Applications/Utilities/libDAI-0.3.1/Recodata/4NodeMovieBN2/u1base200.tab 1 4 -89053.4 
0 0.5 /Applications/Utilities/libDAI-0.3.1/Recodata/4NodeMovieBN2/u1base200.tab 0 5 -88952.9 
0 0.5 /Applications/Utilities/libDAI-0.3.1/Recodata/4NodeMovieBN2/u1base200.tab 2 6 -88952.9 
0 0.5 /Applications/Utilities/libDAI-0.3.1/Recodata/4NodeMovieBN2/u1base200.tab 3 6 -88952.9 
2  2  -88613.2 5
2  0  -88690.4 5
2  3  -88403.5 5
2  1  -88649.5 6
0 0.5 /Applications/Utilities/libDAI-0.3.1/Recodata/4NodeMovieBN2/u1base200.tab 1 3 -88948.7 
0 0.5 /Applications/Utilities/libDAI-0.3.1/Recodata/4NodeMovieBN2/u1base200.tab 0 4 -88951.7 
0 0.5 /Applications/Utilities/libDAI-0.3.1/Recodata/4NodeMovieBN2/u1base200.tab 3 4 -88872.5 
0 0.5 /Applications/Utilities/libDAI-0.3.1/Recodata/4NodeMovieBN2/u1base200.tab 2 4 -89031.3 
3  0  -88690.4 5
3  1  -88649.5 6
3  3  -88403.5 5
3  2  -88613.2 5
0 0.5 /Applications/Utilities/libDAI-0.3.1/Recodata/4NodeMovieBN2/u1base200.tab 3 5 -88884.6 
0 0.5 /Applications/Utilities/libDAI-0.3.1/Recodata/4NodeMovieBN2/u1base200.tab 1 6 -88952.9 
0 0.5 /Applications/Utilities/libDAI-0.3.1/Recodata/4NodeMovieBN2/u1base200.tab 2 6 -88952.8 
0 0.5 /Applications/Utilities/libDAI-0.3.1/Recodata/4NodeMovieBN2/u1base200.tab 0 14 -87204.1 
4  2  -88613.2 5
4  1  -88649.5 6
4  0  -87204.1 14
4  3  -88403.5 5
Time taken: 576s
 Processor Time taken: 1682s
