1  1  -3489.66 9
1  7  -3489.71 3
1  0  -3489.76 16
1  5  -3489.64 3
1  6  -3489.78 3
1  3  -3489.73 29
1  4  -3489.85 3
1  8  -3489.72 3
1  9  -3489.69 3
1  2  -3489.82 11
2  5  -3489.64 3
2  1  -3489.66 9
2  7  -3489.71 3
2  8  -3489.69 3
2  4  -3489.74 3
2  0  -3489.63 3
2  3  -3489.69 3
2  6  -3489.71 3
2  9  -3489.63 3
2  2  -3489.67 3
3  2  -3489.67 3
3  9  -3489.62 3
3  8  -3489.69 3
3  6  -3489.68 3
3  4  -3489.7 3
3  1  -3489.63 3
3  0  -3489.63 3
3  3  -3489.69 3
3  5  -3489.63 3
3  7  -3489.62 3
4  9  -3489.62 3
4  7  -3489.62 3
4  4  -3489.69 3
4  6  -3489.68 3
4  8  -3489.68 3
4  5  -3489.63 3
4  2  -3489.67 3
4  3  -3489.61 3
4  1  -3489.62 3
4  0  -3489.62 3
5  6  -3489.67 3
5  5  -3489.62 3
5  0  -3489.62 3
5  2  -3489.61 3
5  3  -3489.61 3
5  4  -3489.63 3
5  8  -3489.68 3
5  1  -3489.62 3
5  9  -3489.62 3
5  7  -3489.62 3
6  3  -3489.61 3
6  1  -3489.62 3
6  7  -3489.61 3
6  2  -3489.61 3
6  4  -3489.63 3
6  8  -3489.63 3
6  6  -3489.67 3
6  0  -3489.62 3
6  9  -3489.62 3
6  5  -3489.62 3
7  0  -3489.62 3
7  8  -3489.62 3
7  9  -3489.61 3
7  5  -3489.62 3
7  6  -3489.65 3
7  4  -3489.63 3
7  7  -3489.61 3
7  3  -3489.61 3
7  2  -3489.61 3
7  1  -3489.62 3
