0 0.5 /Applications/Utilities/libDAI-0.3.1/Recodata/Movie5NodeBN1/u1base200.tab /Applications/Utilities/libDAI-0.3.1/Recodata/Movie5NodeBN1_EM/0/0.5/learned/0/Movie4NodeBN1_0.fg 0 3 -89135.7 
0 0.5 /Applications/Utilities/libDAI-0.3.1/Recodata/Movie5NodeBN1/u1base200.tab /Applications/Utilities/libDAI-0.3.1/Recodata/Movie5NodeBN1_EM/0/0.5/learned/0/Movie4NodeBN1_2.fg 2 3 -89150.8 
0 0.5 /Applications/Utilities/libDAI-0.3.1/Recodata/Movie5NodeBN1/u1base200.tab /Applications/Utilities/libDAI-0.3.1/Recodata/Movie5NodeBN1_EM/0/0.5/learned/0/Movie4NodeBN1_3.fg 3 3 -89135.2 
0 0.5 /Applications/Utilities/libDAI-0.3.1/Recodata/Movie5NodeBN1/u1base200.tab /Applications/Utilities/libDAI-0.3.1/Recodata/Movie5NodeBN1_EM/0/0.5/learned/0/Movie4NodeBN1_1.fg 1 3 -89162.2 
0 0.5 /Applications/Utilities/libDAI-0.3.1/Recodata/Movie5NodeBN1/u1base200.tab /Applications/Utilities/libDAI-0.3.1/Recodata/Movie5NodeBN1_EM/0/0.5/learned/1/Movie4NodeBN1_1.fg 1 6 -89025.2 
0 0.5 /Applications/Utilities/libDAI-0.3.1/Recodata/Movie5NodeBN1/u1base200.tab /Applications/Utilities/libDAI-0.3.1/Recodata/Movie5NodeBN1_EM/0/0.5/learned/1/Movie4NodeBN1_2.fg 2 5 -88901.6 
0 0.5 /Applications/Utilities/libDAI-0.3.1/Recodata/Movie5NodeBN1/u1base200.tab /Applications/Utilities/libDAI-0.3.1/Recodata/Movie5NodeBN1_EM/0/0.5/learned/1/Movie4NodeBN1_3.fg 3 5 -88996.9 
0 0.5 /Applications/Utilities/libDAI-0.3.1/Recodata/Movie5NodeBN1/u1base200.tab /Applications/Utilities/libDAI-0.3.1/Recodata/Movie5NodeBN1_EM/0/0.5/learned/1/Movie4NodeBN1_0.fg 0 7 -88969.1 
0 0.5 /Applications/Utilities/libDAI-0.3.1/Recodata/Movie5NodeBN1/u1base200.tab /Applications/Utilities/libDAI-0.3.1/Recodata/Movie5NodeBN1_EM/0/0.5/learned/2/Movie4NodeBN1_3.fg 3 5 -88996.9 
0 0.5 /Applications/Utilities/libDAI-0.3.1/Recodata/Movie5NodeBN1/u1base200.tab /Applications/Utilities/libDAI-0.3.1/Recodata/Movie5NodeBN1_EM/0/0.5/learned/2/Movie4NodeBN1_1.fg 1 6 -89025.2 
0 0.5 /Applications/Utilities/libDAI-0.3.1/Recodata/Movie5NodeBN1/u1base200.tab /Applications/Utilities/libDAI-0.3.1/Recodata/Movie5NodeBN1_EM/0/0.5/learned/2/Movie4NodeBN1_2.fg 2 5 -88901.6 
0 0.5 /Applications/Utilities/libDAI-0.3.1/Recodata/Movie5NodeBN1/u1base200.tab /Applications/Utilities/libDAI-0.3.1/Recodata/Movie5NodeBN1_EM/0/0.5/learned/2/Movie4NodeBN1_0.fg 0 7 -88969.1 
0 0.5 /Applications/Utilities/libDAI-0.3.1/Recodata/Movie5NodeBN1/u1base200.tab /Applications/Utilities/libDAI-0.3.1/Recodata/Movie5NodeBN1_EM/0/0.5/learned/3/Movie4NodeBN1_0.fg 0 7 -88969.1 
0 0.5 /Applications/Utilities/libDAI-0.3.1/Recodata/Movie5NodeBN1/u1base200.tab /Applications/Utilities/libDAI-0.3.1/Recodata/Movie5NodeBN1_EM/0/0.5/learned/3/Movie4NodeBN1_2.fg 2 5 -88901.6 
0 0.5 /Applications/Utilities/libDAI-0.3.1/Recodata/Movie5NodeBN1/u1base200.tab /Applications/Utilities/libDAI-0.3.1/Recodata/Movie5NodeBN1_EM/0/0.5/learned/3/Movie4NodeBN1_3.fg 3 5 -88996.9 
0 0.5 /Applications/Utilities/libDAI-0.3.1/Recodata/Movie5NodeBN1/u1base200.tab /Applications/Utilities/libDAI-0.3.1/Recodata/Movie5NodeBN1_EM/0/0.5/learned/3/Movie4NodeBN1_1.fg 1 6 -89025.2 
0 0.5 /Applications/Utilities/libDAI-0.3.1/Recodata/Movie5NodeBN1/u1base200.tab /Applications/Utilities/libDAI-0.3.1/Recodata/Movie5NodeBN1_EM/0/0.5/learned/4/Movie4NodeBN1_0.fg 0 7 -88969.1 
0 0.5 /Applications/Utilities/libDAI-0.3.1/Recodata/Movie5NodeBN1/u1base200.tab /Applications/Utilities/libDAI-0.3.1/Recodata/Movie5NodeBN1_EM/0/0.5/learned/4/Movie4NodeBN1_2.fg 2 5 -88901.6 
0 0.5 /Applications/Utilities/libDAI-0.3.1/Recodata/Movie5NodeBN1/u1base200.tab /Applications/Utilities/libDAI-0.3.1/Recodata/Movie5NodeBN1_EM/0/0.5/learned/4/Movie4NodeBN1_3.fg 3 5 -88996.9 
0 0.5 /Applications/Utilities/libDAI-0.3.1/Recodata/Movie5NodeBN1/u1base200.tab /Applications/Utilities/libDAI-0.3.1/Recodata/Movie5NodeBN1_EM/0/0.5/learned/4/Movie4NodeBN1_1.fg 1 6 -89025.2 
0 0.5 /Applications/Utilities/libDAI-0.3.1/Recodata/Movie5NodeBN1/u1base200.tab /Applications/Utilities/libDAI-0.3.1/Recodata/Movie5NodeBN1_EM/0/0.5/learned/5/Movie4NodeBN1_1.fg 1 6 -89025.2 
0 0.5 /Applications/Utilities/libDAI-0.3.1/Recodata/Movie5NodeBN1/u1base200.tab /Applications/Utilities/libDAI-0.3.1/Recodata/Movie5NodeBN1_EM/0/0.5/learned/5/Movie4NodeBN1_2.fg 2 5 -88901.6 
0 0.5 /Applications/Utilities/libDAI-0.3.1/Recodata/Movie5NodeBN1/u1base200.tab /Applications/Utilities/libDAI-0.3.1/Recodata/Movie5NodeBN1_EM/0/0.5/learned/5/Movie4NodeBN1_3.fg 3 5 -88996.9 
0 0.5 /Applications/Utilities/libDAI-0.3.1/Recodata/Movie5NodeBN1/u1base200.tab /Applications/Utilities/libDAI-0.3.1/Recodata/Movie5NodeBN1_EM/0/0.5/learned/5/Movie4NodeBN1_0.fg 0 7 -88902.6 
0 0.5 /Applications/Utilities/libDAI-0.3.1/Recodata/Movie5NodeBN1/u1base200.tab /Applications/Utilities/libDAI-0.3.1/Recodata/Movie5NodeBN1_EM/0/0.5/learned/6/Movie4NodeBN1_0.fg 0 7 -88902.6 
0 0.5 /Applications/Utilities/libDAI-0.3.1/Recodata/Movie5NodeBN1/u1base200.tab /Applications/Utilities/libDAI-0.3.1/Recodata/Movie5NodeBN1_EM/0/0.5/learned/6/Movie4NodeBN1_2.fg 2 5 -88901.6 
0 0.5 /Applications/Utilities/libDAI-0.3.1/Recodata/Movie5NodeBN1/u1base200.tab /Applications/Utilities/libDAI-0.3.1/Recodata/Movie5NodeBN1_EM/0/0.5/learned/6/Movie4NodeBN1_3.fg 3 5 -88996.9 
0 0.5 /Applications/Utilities/libDAI-0.3.1/Recodata/Movie5NodeBN1/u1base200.tab /Applications/Utilities/libDAI-0.3.1/Recodata/Movie5NodeBN1_EM/0/0.5/learned/6/Movie4NodeBN1_1.fg 1 6 -89025.2 
0 0.5 /Applications/Utilities/libDAI-0.3.1/Recodata/Movie5NodeBN1/u1base200.tab /Applications/Utilities/libDAI-0.3.1/Recodata/Movie5NodeBN1_EM/0/0.5/learned/7/Movie4NodeBN1_3.fg 3 5 -88996.9 
0 0.5 /Applications/Utilities/libDAI-0.3.1/Recodata/Movie5NodeBN1/u1base200.tab /Applications/Utilities/libDAI-0.3.1/Recodata/Movie5NodeBN1_EM/0/0.5/learned/7/Movie4NodeBN1_1.fg 1 6 -89025.2 
0 0.5 /Applications/Utilities/libDAI-0.3.1/Recodata/Movie5NodeBN1/u1base200.tab /Applications/Utilities/libDAI-0.3.1/Recodata/Movie5NodeBN1_EM/0/0.5/learned/7/Movie4NodeBN1_2.fg 2 5 -88901.6 
0 0.5 /Applications/Utilities/libDAI-0.3.1/Recodata/Movie5NodeBN1/u1base200.tab /Applications/Utilities/libDAI-0.3.1/Recodata/Movie5NodeBN1_EM/0/0.5/learned/7/Movie4NodeBN1_0.fg 0 7 -88902.6 
0 0.5 /Applications/Utilities/libDAI-0.3.1/Recodata/Movie5NodeBN1/u1base200.tab /Applications/Utilities/libDAI-0.3.1/Recodata/Movie5NodeBN1_EM/0/0.5/learned/8/Movie4NodeBN1_0.fg 0 7 -88902.6 
0 0.5 /Applications/Utilities/libDAI-0.3.1/Recodata/Movie5NodeBN1/u1base200.tab /Applications/Utilities/libDAI-0.3.1/Recodata/Movie5NodeBN1_EM/0/0.5/learned/8/Movie4NodeBN1_2.fg 2 5 -88901.6 
0 0.5 /Applications/Utilities/libDAI-0.3.1/Recodata/Movie5NodeBN1/u1base200.tab /Applications/Utilities/libDAI-0.3.1/Recodata/Movie5NodeBN1_EM/0/0.5/learned/8/Movie4NodeBN1_3.fg 3 5 -88996.9 
0 0.5 /Applications/Utilities/libDAI-0.3.1/Recodata/Movie5NodeBN1/u1base200.tab /Applications/Utilities/libDAI-0.3.1/Recodata/Movie5NodeBN1_EM/0/0.5/learned/8/Movie4NodeBN1_1.fg 1 6 -89025.2 
0 0.5 /Applications/Utilities/libDAI-0.3.1/Recodata/Movie5NodeBN1/u1base200.tab /Applications/Utilities/libDAI-0.3.1/Recodata/Movie5NodeBN1_EM/0/0.5/learned/9/Movie4NodeBN1_1.fg 1 6 -89025.2 
0 0.5 /Applications/Utilities/libDAI-0.3.1/Recodata/Movie5NodeBN1/u1base200.tab /Applications/Utilities/libDAI-0.3.1/Recodata/Movie5NodeBN1_EM/0/0.5/learned/9/Movie4NodeBN1_2.fg 2 5 -88901.6 
0 0.5 /Applications/Utilities/libDAI-0.3.1/Recodata/Movie5NodeBN1/u1base200.tab /Applications/Utilities/libDAI-0.3.1/Recodata/Movie5NodeBN1_EM/0/0.5/learned/9/Movie4NodeBN1_3.fg 3 5 -88996.9 
0 0.5 /Applications/Utilities/libDAI-0.3.1/Recodata/Movie5NodeBN1/u1base200.tab /Applications/Utilities/libDAI-0.3.1/Recodata/Movie5NodeBN1_EM/0/0.5/learned/9/Movie4NodeBN1_0.fg 0 7 -88902.6 
Time taken: 882s
 Processor Time taken: 2584s
