1  1  -89025.2 6
1  0  -88969.1 7
1  2  -88901.6 5
1  3  -88996.9 5
2  2  -88901.6 5
2  1  -89025.2 6
2  3  -88996.9 5
2  0  -88969.1 7
3  0  -88969.1 7
3  2  -88901.6 5
3  1  -89025.2 6
3  3  -88996.9 5
4  1  -89025.2 6
4  0  -88969.1 7
4  2  -88901.6 5
4  3  -88996.9 5
5  1  -89025.2 6
5  3  -88996.9 5
5  0  -88902.6 7
5  2  -88901.6 5
6  3  -88996.9 5
6  1  -89025.2 6
6  0  -88902.6 7
6  2  -88901.6 5
7  2  -88901.6 5
7  0  -88902.6 7
7  1  -89025.2 6
7  3  -88996.9 5
8  2  -88901.6 5
8  3  -88996.9 5
8  0  -88902.6 7
8  1  -89025.2 6
9  1  -89025.2 6
9  0  -88902.6 7
9  3  -88996.9 5
9  2  -88901.6 5
