0 0.5 /Applications/Utilities/libDAI-0.3.1/Recodata/Movie4NodeBN1/u1base200.tab /Applications/Utilities/libDAI-0.3.1/Recodata/Movie4NodeBN2_EM1/0/0.5/learned/0/Movie4NodeBN2_0.fg 0 5 -88901.7 
0 0.5 /Applications/Utilities/libDAI-0.3.1/Recodata/Movie4NodeBN1/u1base200.tab /Applications/Utilities/libDAI-0.3.1/Recodata/Movie4NodeBN2_EM1/0/0.5/learned/0/Movie4NodeBN2_3.fg 3 5 -88100 
0 0.5 /Applications/Utilities/libDAI-0.3.1/Recodata/Movie4NodeBN1/u1base200.tab /Applications/Utilities/libDAI-0.3.1/Recodata/Movie4NodeBN2_EM1/0/0.5/learned/0/Movie4NodeBN2_2.fg 2 6 -88791.6 
0 0.5 /Applications/Utilities/libDAI-0.3.1/Recodata/Movie4NodeBN1/u1base200.tab /Applications/Utilities/libDAI-0.3.1/Recodata/Movie4NodeBN2_EM1/0/0.5/learned/0/Movie4NodeBN2_1.fg 1 8 -88868.5 
0 0.5 /Applications/Utilities/libDAI-0.3.1/Recodata/Movie4NodeBN1/u1base200.tab /Applications/Utilities/libDAI-0.3.1/Recodata/Movie4NodeBN2_EM1/0/0.5/learned/1/Movie4NodeBN2_0.fg 0 5 -88901.7 
0 0.5 /Applications/Utilities/libDAI-0.3.1/Recodata/Movie4NodeBN1/u1base200.tab /Applications/Utilities/libDAI-0.3.1/Recodata/Movie4NodeBN2_EM1/0/0.5/learned/1/Movie4NodeBN2_2.fg 2 6 -88791.6 
0 0.5 /Applications/Utilities/libDAI-0.3.1/Recodata/Movie4NodeBN1/u1base200.tab /Applications/Utilities/libDAI-0.3.1/Recodata/Movie4NodeBN2_EM1/0/0.5/learned/1/Movie4NodeBN2_3.fg 3 5 -88100 
0 0.5 /Applications/Utilities/libDAI-0.3.1/Recodata/Movie4NodeBN1/u1base200.tab /Applications/Utilities/libDAI-0.3.1/Recodata/Movie4NodeBN2_EM1/0/0.5/learned/1/Movie4NodeBN2_1.fg 1 8 -88868.5 
0 0.5 /Applications/Utilities/libDAI-0.3.1/Recodata/Movie4NodeBN1/u1base200.tab /Applications/Utilities/libDAI-0.3.1/Recodata/Movie4NodeBN2_EM1/0/0.5/learned/2/Movie4NodeBN2_0.fg 0 5 -88901.7 
0 0.5 /Applications/Utilities/libDAI-0.3.1/Recodata/Movie4NodeBN1/u1base200.tab /Applications/Utilities/libDAI-0.3.1/Recodata/Movie4NodeBN2_EM1/0/0.5/learned/2/Movie4NodeBN2_2.fg 2 4 -88308.8 
0 0.5 /Applications/Utilities/libDAI-0.3.1/Recodata/Movie4NodeBN1/u1base200.tab /Applications/Utilities/libDAI-0.3.1/Recodata/Movie4NodeBN2_EM1/0/0.5/learned/2/Movie4NodeBN2_3.fg 3 5 -88100 
0 0.5 /Applications/Utilities/libDAI-0.3.1/Recodata/Movie4NodeBN1/u1base200.tab /Applications/Utilities/libDAI-0.3.1/Recodata/Movie4NodeBN2_EM1/0/0.5/learned/2/Movie4NodeBN2_1.fg 1 4 -88844.5 
0 0.5 /Applications/Utilities/libDAI-0.3.1/Recodata/Movie4NodeBN1/u1base200.tab /Applications/Utilities/libDAI-0.3.1/Recodata/Movie4NodeBN2_EM1/0/0.5/learned/3/Movie4NodeBN2_0.fg 0 5 -88901.7 
0 0.5 /Applications/Utilities/libDAI-0.3.1/Recodata/Movie4NodeBN1/u1base200.tab /Applications/Utilities/libDAI-0.3.1/Recodata/Movie4NodeBN2_EM1/0/0.5/learned/3/Movie4NodeBN2_2.fg 2 4 -88308.8 
0 0.5 /Applications/Utilities/libDAI-0.3.1/Recodata/Movie4NodeBN1/u1base200.tab /Applications/Utilities/libDAI-0.3.1/Recodata/Movie4NodeBN2_EM1/0/0.5/learned/3/Movie4NodeBN2_3.fg 3 5 -88100 
0 0.5 /Applications/Utilities/libDAI-0.3.1/Recodata/Movie4NodeBN1/u1base200.tab /Applications/Utilities/libDAI-0.3.1/Recodata/Movie4NodeBN2_EM1/0/0.5/learned/3/Movie4NodeBN2_1.fg 1 3 -88728 
0 0.5 /Applications/Utilities/libDAI-0.3.1/Recodata/Movie4NodeBN1/u1base200.tab /Applications/Utilities/libDAI-0.3.1/Recodata/Movie4NodeBN2_EM1/0/0.5/learned/4/Movie4NodeBN2_0.fg 0 5 -88901.7 
0 0.5 /Applications/Utilities/libDAI-0.3.1/Recodata/Movie4NodeBN1/u1base200.tab /Applications/Utilities/libDAI-0.3.1/Recodata/Movie4NodeBN2_EM1/0/0.5/learned/4/Movie4NodeBN2_2.fg 2 4 -88308.8 
0 0.5 /Applications/Utilities/libDAI-0.3.1/Recodata/Movie4NodeBN1/u1base200.tab /Applications/Utilities/libDAI-0.3.1/Recodata/Movie4NodeBN2_EM1/0/0.5/learned/4/Movie4NodeBN2_3.fg 3 5 -88100 
0 0.5 /Applications/Utilities/libDAI-0.3.1/Recodata/Movie4NodeBN1/u1base200.tab /Applications/Utilities/libDAI-0.3.1/Recodata/Movie4NodeBN2_EM1/0/0.5/learned/4/Movie4NodeBN2_1.fg 1 3 -88728 
0 0.5 /Applications/Utilities/libDAI-0.3.1/Recodata/Movie4NodeBN1/u1base200.tab /Applications/Utilities/libDAI-0.3.1/Recodata/Movie4NodeBN2_EM1/0/0.5/learned/5/Movie4NodeBN2_0.fg 0 5 -88901.7 
0 0.5 /Applications/Utilities/libDAI-0.3.1/Recodata/Movie4NodeBN1/u1base200.tab /Applications/Utilities/libDAI-0.3.1/Recodata/Movie4NodeBN2_EM1/0/0.5/learned/5/Movie4NodeBN2_2.fg 2 4 -88308.8 
0 0.5 /Applications/Utilities/libDAI-0.3.1/Recodata/Movie4NodeBN1/u1base200.tab /Applications/Utilities/libDAI-0.3.1/Recodata/Movie4NodeBN2_EM1/0/0.5/learned/5/Movie4NodeBN2_3.fg 3 5 -88100 
0 0.5 /Applications/Utilities/libDAI-0.3.1/Recodata/Movie4NodeBN1/u1base200.tab /Applications/Utilities/libDAI-0.3.1/Recodata/Movie4NodeBN2_EM1/0/0.5/learned/5/Movie4NodeBN2_1.fg 1 3 -88728 
0 0.5 /Applications/Utilities/libDAI-0.3.1/Recodata/Movie4NodeBN1/u1base200.tab /Applications/Utilities/libDAI-0.3.1/Recodata/Movie4NodeBN2_EM1/0/0.5/learned/6/Movie4NodeBN2_0.fg 0 5 -88901.7 
0 0.5 /Applications/Utilities/libDAI-0.3.1/Recodata/Movie4NodeBN1/u1base200.tab /Applications/Utilities/libDAI-0.3.1/Recodata/Movie4NodeBN2_EM1/0/0.5/learned/6/Movie4NodeBN2_2.fg 2 4 -88308.8 
0 0.5 /Applications/Utilities/libDAI-0.3.1/Recodata/Movie4NodeBN1/u1base200.tab /Applications/Utilities/libDAI-0.3.1/Recodata/Movie4NodeBN2_EM1/0/0.5/learned/6/Movie4NodeBN2_3.fg 3 5 -88100 
0 0.5 /Applications/Utilities/libDAI-0.3.1/Recodata/Movie4NodeBN1/u1base200.tab /Applications/Utilities/libDAI-0.3.1/Recodata/Movie4NodeBN2_EM1/0/0.5/learned/6/Movie4NodeBN2_1.fg 1 3 -88728 
0 0.5 /Applications/Utilities/libDAI-0.3.1/Recodata/Movie4NodeBN1/u1base200.tab /Applications/Utilities/libDAI-0.3.1/Recodata/Movie4NodeBN2_EM1/0/0.5/learned/7/Movie4NodeBN2_3.fg 3 5 -88100 
0 0.5 /Applications/Utilities/libDAI-0.3.1/Recodata/Movie4NodeBN1/u1base200.tab /Applications/Utilities/libDAI-0.3.1/Recodata/Movie4NodeBN2_EM1/0/0.5/learned/7/Movie4NodeBN2_1.fg 1 3 -88728 
0 0.5 /Applications/Utilities/libDAI-0.3.1/Recodata/Movie4NodeBN1/u1base200.tab /Applications/Utilities/libDAI-0.3.1/Recodata/Movie4NodeBN2_EM1/0/0.5/learned/7/Movie4NodeBN2_2.fg 2 4 -88308.8 
0 0.5 /Applications/Utilities/libDAI-0.3.1/Recodata/Movie4NodeBN1/u1base200.tab /Applications/Utilities/libDAI-0.3.1/Recodata/Movie4NodeBN2_EM1/0/0.5/learned/7/Movie4NodeBN2_0.fg 0 5 -88901.7 
0 0.5 /Applications/Utilities/libDAI-0.3.1/Recodata/Movie4NodeBN1/u1base200.tab /Applications/Utilities/libDAI-0.3.1/Recodata/Movie4NodeBN2_EM1/0/0.5/learned/8/Movie4NodeBN2_0.fg 0 5 -88901.7 
0 0.5 /Applications/Utilities/libDAI-0.3.1/Recodata/Movie4NodeBN1/u1base200.tab /Applications/Utilities/libDAI-0.3.1/Recodata/Movie4NodeBN2_EM1/0/0.5/learned/8/Movie4NodeBN2_2.fg 2 4 -88308.8 
0 0.5 /Applications/Utilities/libDAI-0.3.1/Recodata/Movie4NodeBN1/u1base200.tab /Applications/Utilities/libDAI-0.3.1/Recodata/Movie4NodeBN2_EM1/0/0.5/learned/8/Movie4NodeBN2_3.fg 3 5 -88100 
0 0.5 /Applications/Utilities/libDAI-0.3.1/Recodata/Movie4NodeBN1/u1base200.tab /Applications/Utilities/libDAI-0.3.1/Recodata/Movie4NodeBN2_EM1/0/0.5/learned/8/Movie4NodeBN2_1.fg 1 3 -88728 
0 0.5 /Applications/Utilities/libDAI-0.3.1/Recodata/Movie4NodeBN1/u1base200.tab /Applications/Utilities/libDAI-0.3.1/Recodata/Movie4NodeBN2_EM1/0/0.5/learned/9/Movie4NodeBN2_0.fg 0 5 -88901.7 
0 0.5 /Applications/Utilities/libDAI-0.3.1/Recodata/Movie4NodeBN1/u1base200.tab /Applications/Utilities/libDAI-0.3.1/Recodata/Movie4NodeBN2_EM1/0/0.5/learned/9/Movie4NodeBN2_2.fg 2 4 -88308.8 
0 0.5 /Applications/Utilities/libDAI-0.3.1/Recodata/Movie4NodeBN1/u1base200.tab /Applications/Utilities/libDAI-0.3.1/Recodata/Movie4NodeBN2_EM1/0/0.5/learned/9/Movie4NodeBN2_3.fg 3 5 -88100 
0 0.5 /Applications/Utilities/libDAI-0.3.1/Recodata/Movie4NodeBN1/u1base200.tab /Applications/Utilities/libDAI-0.3.1/Recodata/Movie4NodeBN2_EM1/0/0.5/learned/9/Movie4NodeBN2_1.fg 1 3 -88728 
Time taken: 717s
 Processor Time taken: 1950s
