1  3  -88100 5
1  1  -88868.5 8
1  2  -88791.6 6
1  0  -88901.7 5
2  2  -88308.8 4
2  3  -88100 5
2  0  -88901.7 5
2  1  -88844.5 4
3  3  -88100 5
3  0  -88901.7 5
3  1  -88728 3
3  2  -88308.8 4
4  2  -88308.8 4
4  1  -88728 3
4  0  -88901.7 5
4  3  -88100 5
5  3  -88100 5
5  0  -88901.7 5
5  1  -88728 3
5  2  -88308.8 4
6  2  -88308.8 4
6  0  -88901.7 5
6  3  -88100 5
6  1  -88728 3
7  1  -88728 3
7  2  -88308.8 4
7  0  -88901.7 5
7  3  -88100 5
8  3  -88100 5
8  0  -88901.7 5
8  2  -88308.8 4
8  1  -88728 3
9  0  -88901.7 5
9  1  -88728 3
9  2  -88308.8 4
9  3  -88100 5
