0 0.5 /Applications/Utilities/libDAI-0.3.1/alarm/500/19.tab /Applications/Utilities/libDAI-0.3.1/500/19/0/0.5/learned/0/alarm_1.fg 1 85 -3943.32 
0 0.5 /Applications/Utilities/libDAI-0.3.1/alarm/500/19.tab /Applications/Utilities/libDAI-0.3.1/500/19/0/0.5/learned/0/alarm_3.fg 3 90 -3971.9 
0 0.5 /Applications/Utilities/libDAI-0.3.1/alarm/500/19.tab /Applications/Utilities/libDAI-0.3.1/500/19/0/0.5/learned/0/alarm_2.fg 2 98 -3968.67 
0 0.5 /Applications/Utilities/libDAI-0.3.1/alarm/500/19.tab /Applications/Utilities/libDAI-0.3.1/500/19/0/0.5/learned/0/alarm_0.fg 0 144 -3964 
0 0.5 /Applications/Utilities/libDAI-0.3.1/alarm/500/19.tab /Applications/Utilities/libDAI-0.3.1/500/19/0/0.5/learned/1/alarm_1.fg 1 11 -3973.33 
0 0.5 /Applications/Utilities/libDAI-0.3.1/alarm/500/19.tab /Applications/Utilities/libDAI-0.3.1/500/19/0/0.5/learned/1/alarm_2.fg 2 39 -3942.99 
0 0.5 /Applications/Utilities/libDAI-0.3.1/alarm/500/19.tab /Applications/Utilities/libDAI-0.3.1/500/19/0/0.5/learned/1/alarm_0.fg 0 56 -3940.1 
0 0.5 /Applications/Utilities/libDAI-0.3.1/alarm/500/19.tab /Applications/Utilities/libDAI-0.3.1/500/19/0/0.5/learned/1/alarm_3.fg 3 63 -3945.61 
0 0.5 /Applications/Utilities/libDAI-0.3.1/alarm/500/19.tab /Applications/Utilities/libDAI-0.3.1/500/19/0/0.5/learned/2/alarm_0.fg 0 30 -3991.52 
0 0.5 /Applications/Utilities/libDAI-0.3.1/alarm/500/19.tab /Applications/Utilities/libDAI-0.3.1/500/19/0/0.5/learned/2/alarm_1.fg 1 39 -3943.25 
0 0.5 /Applications/Utilities/libDAI-0.3.1/alarm/500/19.tab /Applications/Utilities/libDAI-0.3.1/500/19/0/0.5/learned/2/alarm_2.fg 2 51 -3943.25 
0 0.5 /Applications/Utilities/libDAI-0.3.1/alarm/500/19.tab /Applications/Utilities/libDAI-0.3.1/500/19/0/0.5/learned/2/alarm_3.fg 3 52 -3941.61 
0 0.5 /Applications/Utilities/libDAI-0.3.1/alarm/500/19.tab /Applications/Utilities/libDAI-0.3.1/500/19/0/0.5/learned/3/alarm_0.fg 0 13 -3972 
0 0.5 /Applications/Utilities/libDAI-0.3.1/alarm/500/19.tab /Applications/Utilities/libDAI-0.3.1/500/19/0/0.5/learned/3/alarm_2.fg 2 27 -3946.01 
0 0.5 /Applications/Utilities/libDAI-0.3.1/alarm/500/19.tab /Applications/Utilities/libDAI-0.3.1/500/19/0/0.5/learned/3/alarm_3.fg 3 36 -3939.64 
0 0.5 /Applications/Utilities/libDAI-0.3.1/alarm/500/19.tab /Applications/Utilities/libDAI-0.3.1/500/19/0/0.5/learned/3/alarm_1.fg 1 48 -3939.58 
0 0.5 /Applications/Utilities/libDAI-0.3.1/alarm/500/19.tab /Applications/Utilities/libDAI-0.3.1/500/19/0/0.5/learned/4/alarm_2.fg 2 35 -3943.52 
0 0.5 /Applications/Utilities/libDAI-0.3.1/alarm/500/19.tab /Applications/Utilities/libDAI-0.3.1/500/19/0/0.5/learned/4/alarm_1.fg 1 41 -3943.51 
0 0.5 /Applications/Utilities/libDAI-0.3.1/alarm/500/19.tab /Applications/Utilities/libDAI-0.3.1/500/19/0/0.5/learned/4/alarm_3.fg 3 38 -3945.52 
0 0.5 /Applications/Utilities/libDAI-0.3.1/alarm/500/19.tab /Applications/Utilities/libDAI-0.3.1/500/19/0/0.5/learned/4/alarm_0.fg 0 65 -3940.58 
0 0.5 /Applications/Utilities/libDAI-0.3.1/alarm/500/19.tab /Applications/Utilities/libDAI-0.3.1/500/19/0/0.5/learned/5/alarm_3.fg 3 12 -3938.41 
0 0.5 /Applications/Utilities/libDAI-0.3.1/alarm/500/19.tab /Applications/Utilities/libDAI-0.3.1/500/19/0/0.5/learned/5/alarm_0.fg 0 23 -3939.75 
0 0.5 /Applications/Utilities/libDAI-0.3.1/alarm/500/19.tab /Applications/Utilities/libDAI-0.3.1/500/19/0/0.5/learned/5/alarm_2.fg 2 29 -3940.18 
0 0.5 /Applications/Utilities/libDAI-0.3.1/alarm/500/19.tab /Applications/Utilities/libDAI-0.3.1/500/19/0/0.5/learned/5/alarm_1.fg 1 37 -3943.95 
0 0.5 /Applications/Utilities/libDAI-0.3.1/alarm/500/19.tab /Applications/Utilities/libDAI-0.3.1/500/19/0/0.5/learned/6/alarm_3.fg 3 15 -3938.7 
0 0.5 /Applications/Utilities/libDAI-0.3.1/alarm/500/19.tab /Applications/Utilities/libDAI-0.3.1/500/19/0/0.5/learned/6/alarm_0.fg 0 56 -3938.98 
0 0.5 /Applications/Utilities/libDAI-0.3.1/alarm/500/19.tab /Applications/Utilities/libDAI-0.3.1/500/19/0/0.5/learned/6/alarm_1.fg 1 58 -3938.9 
0 0.5 /Applications/Utilities/libDAI-0.3.1/alarm/500/19.tab /Applications/Utilities/libDAI-0.3.1/500/19/0/0.5/learned/6/alarm_2.fg 2 105 -3937.44 
0 0.5 /Applications/Utilities/libDAI-0.3.1/alarm/500/19.tab /Applications/Utilities/libDAI-0.3.1/500/19/0/0.5/learned/7/alarm_2.fg 2 10 -3938.7 
0 0.5 /Applications/Utilities/libDAI-0.3.1/alarm/500/19.tab /Applications/Utilities/libDAI-0.3.1/500/19/0/0.5/learned/7/alarm_3.fg 3 69 -3938.81 
0 0.5 /Applications/Utilities/libDAI-0.3.1/alarm/500/19.tab /Applications/Utilities/libDAI-0.3.1/500/19/0/0.5/learned/7/alarm_0.fg 0 75 -3937.33 
0 0.5 /Applications/Utilities/libDAI-0.3.1/alarm/500/19.tab /Applications/Utilities/libDAI-0.3.1/500/19/0/0.5/learned/7/alarm_1.fg 1 93 -3938.96 
0 0.5 /Applications/Utilities/libDAI-0.3.1/alarm/500/19.tab /Applications/Utilities/libDAI-0.3.1/500/19/0/0.5/learned/8/alarm_1.fg 1 24 -3939.18 
0 0.5 /Applications/Utilities/libDAI-0.3.1/alarm/500/19.tab /Applications/Utilities/libDAI-0.3.1/500/19/0/0.5/learned/8/alarm_3.fg 3 32 -3939.16 
0 0.5 /Applications/Utilities/libDAI-0.3.1/alarm/500/19.tab /Applications/Utilities/libDAI-0.3.1/500/19/0/0.5/learned/8/alarm_2.fg 2 54 -3940.36 
0 0.5 /Applications/Utilities/libDAI-0.3.1/alarm/500/19.tab /Applications/Utilities/libDAI-0.3.1/500/19/0/0.5/learned/8/alarm_0.fg 0 67 -3937.73 
0 0.5 /Applications/Utilities/libDAI-0.3.1/alarm/500/19.tab /Applications/Utilities/libDAI-0.3.1/500/19/0/0.5/learned/9/alarm_0.fg 0 17 -3940.2 
0 0.5 /Applications/Utilities/libDAI-0.3.1/alarm/500/19.tab /Applications/Utilities/libDAI-0.3.1/500/19/0/0.5/learned/9/alarm_2.fg 2 34 -3939.27 
0 0.5 /Applications/Utilities/libDAI-0.3.1/alarm/500/19.tab /Applications/Utilities/libDAI-0.3.1/500/19/0/0.5/learned/9/alarm_1.fg 1 58 -3938.25 
0 0.5 /Applications/Utilities/libDAI-0.3.1/alarm/500/19.tab /Applications/Utilities/libDAI-0.3.1/500/19/0/0.5/learned/9/alarm_3.fg 3 99 -3937.39 
Time taken: 875s
 Processor Time taken: 2459s
