0 0.5 /Applications/Utilities/libDAI-0.3.1/alarm/500/alarm_2.tab 0 3 -5087.16 
0 0.5 /Applications/Utilities/libDAI-0.3.1/alarm/500/alarm_2.tab 2 3 -5087.16 
0 0.5 /Applications/Utilities/libDAI-0.3.1/alarm/500/alarm_2.tab 3 3 -5087.16 
0 0.5 /Applications/Utilities/libDAI-0.3.1/alarm/500/alarm_2.tab 4 3 -5087.16 
0 0.5 /Applications/Utilities/libDAI-0.3.1/alarm/500/alarm_2.tab 5 3 -5087.16 
0 0.5 /Applications/Utilities/libDAI-0.3.1/alarm/500/alarm_2.tab 6 3 -5087.16 
0 0.5 /Applications/Utilities/libDAI-0.3.1/alarm/500/alarm_2.tab 7 3 -5087.16 
0 0.5 /Applications/Utilities/libDAI-0.3.1/alarm/500/alarm_2.tab 1 3 -5087.16 
0 0.5 /Applications/Utilities/libDAI-0.3.1/alarm/500/alarm_2.tab 9 3 -5087.16 
0 0.5 /Applications/Utilities/libDAI-0.3.1/alarm/500/alarm_2.tab 10 3 -5087.16 
0 0.5 /Applications/Utilities/libDAI-0.3.1/alarm/500/alarm_2.tab 11 3 -5087.16 
0 0.5 /Applications/Utilities/libDAI-0.3.1/alarm/500/alarm_2.tab 12 3 -5087.16 
0 0.5 /Applications/Utilities/libDAI-0.3.1/alarm/500/alarm_2.tab 13 3 -5087.16 
0 0.5 /Applications/Utilities/libDAI-0.3.1/alarm/500/alarm_2.tab 14 3 -5087.16 
0 0.5 /Applications/Utilities/libDAI-0.3.1/alarm/500/alarm_2.tab 15 3 -5087.16 
0 0.5 /Applications/Utilities/libDAI-0.3.1/alarm/500/alarm_2.tab 16 3 -5087.16 
0 0.5 /Applications/Utilities/libDAI-0.3.1/alarm/500/alarm_2.tab 17 3 -5087.16 
0 0.5 /Applications/Utilities/libDAI-0.3.1/alarm/500/alarm_2.tab 18 3 -5087.16 
0 0.5 /Applications/Utilities/libDAI-0.3.1/alarm/500/alarm_2.tab 19 3 -5087.16 
0 0.5 /Applications/Utilities/libDAI-0.3.1/alarm/500/alarm_2.tab 8 3 -5087.16 
