0 0.5 /Applications/Utilities/libDAI-0.3.1/Recodata/Movie5NodeBN1/u1base200.tab /Applications/Utilities/libDAI-0.3.1/Recodata/Movie5NodeBN1_EM/0/0.5/learned/0/Movie4NodeBN1_0.fg 0 3 -89135.7 
0 0.5 /Applications/Utilities/libDAI-0.3.1/Recodata/Movie5NodeBN1/u1base200.tab /Applications/Utilities/libDAI-0.3.1/Recodata/Movie5NodeBN1_EM/0/0.5/learned/0/Movie4NodeBN1_2.fg 2 3 -89150.8 
0 0.5 /Applications/Utilities/libDAI-0.3.1/Recodata/Movie5NodeBN1/u1base200.tab /Applications/Utilities/libDAI-0.3.1/Recodata/Movie5NodeBN1_EM/0/0.5/learned/0/Movie4NodeBN1_3.fg 3 3 -89135.2 
0 0.5 /Applications/Utilities/libDAI-0.3.1/Recodata/Movie5NodeBN1/u1base200.tab /Applications/Utilities/libDAI-0.3.1/Recodata/Movie5NodeBN1_EM/0/0.5/learned/0/Movie4NodeBN1_1.fg 1 3 -89162.2 
0 0.5 /Applications/Utilities/libDAI-0.3.1/Recodata/Movie5NodeBN1/u1base200.tab /Applications/Utilities/libDAI-0.3.1/Recodata/Movie5NodeBN1_EM/0/0.5/learned/1/Movie4NodeBN1_1.fg 1 6 -89030.1 
0 0.5 /Applications/Utilities/libDAI-0.3.1/Recodata/Movie5NodeBN1/u1base200.tab /Applications/Utilities/libDAI-0.3.1/Recodata/Movie5NodeBN1_EM/0/0.5/learned/1/Movie4NodeBN1_2.fg 2 6 -89046.6 
0 0.5 /Applications/Utilities/libDAI-0.3.1/Recodata/Movie5NodeBN1/u1base200.tab /Applications/Utilities/libDAI-0.3.1/Recodata/Movie5NodeBN1_EM/0/0.5/learned/1/Movie4NodeBN1_0.fg 0 7 -88969.6 
0 0.5 /Applications/Utilities/libDAI-0.3.1/Recodata/Movie5NodeBN1/u1base200.tab /Applications/Utilities/libDAI-0.3.1/Recodata/Movie5NodeBN1_EM/0/0.5/learned/1/Movie4NodeBN1_3.fg 3 7 -89018.1 
0 0.5 /Applications/Utilities/libDAI-0.3.1/Recodata/Movie5NodeBN1/u1base200.tab /Applications/Utilities/libDAI-0.3.1/Recodata/Movie5NodeBN1_EM/0/0.5/learned/2/Movie4NodeBN1_0.fg 0 3 -89138.2 
0 0.5 /Applications/Utilities/libDAI-0.3.1/Recodata/Movie5NodeBN1/u1base200.tab /Applications/Utilities/libDAI-0.3.1/Recodata/Movie5NodeBN1_EM/0/0.5/learned/2/Movie4NodeBN1_2.fg 2 3 -89126.1 
0 0.5 /Applications/Utilities/libDAI-0.3.1/Recodata/Movie5NodeBN1/u1base200.tab /Applications/Utilities/libDAI-0.3.1/Recodata/Movie5NodeBN1_EM/0/0.5/learned/2/Movie4NodeBN1_1.fg 1 3 -89118.2 
0 0.5 /Applications/Utilities/libDAI-0.3.1/Recodata/Movie5NodeBN1/u1base200.tab /Applications/Utilities/libDAI-0.3.1/Recodata/Movie5NodeBN1_EM/0/0.5/learned/2/Movie4NodeBN1_3.fg 3 7 -88970.5 
0 0.5 /Applications/Utilities/libDAI-0.3.1/Recodata/Movie5NodeBN1/u1base200.tab /Applications/Utilities/libDAI-0.3.1/Recodata/Movie5NodeBN1_EM/0/0.5/learned/3/Movie4NodeBN1_0.fg 0 3 -89141.8 
0 0.5 /Applications/Utilities/libDAI-0.3.1/Recodata/Movie5NodeBN1/u1base200.tab /Applications/Utilities/libDAI-0.3.1/Recodata/Movie5NodeBN1_EM/0/0.5/learned/3/Movie4NodeBN1_1.fg 1 3 -89149.3 
0 0.5 /Applications/Utilities/libDAI-0.3.1/Recodata/Movie5NodeBN1/u1base200.tab /Applications/Utilities/libDAI-0.3.1/Recodata/Movie5NodeBN1_EM/0/0.5/learned/3/Movie4NodeBN1_3.fg 3 5 -89064.8 
0 0.5 /Applications/Utilities/libDAI-0.3.1/Recodata/Movie5NodeBN1/u1base200.tab /Applications/Utilities/libDAI-0.3.1/Recodata/Movie5NodeBN1_EM/0/0.5/learned/3/Movie4NodeBN1_2.fg 2 8 -88852.7 
0 0.5 /Applications/Utilities/libDAI-0.3.1/Recodata/Movie5NodeBN1/u1base200.tab /Applications/Utilities/libDAI-0.3.1/Recodata/Movie5NodeBN1_EM/0/0.5/learned/4/Movie4NodeBN1_0.fg 0 3 -89137.2 
0 0.5 /Applications/Utilities/libDAI-0.3.1/Recodata/Movie5NodeBN1/u1base200.tab /Applications/Utilities/libDAI-0.3.1/Recodata/Movie5NodeBN1_EM/0/0.5/learned/4/Movie4NodeBN1_2.fg 2 3 -89122.9 
0 0.5 /Applications/Utilities/libDAI-0.3.1/Recodata/Movie5NodeBN1/u1base200.tab /Applications/Utilities/libDAI-0.3.1/Recodata/Movie5NodeBN1_EM/0/0.5/learned/4/Movie4NodeBN1_3.fg 3 3 -89131.7 
0 0.5 /Applications/Utilities/libDAI-0.3.1/Recodata/Movie5NodeBN1/u1base200.tab /Applications/Utilities/libDAI-0.3.1/Recodata/Movie5NodeBN1_EM/0/0.5/learned/4/Movie4NodeBN1_1.fg 1 3 -89090.6 
0 0.5 /Applications/Utilities/libDAI-0.3.1/Recodata/Movie5NodeBN1/u1base200.tab /Applications/Utilities/libDAI-0.3.1/Recodata/Movie5NodeBN1_EM/0/0.5/learned/5/Movie4NodeBN1_0.fg 0 3 -89139.9 
0 0.5 /Applications/Utilities/libDAI-0.3.1/Recodata/Movie5NodeBN1/u1base200.tab /Applications/Utilities/libDAI-0.3.1/Recodata/Movie5NodeBN1_EM/0/0.5/learned/5/Movie4NodeBN1_2.fg 2 3 -89120.7 
0 0.5 /Applications/Utilities/libDAI-0.3.1/Recodata/Movie5NodeBN1/u1base200.tab /Applications/Utilities/libDAI-0.3.1/Recodata/Movie5NodeBN1_EM/0/0.5/learned/5/Movie4NodeBN1_3.fg 3 3 -89106 
0 0.5 /Applications/Utilities/libDAI-0.3.1/Recodata/Movie5NodeBN1/u1base200.tab /Applications/Utilities/libDAI-0.3.1/Recodata/Movie5NodeBN1_EM/0/0.5/learned/5/Movie4NodeBN1_1.fg 1 3 -89139.3 
0 0.5 /Applications/Utilities/libDAI-0.3.1/Recodata/Movie5NodeBN1/u1base200.tab /Applications/Utilities/libDAI-0.3.1/Recodata/Movie5NodeBN1_EM/0/0.5/learned/6/Movie4NodeBN1_0.fg 0 3 -89114 
0 0.5 /Applications/Utilities/libDAI-0.3.1/Recodata/Movie5NodeBN1/u1base200.tab /Applications/Utilities/libDAI-0.3.1/Recodata/Movie5NodeBN1_EM/0/0.5/learned/6/Movie4NodeBN1_2.fg 2 3 -89158.1 
0 0.5 /Applications/Utilities/libDAI-0.3.1/Recodata/Movie5NodeBN1/u1base200.tab /Applications/Utilities/libDAI-0.3.1/Recodata/Movie5NodeBN1_EM/0/0.5/learned/6/Movie4NodeBN1_3.fg 3 3 -89115.2 
0 0.5 /Applications/Utilities/libDAI-0.3.1/Recodata/Movie5NodeBN1/u1base200.tab /Applications/Utilities/libDAI-0.3.1/Recodata/Movie5NodeBN1_EM/0/0.5/learned/6/Movie4NodeBN1_1.fg 1 3 -89086.8 
0 0.5 /Applications/Utilities/libDAI-0.3.1/Recodata/Movie5NodeBN1/u1base200.tab /Applications/Utilities/libDAI-0.3.1/Recodata/Movie5NodeBN1_EM/0/0.5/learned/7/Movie4NodeBN1_0.fg 0 3 -89132.7 
0 0.5 /Applications/Utilities/libDAI-0.3.1/Recodata/Movie5NodeBN1/u1base200.tab /Applications/Utilities/libDAI-0.3.1/Recodata/Movie5NodeBN1_EM/0/0.5/learned/7/Movie4NodeBN1_2.fg 2 3 -89129.8 
0 0.5 /Applications/Utilities/libDAI-0.3.1/Recodata/Movie5NodeBN1/u1base200.tab /Applications/Utilities/libDAI-0.3.1/Recodata/Movie5NodeBN1_EM/0/0.5/learned/7/Movie4NodeBN1_3.fg 3 3 -89130.6 
0 0.5 /Applications/Utilities/libDAI-0.3.1/Recodata/Movie5NodeBN1/u1base200.tab /Applications/Utilities/libDAI-0.3.1/Recodata/Movie5NodeBN1_EM/0/0.5/learned/7/Movie4NodeBN1_1.fg 1 3 -89131.4 
0 0.5 /Applications/Utilities/libDAI-0.3.1/Recodata/Movie5NodeBN1/u1base200.tab /Applications/Utilities/libDAI-0.3.1/Recodata/Movie5NodeBN1_EM/0/0.5/learned/8/Movie4NodeBN1_0.fg 0 3 -89143.6 
0 0.5 /Applications/Utilities/libDAI-0.3.1/Recodata/Movie5NodeBN1/u1base200.tab /Applications/Utilities/libDAI-0.3.1/Recodata/Movie5NodeBN1_EM/0/0.5/learned/8/Movie4NodeBN1_2.fg 2 3 -89118.6 
0 0.5 /Applications/Utilities/libDAI-0.3.1/Recodata/Movie5NodeBN1/u1base200.tab /Applications/Utilities/libDAI-0.3.1/Recodata/Movie5NodeBN1_EM/0/0.5/learned/8/Movie4NodeBN1_3.fg 3 3 -89131.5 
0 0.5 /Applications/Utilities/libDAI-0.3.1/Recodata/Movie5NodeBN1/u1base200.tab /Applications/Utilities/libDAI-0.3.1/Recodata/Movie5NodeBN1_EM/0/0.5/learned/8/Movie4NodeBN1_1.fg 1 3 -89127.9 
0 0.5 /Applications/Utilities/libDAI-0.3.1/Recodata/Movie5NodeBN1/u1base200.tab /Applications/Utilities/libDAI-0.3.1/Recodata/Movie5NodeBN1_EM/0/0.5/learned/9/Movie4NodeBN1_0.fg 0 3 -89139.4 
0 0.5 /Applications/Utilities/libDAI-0.3.1/Recodata/Movie5NodeBN1/u1base200.tab /Applications/Utilities/libDAI-0.3.1/Recodata/Movie5NodeBN1_EM/0/0.5/learned/9/Movie4NodeBN1_2.fg 2 3 -89132.8 
0 0.5 /Applications/Utilities/libDAI-0.3.1/Recodata/Movie5NodeBN1/u1base200.tab /Applications/Utilities/libDAI-0.3.1/Recodata/Movie5NodeBN1_EM/0/0.5/learned/9/Movie4NodeBN1_1.fg 1 3 -89146.1 
0 0.5 /Applications/Utilities/libDAI-0.3.1/Recodata/Movie5NodeBN1/u1base200.tab /Applications/Utilities/libDAI-0.3.1/Recodata/Movie5NodeBN1_EM/0/0.5/learned/9/Movie4NodeBN1_3.fg 3 7 -88957.6 
Time taken: 965s
 Processor Time taken: 2936s
