1  3  -89018.1 7
1  2  -89046.6 6
1  0  -88969.6 7
1  1  -89030.1 6
2  2  -89046.6 6
2  1  -89030.1 6
2  0  -88969.6 7
2  3  -88970.5 7
3  3  -88970.5 7
3  0  -88969.6 7
3  1  -89030.1 6
3  2  -88852.7 8
4  0  -88969.6 7
4  1  -89030.1 6
4  2  -88852.7 8
4  3  -88970.5 7
5  2  -88852.7 8
5  0  -88969.6 7
5  1  -89030.1 6
5  3  -88970.5 7
6  1  -89030.1 6
6  2  -88852.7 8
6  0  -88969.6 7
6  3  -88970.5 7
7  3  -88970.5 7
7  2  -88852.7 8
7  0  -88969.6 7
7  1  -89030.1 6
8  2  -88852.7 8
8  1  -89030.1 6
8  0  -88969.6 7
8  3  -88970.5 7
9  0  -88969.6 7
9  3  -88957.6 7
9  2  -88852.7 8
9  1  -89030.1 6
