0 1 /Applications/Utilities/libDAI-0.3.1/Recodata/Movie4NodeBN1/u1base200.tab /Applications/Utilities/libDAI-0.3.1/Recodata/Movie4NodeBN2_EM1/0/1/learned/0/Movie4NodeBN2_0.fg 0 5 -88901.7 
0 1 /Applications/Utilities/libDAI-0.3.1/Recodata/Movie4NodeBN1/u1base200.tab /Applications/Utilities/libDAI-0.3.1/Recodata/Movie4NodeBN2_EM1/0/1/learned/0/Movie4NodeBN2_3.fg 3 5 -88100 
0 1 /Applications/Utilities/libDAI-0.3.1/Recodata/Movie4NodeBN1/u1base200.tab /Applications/Utilities/libDAI-0.3.1/Recodata/Movie4NodeBN2_EM1/0/1/learned/0/Movie4NodeBN2_2.fg 2 6 -88791.6 
0 1 /Applications/Utilities/libDAI-0.3.1/Recodata/Movie4NodeBN1/u1base200.tab /Applications/Utilities/libDAI-0.3.1/Recodata/Movie4NodeBN2_EM1/0/1/learned/0/Movie4NodeBN2_1.fg 1 8 -88868.5 
0 1 /Applications/Utilities/libDAI-0.3.1/Recodata/Movie4NodeBN1/u1base200.tab /Applications/Utilities/libDAI-0.3.1/Recodata/Movie4NodeBN2_EM1/0/1/learned/1/Movie4NodeBN2_0.fg 0 3 -88977.6 
0 1 /Applications/Utilities/libDAI-0.3.1/Recodata/Movie4NodeBN1/u1base200.tab /Applications/Utilities/libDAI-0.3.1/Recodata/Movie4NodeBN2_EM1/0/1/learned/1/Movie4NodeBN2_2.fg 2 3 -89737.2 
0 1 /Applications/Utilities/libDAI-0.3.1/Recodata/Movie4NodeBN1/u1base200.tab /Applications/Utilities/libDAI-0.3.1/Recodata/Movie4NodeBN2_EM1/0/1/learned/1/Movie4NodeBN2_3.fg 3 3 -88881.9 
0 1 /Applications/Utilities/libDAI-0.3.1/Recodata/Movie4NodeBN1/u1base200.tab /Applications/Utilities/libDAI-0.3.1/Recodata/Movie4NodeBN2_EM1/0/1/learned/1/Movie4NodeBN2_1.fg 1 5 -88953 
0 1 /Applications/Utilities/libDAI-0.3.1/Recodata/Movie4NodeBN1/u1base200.tab /Applications/Utilities/libDAI-0.3.1/Recodata/Movie4NodeBN2_EM1/0/1/learned/2/Movie4NodeBN2_0.fg 0 3 -88977.6 
0 1 /Applications/Utilities/libDAI-0.3.1/Recodata/Movie4NodeBN1/u1base200.tab /Applications/Utilities/libDAI-0.3.1/Recodata/Movie4NodeBN2_EM1/0/1/learned/2/Movie4NodeBN2_3.fg 3 3 -88877.4 
0 1 /Applications/Utilities/libDAI-0.3.1/Recodata/Movie4NodeBN1/u1base200.tab /Applications/Utilities/libDAI-0.3.1/Recodata/Movie4NodeBN2_EM1/0/1/learned/2/Movie4NodeBN2_1.fg 1 3 -88975.5 
0 1 /Applications/Utilities/libDAI-0.3.1/Recodata/Movie4NodeBN1/u1base200.tab /Applications/Utilities/libDAI-0.3.1/Recodata/Movie4NodeBN2_EM1/0/1/learned/2/Movie4NodeBN2_2.fg 2 5 -88953 
0 1 /Applications/Utilities/libDAI-0.3.1/Recodata/Movie4NodeBN1/u1base200.tab /Applications/Utilities/libDAI-0.3.1/Recodata/Movie4NodeBN2_EM1/0/1/learned/3/Movie4NodeBN2_0.fg 0 3 -88850.6 
0 1 /Applications/Utilities/libDAI-0.3.1/Recodata/Movie4NodeBN1/u1base200.tab /Applications/Utilities/libDAI-0.3.1/Recodata/Movie4NodeBN2_EM1/0/1/learned/3/Movie4NodeBN2_2.fg 2 3 -89009.3 
0 1 /Applications/Utilities/libDAI-0.3.1/Recodata/Movie4NodeBN1/u1base200.tab /Applications/Utilities/libDAI-0.3.1/Recodata/Movie4NodeBN2_EM1/0/1/learned/3/Movie4NodeBN2_3.fg 3 3 -88967.5 
0 1 /Applications/Utilities/libDAI-0.3.1/Recodata/Movie4NodeBN1/u1base200.tab /Applications/Utilities/libDAI-0.3.1/Recodata/Movie4NodeBN2_EM1/0/1/learned/3/Movie4NodeBN2_1.fg 1 5 -88953 
0 1 /Applications/Utilities/libDAI-0.3.1/Recodata/Movie4NodeBN1/u1base200.tab /Applications/Utilities/libDAI-0.3.1/Recodata/Movie4NodeBN2_EM1/0/1/learned/4/Movie4NodeBN2_2.fg 2 3 -88975.5 
0 1 /Applications/Utilities/libDAI-0.3.1/Recodata/Movie4NodeBN1/u1base200.tab /Applications/Utilities/libDAI-0.3.1/Recodata/Movie4NodeBN2_EM1/0/1/learned/4/Movie4NodeBN2_1.fg 1 4 -88953 
0 1 /Applications/Utilities/libDAI-0.3.1/Recodata/Movie4NodeBN1/u1base200.tab /Applications/Utilities/libDAI-0.3.1/Recodata/Movie4NodeBN2_EM1/0/1/learned/4/Movie4NodeBN2_3.fg 3 3 -88877.4 
0 1 /Applications/Utilities/libDAI-0.3.1/Recodata/Movie4NodeBN1/u1base200.tab /Applications/Utilities/libDAI-0.3.1/Recodata/Movie4NodeBN2_EM1/0/1/learned/4/Movie4NodeBN2_0.fg 0 6 -88953 
0 1 /Applications/Utilities/libDAI-0.3.1/Recodata/Movie4NodeBN1/u1base200.tab /Applications/Utilities/libDAI-0.3.1/Recodata/Movie4NodeBN2_EM1/0/1/learned/5/Movie4NodeBN2_0.fg 0 3 -88951.7 
0 1 /Applications/Utilities/libDAI-0.3.1/Recodata/Movie4NodeBN1/u1base200.tab /Applications/Utilities/libDAI-0.3.1/Recodata/Movie4NodeBN2_EM1/0/1/learned/5/Movie4NodeBN2_2.fg 2 3 -88848.2 
0 1 /Applications/Utilities/libDAI-0.3.1/Recodata/Movie4NodeBN1/u1base200.tab /Applications/Utilities/libDAI-0.3.1/Recodata/Movie4NodeBN2_EM1/0/1/learned/5/Movie4NodeBN2_3.fg 3 3 -88952.9 
0 1 /Applications/Utilities/libDAI-0.3.1/Recodata/Movie4NodeBN1/u1base200.tab /Applications/Utilities/libDAI-0.3.1/Recodata/Movie4NodeBN2_EM1/0/1/learned/5/Movie4NodeBN2_1.fg 1 5 -88953 
0 1 /Applications/Utilities/libDAI-0.3.1/Recodata/Movie4NodeBN1/u1base200.tab /Applications/Utilities/libDAI-0.3.1/Recodata/Movie4NodeBN2_EM1/0/1/learned/6/Movie4NodeBN2_3.fg 3 3 -88877.4 
0 1 /Applications/Utilities/libDAI-0.3.1/Recodata/Movie4NodeBN1/u1base200.tab /Applications/Utilities/libDAI-0.3.1/Recodata/Movie4NodeBN2_EM1/0/1/learned/6/Movie4NodeBN2_1.fg 1 5 -88953 
0 1 /Applications/Utilities/libDAI-0.3.1/Recodata/Movie4NodeBN1/u1base200.tab /Applications/Utilities/libDAI-0.3.1/Recodata/Movie4NodeBN2_EM1/0/1/learned/6/Movie4NodeBN2_2.fg 2 5 -88953 
0 1 /Applications/Utilities/libDAI-0.3.1/Recodata/Movie4NodeBN1/u1base200.tab /Applications/Utilities/libDAI-0.3.1/Recodata/Movie4NodeBN2_EM1/0/1/learned/6/Movie4NodeBN2_0.fg 0 6 -88952.9 
0 1 /Applications/Utilities/libDAI-0.3.1/Recodata/Movie4NodeBN1/u1base200.tab /Applications/Utilities/libDAI-0.3.1/Recodata/Movie4NodeBN2_EM1/0/1/learned/7/Movie4NodeBN2_0.fg 0 3 -88951.7 
0 1 /Applications/Utilities/libDAI-0.3.1/Recodata/Movie4NodeBN1/u1base200.tab /Applications/Utilities/libDAI-0.3.1/Recodata/Movie4NodeBN2_EM1/0/1/learned/7/Movie4NodeBN2_2.fg 2 3 -88975.5 
0 1 /Applications/Utilities/libDAI-0.3.1/Recodata/Movie4NodeBN1/u1base200.tab /Applications/Utilities/libDAI-0.3.1/Recodata/Movie4NodeBN2_EM1/0/1/learned/7/Movie4NodeBN2_3.fg 3 3 -88957.6 
0 1 /Applications/Utilities/libDAI-0.3.1/Recodata/Movie4NodeBN1/u1base200.tab /Applications/Utilities/libDAI-0.3.1/Recodata/Movie4NodeBN2_EM1/0/1/learned/7/Movie4NodeBN2_1.fg 1 3 -88879.5 
0 1 /Applications/Utilities/libDAI-0.3.1/Recodata/Movie4NodeBN1/u1base200.tab /Applications/Utilities/libDAI-0.3.1/Recodata/Movie4NodeBN2_EM1/0/1/learned/8/Movie4NodeBN2_0.fg 0 3 -88877.4 
0 1 /Applications/Utilities/libDAI-0.3.1/Recodata/Movie4NodeBN1/u1base200.tab /Applications/Utilities/libDAI-0.3.1/Recodata/Movie4NodeBN2_EM1/0/1/learned/8/Movie4NodeBN2_2.fg 2 3 -88953 
0 1 /Applications/Utilities/libDAI-0.3.1/Recodata/Movie4NodeBN1/u1base200.tab /Applications/Utilities/libDAI-0.3.1/Recodata/Movie4NodeBN2_EM1/0/1/learned/8/Movie4NodeBN2_3.fg 3 3 -88951.7 
0 1 /Applications/Utilities/libDAI-0.3.1/Recodata/Movie4NodeBN1/u1base200.tab /Applications/Utilities/libDAI-0.3.1/Recodata/Movie4NodeBN2_EM1/0/1/learned/8/Movie4NodeBN2_1.fg 1 5 -88952.9 
0 1 /Applications/Utilities/libDAI-0.3.1/Recodata/Movie4NodeBN1/u1base200.tab /Applications/Utilities/libDAI-0.3.1/Recodata/Movie4NodeBN2_EM1/0/1/learned/9/Movie4NodeBN2_2.fg 2 3 -88975.5 
0 1 /Applications/Utilities/libDAI-0.3.1/Recodata/Movie4NodeBN1/u1base200.tab /Applications/Utilities/libDAI-0.3.1/Recodata/Movie4NodeBN2_EM1/0/1/learned/9/Movie4NodeBN2_1.fg 1 4 -88953 
0 1 /Applications/Utilities/libDAI-0.3.1/Recodata/Movie4NodeBN1/u1base200.tab /Applications/Utilities/libDAI-0.3.1/Recodata/Movie4NodeBN2_EM1/0/1/learned/9/Movie4NodeBN2_3.fg 3 3 -88877.4 
0 1 /Applications/Utilities/libDAI-0.3.1/Recodata/Movie4NodeBN1/u1base200.tab /Applications/Utilities/libDAI-0.3.1/Recodata/Movie4NodeBN2_EM1/0/1/learned/9/Movie4NodeBN2_0.fg 0 6 -88953 
Time taken: 807s
 Processor Time taken: 2453s
